{"G:\\gem\\stunning-pancake\\mobile\\src\\bootstrap\\AuthScreen.tsx": {"path":"G:\\gem\\stunning-pancake\\mobile\\src\\bootstrap\\AuthScreen.tsx","statementMap":{"0":{"start":{"line":36,"column":12},"end":{"line":36,"column":18}},"1":{"start":{"line":37,"column":15},"end":{"line":37,"column":30}},"2":{"start":{"line":38,"column":40},"end":{"line":38,"column":59}},"3":{"start":{"line":39,"column":16},"end":{"line":39,"column":25}},"4":{"start":{"line":41,"column":2},"end":{"line":164,"column":4}},"5":{"start":{"line":88,"column":41},"end":{"line":88,"column":61}},"6":{"start":{"line":95,"column":39},"end":{"line":95,"column":56}},"7":{"start":{"line":102,"column":39},"end":{"line":102,"column":59}},"8":{"start":{"line":109,"column":41},"end":{"line":109,"column":68}},"9":{"start":{"line":149,"column":25},"end":{"line":149,"column":48}},"10":{"start":{"line":156,"column":25},"end":{"line":156,"column":50}}},"fnMap":{"0":{"name":"AuthScreen","decl":{"start":{"line":35,"column":16},"end":{"line":35,"column":26}},"loc":{"start":{"line":35,"column":116},"end":{"line":165,"column":1}},"line":35},"1":{"name":"(anonymous_1)","decl":{"start":{"line":88,"column":26},"end":{"line":88,"column":27}},"loc":{"start":{"line":88,"column":41},"end":{"line":88,"column":61}},"line":88},"2":{"name":"(anonymous_2)","decl":{"start":{"line":95,"column":24},"end":{"line":95,"column":25}},"loc":{"start":{"line":95,"column":39},"end":{"line":95,"column":56}},"line":95},"3":{"name":"(anonymous_3)","decl":{"start":{"line":102,"column":24},"end":{"line":102,"column":25}},"loc":{"start":{"line":102,"column":39},"end":{"line":102,"column":59}},"line":102},"4":{"name":"(anonymous_4)","decl":{"start":{"line":109,"column":26},"end":{"line":109,"column":27}},"loc":{"start":{"line":109,"column":41},"end":{"line":109,"column":68}},"line":109},"5":{"name":"(anonymous_5)","decl":{"start":{"line":149,"column":19},"end":{"line":149,"column":20}},"loc":{"start":{"line":149,"column":25},"end":{"line":149,"column":48}},"line":149},"6":{"name":"(anonymous_6)","decl":{"start":{"line":156,"column":19},"end":{"line":156,"column":20}},"loc":{"start":{"line":156,"column":25},"end":{"line":156,"column":50}},"line":156}},"branchMap":{"0":{"loc":{"start":{"line":42,"column":45},"end":{"line":42,"column":92}},"type":"cond-expr","locations":[{"start":{"line":42,"column":64},"end":{"line":42,"column":77}},{"start":{"line":42,"column":80},"end":{"line":42,"column":92}}],"line":42},"1":{"loc":{"start":{"line":43,"column":51},"end":{"line":43,"column":85}},"type":"cond-expr","locations":[{"start":{"line":43,"column":70},"end":{"line":43,"column":76}},{"start":{"line":43,"column":79},"end":{"line":43,"column":85}}],"line":43},"2":{"loc":{"start":{"line":45,"column":7},"end":{"line":52,"column":14}},"type":"cond-expr","locations":[{"start":{"line":46,"column":8},"end":{"line":51,"column":10}},{"start":{"line":52,"column":10},"end":{"line":52,"column":14}}],"line":45},"3":{"loc":{"start":{"line":59,"column":23},"end":{"line":59,"column":53}},"type":"binary-expr","locations":[{"start":{"line":59,"column":23},"end":{"line":59,"column":35}},{"start":{"line":59,"column":39},"end":{"line":59,"column":53}}],"line":59},"4":{"loc":{"start":{"line":70,"column":11},"end":{"line":70,"column":98}},"type":"cond-expr","locations":[{"start":{"line":70,"column":30},"end":{"line":70,"column":61}},{"start":{"line":70,"column":64},"end":{"line":70,"column":98}}],"line":70},"5":{"loc":{"start":{"line":79,"column":23},"end":{"line":79,"column":53}},"type":"binary-expr","locations":[{"start":{"line":79,"column":23},"end":{"line":79,"column":35}},{"start":{"line":79,"column":39},"end":{"line":79,"column":53}}],"line":79},"6":{"loc":{"start":{"line":84,"column":9},"end":{"line":90,"column":9}},"type":"binary-expr","locations":[{"start":{"line":84,"column":9},"end":{"line":84,"column":28}},{"start":{"line":85,"column":10},"end":{"line":89,"column":12}}],"line":84},"7":{"loc":{"start":{"line":105,"column":9},"end":{"line":112,"column":9}},"type":"binary-expr","locations":[{"start":{"line":105,"column":9},"end":{"line":105,"column":28}},{"start":{"line":106,"column":10},"end":{"line":111,"column":12}}],"line":105},"8":{"loc":{"start":{"line":121,"column":23},"end":{"line":121,"column":53}},"type":"binary-expr","locations":[{"start":{"line":121,"column":23},"end":{"line":121,"column":35}},{"start":{"line":121,"column":39},"end":{"line":121,"column":53}}],"line":121},"9":{"loc":{"start":{"line":131,"column":12},"end":{"line":135,"column":39}},"type":"cond-expr","locations":[{"start":{"line":132,"column":16},"end":{"line":132,"column":47}},{"start":{"line":133,"column":16},"end":{"line":135,"column":39}}],"line":131},"10":{"loc":{"start":{"line":133,"column":16},"end":{"line":135,"column":39}},"type":"cond-expr","locations":[{"start":{"line":134,"column":18},"end":{"line":134,"column":36}},{"start":{"line":135,"column":18},"end":{"line":135,"column":39}}],"line":133},"11":{"loc":{"start":{"line":141,"column":17},"end":{"line":141,"column":106}},"type":"cond-expr","locations":[{"start":{"line":141,"column":36},"end":{"line":141,"column":71}},{"start":{"line":141,"column":74},"end":{"line":141,"column":106}}],"line":141}},"s":{"0":1,"1":1,"2":1,"3":1,"4":1,"5":0,"6":0,"7":0,"8":0,"9":0,"10":0},"f":{"0":1,"1":0,"2":0,"3":0,"4":0,"5":0,"6":0},"b":{"0":[1,0],"1":[1,0],"2":[0,1],"3":[1,1],"4":[1,0],"5":[1,1],"6":[1,0],"7":[1,0],"8":[1,1],"9":[0,1],"10":[1,0],"11":[1,0]},"_coverageSchema":"1a1c01bbd47fc00a2c39e90264f33305004495a9","hash":"1224583112e16172827c73f9271bc47154ee67ee"}
,"G:\\gem\\stunning-pancake\\mobile\\src\\bootstrap\\ErrorBoundary.tsx": {"path":"G:\\gem\\stunning-pancake\\mobile\\src\\bootstrap\\ErrorBoundary.tsx","statementMap":{"0":{"start":{"line":10,"column":4},"end":{"line":10,"column":17}},"1":{"start":{"line":11,"column":4},"end":{"line":11,"column":50}},"2":{"start":{"line":15,"column":4},"end":{"line":15,"column":37}},"3":{"start":{"line":19,"column":4},"end":{"line":59,"column":5}},"4":{"start":{"line":20,"column":43},"end":{"line":20,"column":45}},"5":{"start":{"line":21,"column":6},"end":{"line":26,"column":7}},"6":{"start":{"line":22,"column":8},"end":{"line":23,"column":25}},"7":{"start":{"line":27,"column":23},"end":{"line":31,"column":7}},"8":{"start":{"line":32,"column":16},"end":{"line":32,"column":42}},"9":{"start":{"line":33,"column":6},"end":{"line":58,"column":8}},"10":{"start":{"line":60,"column":4},"end":{"line":60,"column":31}}},"fnMap":{"0":{"name":"(anonymous_0)","decl":{"start":{"line":9,"column":2},"end":{"line":9,"column":3}},"loc":{"start":{"line":9,"column":52},"end":{"line":12,"column":3}},"line":9},"1":{"name":"(anonymous_1)","decl":{"start":{"line":14,"column":2},"end":{"line":14,"column":3}},"loc":{"start":{"line":14,"column":50},"end":{"line":16,"column":3}},"line":14},"2":{"name":"(anonymous_2)","decl":{"start":{"line":18,"column":2},"end":{"line":18,"column":3}},"loc":{"start":{"line":18,"column":11},"end":{"line":61,"column":3}},"line":18}},"branchMap":{"0":{"loc":{"start":{"line":19,"column":4},"end":{"line":59,"column":5}},"type":"if","locations":[{"start":{"line":19,"column":4},"end":{"line":59,"column":5}},{"start":{},"end":{}}],"line":19},"1":{"loc":{"start":{"line":22,"column":17},"end":{"line":23,"column":24}},"type":"binary-expr","locations":[{"start":{"line":22,"column":17},"end":{"line":23,"column":18}},{"start":{"line":23,"column":22},"end":{"line":23,"column":24}}],"line":22},"2":{"loc":{"start":{"line":53,"column":13},"end":{"line":55,"column":66}},"type":"cond-expr","locations":[{"start":{"line":54,"column":16},"end":{"line":54,"column":40}},{"start":{"line":55,"column":16},"end":{"line":55,"column":66}}],"line":53},"3":{"loc":{"start":{"line":55,"column":23},"end":{"line":55,"column":65}},"type":"binary-expr","locations":[{"start":{"line":55,"column":23},"end":{"line":55,"column":39}},{"start":{"line":55,"column":43},"end":{"line":55,"column":65}}],"line":55}},"s":{"0":0,"1":0,"2":0,"3":0,"4":0,"5":0,"6":0,"7":0,"8":0,"9":0,"10":0},"f":{"0":0,"1":0,"2":0},"b":{"0":[0,0],"1":[0,0],"2":[0,0],"3":[0,0]}}
,"G:\\gem\\stunning-pancake\\mobile\\src\\bootstrap\\NavigationShell.tsx": {"path":"G:\\gem\\stunning-pancake\\mobile\\src\\bootstrap\\NavigationShell.tsx","statementMap":{"0":{"start":{"line":41,"column":12},"end":{"line":41,"column":56}},"1":{"start":{"line":42,"column":14},"end":{"line":42,"column":62}},"2":{"start":{"line":103,"column":20},"end":{"line":103,"column":83}},"3":{"start":{"line":105,"column":27},"end":{"line":109,"column":3}},"4":{"start":{"line":111,"column":26},"end":{"line":117,"column":3}},"5":{"start":{"line":115,"column":15},"end":{"line":115,"column":55}},"6":{"start":{"line":116,"column":4},"end":{"line":116,"column":73}},"7":{"start":{"line":116,"column":12},"end":{"line":116,"column":73}},"8":{"start":{"line":119,"column":25},"end":{"line":124,"column":3}},"9":{"start":{"line":120,"column":19},"end":{"line":120,"column":37}},"10":{"start":{"line":121,"column":4},"end":{"line":123,"column":5}},"11":{"start":{"line":122,"column":6},"end":{"line":122,"column":80}},"12":{"start":{"line":126,"column":2},"end":{"line":202,"column":4}},"13":{"start":{"line":127,"column":38},"end":{"line":127,"column":63}},"14":{"start":{"line":130,"column":10},"end":{"line":148,"column":12}},"15":{"start":{"line":139,"column":36},"end":{"line":139,"column":63}},"16":{"start":{"line":140,"column":30},"end":{"line":140,"column":90}},"17":{"start":{"line":141,"column":35},"end":{"line":141,"column":77}},"18":{"start":{"line":142,"column":34},"end":{"line":142,"column":70}},"19":{"start":{"line":153,"column":10},"end":{"line":158,"column":12}},"20":{"start":{"line":155,"column":32},"end":{"line":155,"column":54}},"21":{"start":{"line":156,"column":31},"end":{"line":156,"column":64}},"22":{"start":{"line":157,"column":34},"end":{"line":157,"column":70}},"23":{"start":{"line":163,"column":10},"end":{"line":166,"column":12}},"24":{"start":{"line":164,"column":29},"end":{"line":164,"column":67}},"25":{"start":{"line":165,"column":37},"end":{"line":165,"column":76}},"26":{"start":{"line":171,"column":10},"end":{"line":178,"column":12}},"27":{"start":{"line":174,"column":30},"end":{"line":174,"column":69}},"28":{"start":{"line":175,"column":30},"end":{"line":175,"column":66}},"29":{"start":{"line":176,"column":28},"end":{"line":176,"column":73}},"30":{"start":{"line":177,"column":33},"end":{"line":177,"column":78}},"31":{"start":{"line":181,"column":65},"end":{"line":181,"column":69}},"32":{"start":{"line":183,"column":10},"end":{"line":198,"column":12}},"33":{"start":{"line":192,"column":14},"end":{"line":192,"column":34}},"34":{"start":{"line":193,"column":14},"end":{"line":193,"column":53}},"35":{"start":{"line":195,"column":28},"end":{"line":195,"column":48}},"36":{"start":{"line":196,"column":26},"end":{"line":196,"column":47}},"37":{"start":{"line":229,"column":6},"end":{"line":229,"column":11}},"38":{"start":{"line":231,"column":20},"end":{"line":231,"column":83}},"39":{"start":{"line":232,"column":17},"end":{"line":232,"column":73}},"40":{"start":{"line":233,"column":23},"end":{"line":233,"column":41}},"41":{"start":{"line":234,"column":20},"end":{"line":234,"column":29}},"42":{"start":{"line":235,"column":2},"end":{"line":235,"column":52}},"43":{"start":{"line":236,"column":2},"end":{"line":236,"column":54}},"44":{"start":{"line":238,"column":2},"end":{"line":241,"column":20}},"45":{"start":{"line":239,"column":4},"end":{"line":239,"column":29}},"46":{"start":{"line":239,"column":22},"end":{"line":239,"column":29}},"47":{"start":{"line":240,"column":4},"end":{"line":240,"column":57}},"48":{"start":{"line":243,"column":29},"end":{"line":287,"column":3}},"49":{"start":{"line":244,"column":4},"end":{"line":286,"column":5}},"50":{"start":{"line":245,"column":22},"end":{"line":245,"column":56}},"51":{"start":{"line":246,"column":21},"end":{"line":246,"column":31}},"52":{"start":{"line":247,"column":6},"end":{"line":254,"column":7}},"53":{"start":{"line":248,"column":8},"end":{"line":252,"column":11}},"54":{"start":{"line":253,"column":8},"end":{"line":253,"column":15}},"55":{"start":{"line":255,"column":24},"end":{"line":255,"column":69}},"56":{"start":{"line":256,"column":22},"end":{"line":261,"column":18}},"57":{"start":{"line":262,"column":25},"end":{"line":262,"column":45}},"58":{"start":{"line":263,"column":6},"end":{"line":277,"column":7}},"59":{"start":{"line":264,"column":20},"end":{"line":268,"column":10}},"60":{"start":{"line":269,"column":8},"end":{"line":276,"column":9}},"61":{"start":{"line":270,"column":10},"end":{"line":270,"column":76}},"62":{"start":{"line":271,"column":10},"end":{"line":274,"column":13}},"63":{"start":{"line":275,"column":10},"end":{"line":275,"column":17}},"64":{"start":{"line":278,"column":6},"end":{"line":278,"column":58}},"65":{"start":{"line":279,"column":6},"end":{"line":279,"column":88}},"66":{"start":{"line":281,"column":6},"end":{"line":285,"column":9}},"67":{"start":{"line":289,"column":2},"end":{"line":462,"column":4}},"68":{"start":{"line":295,"column":14},"end":{"line":316,"column":16}},"69":{"start":{"line":324,"column":14},"end":{"line":327,"column":21}},"70":{"start":{"line":325,"column":75},"end":{"line":325,"column":94}},"71":{"start":{"line":332,"column":14},"end":{"line":337,"column":21}},"72":{"start":{"line":334,"column":32},"end":{"line":334,"column":51}},"73":{"start":{"line":335,"column":42},"end":{"line":335,"column":99}},"74":{"start":{"line":345,"column":14},"end":{"line":345,"column":74}},"75":{"start":{"line":345,"column":51},"end":{"line":345,"column":70}},"76":{"start":{"line":350,"column":14},"end":{"line":353,"column":21}},"77":{"start":{"line":351,"column":72},"end":{"line":351,"column":91}},"78":{"start":{"line":358,"column":14},"end":{"line":361,"column":21}},"79":{"start":{"line":359,"column":75},"end":{"line":359,"column":94}},"80":{"start":{"line":366,"column":14},"end":{"line":369,"column":21}},"81":{"start":{"line":367,"column":72},"end":{"line":367,"column":91}},"82":{"start":{"line":374,"column":14},"end":{"line":377,"column":21}},"83":{"start":{"line":375,"column":78},"end":{"line":375,"column":97}},"84":{"start":{"line":382,"column":14},"end":{"line":387,"column":21}},"85":{"start":{"line":385,"column":32},"end":{"line":385,"column":51}},"86":{"start":{"line":392,"column":14},"end":{"line":395,"column":21}},"87":{"start":{"line":393,"column":76},"end":{"line":393,"column":95}},"88":{"start":{"line":400,"column":14},"end":{"line":403,"column":21}},"89":{"start":{"line":401,"column":78},"end":{"line":401,"column":97}},"90":{"start":{"line":411,"column":14},"end":{"line":426,"column":16}},"91":{"start":{"line":413,"column":18},"end":{"line":413,"column":39}},"92":{"start":{"line":414,"column":18},"end":{"line":414,"column":38}},"93":{"start":{"line":417,"column":18},"end":{"line":417,"column":38}},"94":{"start":{"line":418,"column":18},"end":{"line":418,"column":39}},"95":{"start":{"line":419,"column":18},"end":{"line":424,"column":23}},"96":{"start":{"line":420,"column":35},"end":{"line":420,"column":53}},"97":{"start":{"line":421,"column":20},"end":{"line":423,"column":21}},"98":{"start":{"line":422,"column":22},"end":{"line":422,"column":96}},"99":{"start":{"line":434,"column":14},"end":{"line":456,"column":21}},"100":{"start":{"line":440,"column":33},"end":{"line":440,"column":58}},"101":{"start":{"line":442,"column":20},"end":{"line":442,"column":41}},"102":{"start":{"line":443,"column":20},"end":{"line":443,"column":72}}},"fnMap":{"0":{"name":"MainTabs","decl":{"start":{"line":81,"column":9},"end":{"line":81,"column":17}},"loc":{"start":{"line":102,"column":18},"end":{"line":203,"column":1}},"line":102},"1":{"name":"(anonymous_1)","decl":{"start":{"line":111,"column":26},"end":{"line":111,"column":27}},"loc":{"start":{"line":114,"column":7},"end":{"line":117,"column":3}},"line":114},"2":{"name":"(anonymous_2)","decl":{"start":{"line":119,"column":25},"end":{"line":119,"column":26}},"loc":{"start":{"line":119,"column":37},"end":{"line":124,"column":3}},"line":119},"3":{"name":"(anonymous_3)","decl":{"start":{"line":127,"column":27},"end":{"line":127,"column":28}},"loc":{"start":{"line":127,"column":38},"end":{"line":127,"column":63}},"line":127},"4":{"name":"(anonymous_4)","decl":{"start":{"line":129,"column":9},"end":{"line":129,"column":10}},"loc":{"start":{"line":130,"column":10},"end":{"line":148,"column":12}},"line":130},"5":{"name":"(anonymous_5)","decl":{"start":{"line":139,"column":25},"end":{"line":139,"column":26}},"loc":{"start":{"line":139,"column":36},"end":{"line":139,"column":63}},"line":139},"6":{"name":"(anonymous_6)","decl":{"start":{"line":140,"column":24},"end":{"line":140,"column":25}},"loc":{"start":{"line":140,"column":30},"end":{"line":140,"column":90}},"line":140},"7":{"name":"(anonymous_7)","decl":{"start":{"line":141,"column":29},"end":{"line":141,"column":30}},"loc":{"start":{"line":141,"column":35},"end":{"line":141,"column":77}},"line":141},"8":{"name":"(anonymous_8)","decl":{"start":{"line":142,"column":28},"end":{"line":142,"column":29}},"loc":{"start":{"line":142,"column":34},"end":{"line":142,"column":70}},"line":142},"9":{"name":"(anonymous_9)","decl":{"start":{"line":152,"column":9},"end":{"line":152,"column":10}},"loc":{"start":{"line":153,"column":10},"end":{"line":158,"column":12}},"line":153},"10":{"name":"(anonymous_10)","decl":{"start":{"line":155,"column":26},"end":{"line":155,"column":27}},"loc":{"start":{"line":155,"column":32},"end":{"line":155,"column":54}},"line":155},"11":{"name":"(anonymous_11)","decl":{"start":{"line":156,"column":25},"end":{"line":156,"column":26}},"loc":{"start":{"line":156,"column":31},"end":{"line":156,"column":64}},"line":156},"12":{"name":"(anonymous_12)","decl":{"start":{"line":157,"column":28},"end":{"line":157,"column":29}},"loc":{"start":{"line":157,"column":34},"end":{"line":157,"column":70}},"line":157},"13":{"name":"(anonymous_13)","decl":{"start":{"line":162,"column":9},"end":{"line":162,"column":10}},"loc":{"start":{"line":163,"column":10},"end":{"line":166,"column":12}},"line":163},"14":{"name":"(anonymous_14)","decl":{"start":{"line":164,"column":23},"end":{"line":164,"column":24}},"loc":{"start":{"line":164,"column":29},"end":{"line":164,"column":67}},"line":164},"15":{"name":"(anonymous_15)","decl":{"start":{"line":165,"column":31},"end":{"line":165,"column":32}},"loc":{"start":{"line":165,"column":37},"end":{"line":165,"column":76}},"line":165},"16":{"name":"(anonymous_16)","decl":{"start":{"line":170,"column":9},"end":{"line":170,"column":10}},"loc":{"start":{"line":171,"column":10},"end":{"line":178,"column":12}},"line":171},"17":{"name":"(anonymous_17)","decl":{"start":{"line":174,"column":24},"end":{"line":174,"column":25}},"loc":{"start":{"line":174,"column":30},"end":{"line":174,"column":69}},"line":174},"18":{"name":"(anonymous_18)","decl":{"start":{"line":175,"column":24},"end":{"line":175,"column":25}},"loc":{"start":{"line":175,"column":30},"end":{"line":175,"column":66}},"line":175},"19":{"name":"(anonymous_19)","decl":{"start":{"line":176,"column":22},"end":{"line":176,"column":23}},"loc":{"start":{"line":176,"column":28},"end":{"line":176,"column":73}},"line":176},"20":{"name":"(anonymous_20)","decl":{"start":{"line":177,"column":27},"end":{"line":177,"column":28}},"loc":{"start":{"line":177,"column":33},"end":{"line":177,"column":78}},"line":177},"21":{"name":"(anonymous_21)","decl":{"start":{"line":181,"column":59},"end":{"line":181,"column":60}},"loc":{"start":{"line":181,"column":65},"end":{"line":181,"column":69}},"line":181},"22":{"name":"(anonymous_22)","decl":{"start":{"line":182,"column":9},"end":{"line":182,"column":10}},"loc":{"start":{"line":183,"column":10},"end":{"line":198,"column":12}},"line":183},"23":{"name":"(anonymous_23)","decl":{"start":{"line":191,"column":21},"end":{"line":191,"column":22}},"loc":{"start":{"line":191,"column":27},"end":{"line":194,"column":13}},"line":191},"24":{"name":"(anonymous_24)","decl":{"start":{"line":195,"column":22},"end":{"line":195,"column":23}},"loc":{"start":{"line":195,"column":28},"end":{"line":195,"column":48}},"line":195},"25":{"name":"(anonymous_25)","decl":{"start":{"line":196,"column":20},"end":{"line":196,"column":21}},"loc":{"start":{"line":196,"column":26},"end":{"line":196,"column":47}},"line":196},"26":{"name":"NavigationShell","decl":{"start":{"line":205,"column":16},"end":{"line":205,"column":31}},"loc":{"start":{"line":205,"column":61},"end":{"line":463,"column":1}},"line":205},"27":{"name":"(anonymous_27)","decl":{"start":{"line":238,"column":12},"end":{"line":238,"column":13}},"loc":{"start":{"line":238,"column":18},"end":{"line":241,"column":3}},"line":238},"28":{"name":"(anonymous_28)","decl":{"start":{"line":243,"column":29},"end":{"line":243,"column":30}},"loc":{"start":{"line":243,"column":41},"end":{"line":287,"column":3}},"line":243},"29":{"name":"(anonymous_29)","decl":{"start":{"line":294,"column":13},"end":{"line":294,"column":14}},"loc":{"start":{"line":295,"column":14},"end":{"line":316,"column":16}},"line":295},"30":{"name":"(anonymous_30)","decl":{"start":{"line":323,"column":13},"end":{"line":323,"column":14}},"loc":{"start":{"line":324,"column":14},"end":{"line":327,"column":21}},"line":324},"31":{"name":"(anonymous_31)","decl":{"start":{"line":325,"column":69},"end":{"line":325,"column":70}},"loc":{"start":{"line":325,"column":75},"end":{"line":325,"column":94}},"line":325},"32":{"name":"(anonymous_32)","decl":{"start":{"line":331,"column":13},"end":{"line":331,"column":14}},"loc":{"start":{"line":332,"column":14},"end":{"line":337,"column":21}},"line":332},"33":{"name":"(anonymous_33)","decl":{"start":{"line":334,"column":26},"end":{"line":334,"column":27}},"loc":{"start":{"line":334,"column":32},"end":{"line":334,"column":51}},"line":334},"34":{"name":"(anonymous_34)","decl":{"start":{"line":335,"column":34},"end":{"line":335,"column":35}},"loc":{"start":{"line":335,"column":42},"end":{"line":335,"column":99}},"line":335},"35":{"name":"(anonymous_35)","decl":{"start":{"line":344,"column":13},"end":{"line":344,"column":14}},"loc":{"start":{"line":345,"column":14},"end":{"line":345,"column":74}},"line":345},"36":{"name":"(anonymous_36)","decl":{"start":{"line":345,"column":45},"end":{"line":345,"column":46}},"loc":{"start":{"line":345,"column":51},"end":{"line":345,"column":70}},"line":345},"37":{"name":"(anonymous_37)","decl":{"start":{"line":349,"column":13},"end":{"line":349,"column":14}},"loc":{"start":{"line":350,"column":14},"end":{"line":353,"column":21}},"line":350},"38":{"name":"(anonymous_38)","decl":{"start":{"line":351,"column":66},"end":{"line":351,"column":67}},"loc":{"start":{"line":351,"column":72},"end":{"line":351,"column":91}},"line":351},"39":{"name":"(anonymous_39)","decl":{"start":{"line":357,"column":13},"end":{"line":357,"column":14}},"loc":{"start":{"line":358,"column":14},"end":{"line":361,"column":21}},"line":358},"40":{"name":"(anonymous_40)","decl":{"start":{"line":359,"column":69},"end":{"line":359,"column":70}},"loc":{"start":{"line":359,"column":75},"end":{"line":359,"column":94}},"line":359},"41":{"name":"(anonymous_41)","decl":{"start":{"line":365,"column":13},"end":{"line":365,"column":14}},"loc":{"start":{"line":366,"column":14},"end":{"line":369,"column":21}},"line":366},"42":{"name":"(anonymous_42)","decl":{"start":{"line":367,"column":66},"end":{"line":367,"column":67}},"loc":{"start":{"line":367,"column":72},"end":{"line":367,"column":91}},"line":367},"43":{"name":"(anonymous_43)","decl":{"start":{"line":373,"column":13},"end":{"line":373,"column":14}},"loc":{"start":{"line":374,"column":14},"end":{"line":377,"column":21}},"line":374},"44":{"name":"(anonymous_44)","decl":{"start":{"line":375,"column":72},"end":{"line":375,"column":73}},"loc":{"start":{"line":375,"column":78},"end":{"line":375,"column":97}},"line":375},"45":{"name":"(anonymous_45)","decl":{"start":{"line":381,"column":13},"end":{"line":381,"column":14}},"loc":{"start":{"line":382,"column":14},"end":{"line":387,"column":21}},"line":382},"46":{"name":"(anonymous_46)","decl":{"start":{"line":385,"column":26},"end":{"line":385,"column":27}},"loc":{"start":{"line":385,"column":32},"end":{"line":385,"column":51}},"line":385},"47":{"name":"(anonymous_47)","decl":{"start":{"line":391,"column":13},"end":{"line":391,"column":14}},"loc":{"start":{"line":392,"column":14},"end":{"line":395,"column":21}},"line":392},"48":{"name":"(anonymous_48)","decl":{"start":{"line":393,"column":70},"end":{"line":393,"column":71}},"loc":{"start":{"line":393,"column":76},"end":{"line":393,"column":95}},"line":393},"49":{"name":"(anonymous_49)","decl":{"start":{"line":399,"column":13},"end":{"line":399,"column":14}},"loc":{"start":{"line":400,"column":14},"end":{"line":403,"column":21}},"line":400},"50":{"name":"(anonymous_50)","decl":{"start":{"line":401,"column":72},"end":{"line":401,"column":73}},"loc":{"start":{"line":401,"column":78},"end":{"line":401,"column":97}},"line":401},"51":{"name":"(anonymous_51)","decl":{"start":{"line":410,"column":13},"end":{"line":410,"column":14}},"loc":{"start":{"line":411,"column":14},"end":{"line":426,"column":16}},"line":411},"52":{"name":"(anonymous_52)","decl":{"start":{"line":412,"column":26},"end":{"line":412,"column":27}},"loc":{"start":{"line":412,"column":32},"end":{"line":415,"column":17}},"line":412},"53":{"name":"(anonymous_53)","decl":{"start":{"line":416,"column":24},"end":{"line":416,"column":25}},"loc":{"start":{"line":416,"column":30},"end":{"line":425,"column":17}},"line":416},"54":{"name":"(anonymous_54)","decl":{"start":{"line":419,"column":24},"end":{"line":419,"column":25}},"loc":{"start":{"line":419,"column":36},"end":{"line":424,"column":19}},"line":419},"55":{"name":"(anonymous_55)","decl":{"start":{"line":433,"column":13},"end":{"line":433,"column":14}},"loc":{"start":{"line":434,"column":14},"end":{"line":456,"column":21}},"line":434},"56":{"name":"(anonymous_56)","decl":{"start":{"line":440,"column":27},"end":{"line":440,"column":28}},"loc":{"start":{"line":440,"column":33},"end":{"line":440,"column":58}},"line":440},"57":{"name":"(anonymous_57)","decl":{"start":{"line":441,"column":31},"end":{"line":441,"column":32}},"loc":{"start":{"line":441,"column":37},"end":{"line":444,"column":19}},"line":441}},"branchMap":{"0":{"loc":{"start":{"line":112,"column":4},"end":{"line":112,"column":44}},"type":"default-arg","locations":[{"start":{"line":112,"column":38},"end":{"line":112,"column":44}}],"line":112},"1":{"loc":{"start":{"line":116,"column":4},"end":{"line":116,"column":73}},"type":"if","locations":[{"start":{"line":116,"column":4},"end":{"line":116,"column":73}},{"start":{},"end":{}}],"line":116},"2":{"loc":{"start":{"line":121,"column":4},"end":{"line":123,"column":5}},"type":"if","locations":[{"start":{"line":121,"column":4},"end":{"line":123,"column":5}},{"start":{},"end":{}}],"line":121},"3":{"loc":{"start":{"line":121,"column":8},"end":{"line":121,"column":59}},"type":"binary-expr","locations":[{"start":{"line":121,"column":8},"end":{"line":121,"column":14}},{"start":{"line":121,"column":18},"end":{"line":121,"column":39}},{"start":{"line":121,"column":43},"end":{"line":121,"column":59}}],"line":121},"4":{"loc":{"start":{"line":122,"column":53},"end":{"line":122,"column":76}},"type":"binary-expr","locations":[{"start":{"line":122,"column":53},"end":{"line":122,"column":66}},{"start":{"line":122,"column":70},"end":{"line":122,"column":76}}],"line":122},"5":{"loc":{"start":{"line":132,"column":14},"end":{"line":134,"column":22}},"type":"cond-expr","locations":[{"start":{"line":133,"column":18},"end":{"line":133,"column":106}},{"start":{"line":134,"column":18},"end":{"line":134,"column":22}}],"line":132},"6":{"loc":{"start":{"line":133,"column":30},"end":{"line":133,"column":59}},"type":"binary-expr","locations":[{"start":{"line":133,"column":30},"end":{"line":133,"column":48}},{"start":{"line":133,"column":52},"end":{"line":133,"column":59}}],"line":133},"7":{"loc":{"start":{"line":133,"column":72},"end":{"line":133,"column":104}},"type":"binary-expr","locations":[{"start":{"line":133,"column":72},"end":{"line":133,"column":91}},{"start":{"line":133,"column":95},"end":{"line":133,"column":104}}],"line":133},"8":{"loc":{"start":{"line":154,"column":18},"end":{"line":154,"column":80}},"type":"cond-expr","locations":[{"start":{"line":154,"column":30},"end":{"line":154,"column":73}},{"start":{"line":154,"column":76},"end":{"line":154,"column":80}}],"line":154},"9":{"loc":{"start":{"line":154,"column":42},"end":{"line":154,"column":71}},"type":"binary-expr","locations":[{"start":{"line":154,"column":42},"end":{"line":154,"column":60}},{"start":{"line":154,"column":64},"end":{"line":154,"column":71}}],"line":154},"10":{"loc":{"start":{"line":172,"column":18},"end":{"line":172,"column":74}},"type":"cond-expr","locations":[{"start":{"line":172,"column":30},"end":{"line":172,"column":62}},{"start":{"line":172,"column":65},"end":{"line":172,"column":74}}],"line":172},"11":{"loc":{"start":{"line":184,"column":18},"end":{"line":184,"column":40}},"type":"binary-expr","locations":[{"start":{"line":184,"column":18},"end":{"line":184,"column":27}},{"start":{"line":184,"column":31},"end":{"line":184,"column":40}}],"line":184},"12":{"loc":{"start":{"line":235,"column":24},"end":{"line":235,"column":50}},"type":"binary-expr","locations":[{"start":{"line":235,"column":24},"end":{"line":235,"column":35}},{"start":{"line":235,"column":39},"end":{"line":235,"column":50}}],"line":235},"13":{"loc":{"start":{"line":236,"column":26},"end":{"line":236,"column":52}},"type":"binary-expr","locations":[{"start":{"line":236,"column":26},"end":{"line":236,"column":37}},{"start":{"line":236,"column":41},"end":{"line":236,"column":52}}],"line":236},"14":{"loc":{"start":{"line":239,"column":4},"end":{"line":239,"column":29}},"type":"if","locations":[{"start":{"line":239,"column":4},"end":{"line":239,"column":29}},{"start":{},"end":{}}],"line":239},"15":{"loc":{"start":{"line":247,"column":6},"end":{"line":254,"column":7}},"type":"if","locations":[{"start":{"line":247,"column":6},"end":{"line":254,"column":7}},{"start":{},"end":{}}],"line":247},"16":{"loc":{"start":{"line":263,"column":6},"end":{"line":277,"column":7}},"type":"if","locations":[{"start":{"line":263,"column":6},"end":{"line":277,"column":7}},{"start":{},"end":{}}],"line":263},"17":{"loc":{"start":{"line":269,"column":8},"end":{"line":276,"column":9}},"type":"if","locations":[{"start":{"line":269,"column":8},"end":{"line":276,"column":9}},{"start":{},"end":{}}],"line":269},"18":{"loc":{"start":{"line":421,"column":20},"end":{"line":423,"column":21}},"type":"if","locations":[{"start":{"line":421,"column":20},"end":{"line":423,"column":21}},{"start":{},"end":{}}],"line":421},"19":{"loc":{"start":{"line":421,"column":24},"end":{"line":421,"column":75}},"type":"binary-expr","locations":[{"start":{"line":421,"column":24},"end":{"line":421,"column":30}},{"start":{"line":421,"column":34},"end":{"line":421,"column":55}},{"start":{"line":421,"column":59},"end":{"line":421,"column":75}}],"line":421},"20":{"loc":{"start":{"line":422,"column":69},"end":{"line":422,"column":92}},"type":"binary-expr","locations":[{"start":{"line":422,"column":69},"end":{"line":422,"column":82}},{"start":{"line":422,"column":86},"end":{"line":422,"column":92}}],"line":422},"21":{"loc":{"start":{"line":439,"column":28},"end":{"line":439,"column":58}},"type":"binary-expr","locations":[{"start":{"line":439,"column":28},"end":{"line":439,"column":47}},{"start":{"line":439,"column":51},"end":{"line":439,"column":58}}],"line":439},"22":{"loc":{"start":{"line":446,"column":17},"end":{"line":455,"column":24}},"type":"cond-expr","locations":[{"start":{"line":447,"column":18},"end":{"line":454,"column":25}},{"start":{"line":455,"column":20},"end":{"line":455,"column":24}}],"line":446}},"s":{"0":0,"1":0,"2":0,"3":0,"4":0,"5":0,"6":0,"7":0,"8":0,"9":0,"10":0,"11":0,"12":0,"13":0,"14":0,"15":0,"16":0,"17":0,"18":0,"19":0,"20":0,"21":0,"22":0,"23":0,"24":0,"25":0,"26":0,"27":0,"28":0,"29":0,"30":0,"31":0,"32":0,"33":0,"34":0,"35":0,"36":0,"37":0,"38":0,"39":0,"40":0,"41":0,"42":0,"43":0,"44":0,"45":0,"46":0,"47":0,"48":0,"49":0,"50":0,"51":0,"52":0,"53":0,"54":0,"55":0,"56":0,"57":0,"58":0,"59":0,"60":0,"61":0,"62":0,"63":0,"64":0,"65":0,"66":0,"67":0,"68":0,"69":0,"70":0,"71":0,"72":0,"73":0,"74":0,"75":0,"76":0,"77":0,"78":0,"79":0,"80":0,"81":0,"82":0,"83":0,"84":0,"85":0,"86":0,"87":0,"88":0,"89":0,"90":0,"91":0,"92":0,"93":0,"94":0,"95":0,"96":0,"97":0,"98":0,"99":0,"100":0,"101":0,"102":0},"f":{"0":0,"1":0,"2":0,"3":0,"4":0,"5":0,"6":0,"7":0,"8":0,"9":0,"10":0,"11":0,"12":0,"13":0,"14":0,"15":0,"16":0,"17":0,"18":0,"19":0,"20":0,"21":0,"22":0,"23":0,"24":0,"25":0,"26":0,"27":0,"28":0,"29":0,"30":0,"31":0,"32":0,"33":0,"34":0,"35":0,"36":0,"37":0,"38":0,"39":0,"40":0,"41":0,"42":0,"43":0,"44":0,"45":0,"46":0,"47":0,"48":0,"49":0,"50":0,"51":0,"52":0,"53":0,"54":0,"55":0,"56":0,"57":0},"b":{"0":[0],"1":[0,0],"2":[0,0],"3":[0,0,0],"4":[0,0],"5":[0,0],"6":[0,0],"7":[0,0],"8":[0,0],"9":[0,0],"10":[0,0],"11":[0,0],"12":[0,0],"13":[0,0],"14":[0,0],"15":[0,0],"16":[0,0],"17":[0,0],"18":[0,0],"19":[0,0,0],"20":[0,0],"21":[0,0],"22":[0,0]}}
,"G:\\gem\\stunning-pancake\\mobile\\src\\bootstrap\\e2eConfig.ts": {"path":"G:\\gem\\stunning-pancake\\mobile\\src\\bootstrap\\e2eConfig.ts","statementMap":{"0":{"start":{"line":5,"column":19},"end":{"line":5,"column":46}},"1":{"start":{"line":6,"column":24},"end":{"line":8,"column":20}},"2":{"start":{"line":9,"column":23},"end":{"line":11,"column":19}},"3":{"start":{"line":12,"column":2},"end":{"line":12,"column":60}},"4":{"start":{"line":16,"column":16},"end":{"line":16,"column":27}},"5":{"start":{"line":17,"column":22},"end":{"line":17,"column":38}},"6":{"start":{"line":18,"column":2},"end":{"line":18,"column":68}},"7":{"start":{"line":18,"column":49},"end":{"line":18,"column":68}},"8":{"start":{"line":19,"column":20},"end":{"line":19,"column":30}},"9":{"start":{"line":20,"column":2},"end":{"line":20,"column":62}},"10":{"start":{"line":20,"column":45},"end":{"line":20,"column":62}},"11":{"start":{"line":21,"column":2},"end":{"line":21,"column":19}},"12":{"start":{"line":25,"column":2},"end":{"line":25,"column":33}},"13":{"start":{"line":28,"column":25},"end":{"line":34,"column":1}},"14":{"start":{"line":37,"column":2},"end":{"line":37,"column":79}},"15":{"start":{"line":42,"column":2},"end":{"line":42,"column":45}},"16":{"start":{"line":42,"column":32},"end":{"line":42,"column":45}},"17":{"start":{"line":43,"column":2},"end":{"line":43,"column":75}},"18":{"start":{"line":43,"column":62},"end":{"line":43,"column":75}},"19":{"start":{"line":44,"column":2},"end":{"line":44,"column":14}}},"fnMap":{"0":{"name":"readExtra","decl":{"start":{"line":4,"column":9},"end":{"line":4,"column":18}},"loc":{"start":{"line":4,"column":57},"end":{"line":13,"column":1}},"line":4},"1":{"name":"readEnv","decl":{"start":{"line":15,"column":9},"end":{"line":15,"column":16}},"loc":{"start":{"line":15,"column":50},"end":{"line":22,"column":1}},"line":15},"2":{"name":"readEnvFlag","decl":{"start":{"line":24,"column":9},"end":{"line":24,"column":20}},"loc":{"start":{"line":24,"column":43},"end":{"line":26,"column":1}},"line":24},"3":{"name":"isE2eAutoLoginEnabled","decl":{"start":{"line":36,"column":16},"end":{"line":36,"column":37}},"loc":{"start":{"line":36,"column":49},"end":{"line":38,"column":1}},"line":36},"4":{"name":"shouldSkipOnboardingForE2e","decl":{"start":{"line":41,"column":16},"end":{"line":41,"column":42}},"loc":{"start":{"line":41,"column":54},"end":{"line":45,"column":1}},"line":41}},"branchMap":{"0":{"loc":{"start":{"line":18,"column":2},"end":{"line":18,"column":68}},"type":"if","locations":[{"start":{"line":18,"column":2},"end":{"line":18,"column":68}},{"start":{},"end":{}}],"line":18},"1":{"loc":{"start":{"line":18,"column":6},"end":{"line":18,"column":47}},"type":"binary-expr","locations":[{"start":{"line":18,"column":6},"end":{"line":18,"column":25}},{"start":{"line":18,"column":29},"end":{"line":18,"column":47}}],"line":18},"2":{"loc":{"start":{"line":20,"column":2},"end":{"line":20,"column":62}},"type":"if","locations":[{"start":{"line":20,"column":2},"end":{"line":20,"column":62}},{"start":{},"end":{}}],"line":20},"3":{"loc":{"start":{"line":20,"column":6},"end":{"line":20,"column":43}},"type":"binary-expr","locations":[{"start":{"line":20,"column":6},"end":{"line":20,"column":23}},{"start":{"line":20,"column":27},"end":{"line":20,"column":43}}],"line":20},"4":{"loc":{"start":{"line":31,"column":9},"end":{"line":31,"column":47}},"type":"binary-expr","locations":[{"start":{"line":31,"column":9},"end":{"line":31,"column":41}},{"start":{"line":31,"column":45},"end":{"line":31,"column":47}}],"line":31},"5":{"loc":{"start":{"line":32,"column":12},"end":{"line":32,"column":53}},"type":"binary-expr","locations":[{"start":{"line":32,"column":12},"end":{"line":32,"column":47}},{"start":{"line":32,"column":51},"end":{"line":32,"column":53}}],"line":32},"6":{"loc":{"start":{"line":37,"column":9},"end":{"line":37,"column":78}},"type":"binary-expr","locations":[{"start":{"line":37,"column":9},"end":{"line":37,"column":28}},{"start":{"line":37,"column":32},"end":{"line":37,"column":78}}],"line":37},"7":{"loc":{"start":{"line":37,"column":40},"end":{"line":37,"column":77}},"type":"binary-expr","locations":[{"start":{"line":37,"column":40},"end":{"line":37,"column":55}},{"start":{"line":37,"column":59},"end":{"line":37,"column":77}}],"line":37},"8":{"loc":{"start":{"line":42,"column":2},"end":{"line":42,"column":45}},"type":"if","locations":[{"start":{"line":42,"column":2},"end":{"line":42,"column":45}},{"start":{},"end":{}}],"line":42},"9":{"loc":{"start":{"line":43,"column":2},"end":{"line":43,"column":75}},"type":"if","locations":[{"start":{"line":43,"column":2},"end":{"line":43,"column":75}},{"start":{},"end":{}}],"line":43}},"s":{"0":12,"1":12,"2":12,"3":12,"4":12,"5":12,"6":12,"7":8,"8":4,"9":4,"10":0,"11":4,"12":6,"13":2,"14":3,"15":2,"16":0,"17":2,"18":1,"19":1},"f":{"0":12,"1":12,"2":6,"3":3,"4":2},"b":{"0":[8,4],"1":[12,8],"2":[0,4],"3":[4,0],"4":[2,0],"5":[2,0],"6":[3,3],"7":[3,3],"8":[0,2],"9":[1,1]},"_coverageSchema":"1a1c01bbd47fc00a2c39e90264f33305004495a9","hash":"7231b4cea398d56e5bf71f0c2500a684f9fa5b07"}
,"G:\\gem\\stunning-pancake\\mobile\\src\\bootstrap\\storage.ts": {"path":"G:\\gem\\stunning-pancake\\mobile\\src\\bootstrap\\storage.ts","statementMap":{"0":{"start":{"line":11,"column":24},"end":{"line":18,"column":1}},"1":{"start":{"line":12,"column":31},"end":{"line":12,"column":62}},"2":{"start":{"line":16,"column":20},"end":{"line":16,"column":34}},"3":{"start":{"line":17,"column":30},"end":{"line":17,"column":35}},"4":{"start":{"line":23,"column":2},"end":{"line":23,"column":63}},"5":{"start":{"line":23,"column":29},"end":{"line":23,"column":63}},"6":{"start":{"line":24,"column":2},"end":{"line":31,"column":3}},"7":{"start":{"line":25,"column":4},"end":{"line":25,"column":25}},"8":{"start":{"line":26,"column":4},"end":{"line":26,"column":19}},"9":{"start":{"line":28,"column":4},"end":{"line":28,"column":38}},"10":{"start":{"line":29,"column":4},"end":{"line":29,"column":19}},"11":{"start":{"line":30,"column":4},"end":{"line":30,"column":27}},"12":{"start":{"line":34,"column":30},"end":{"line":34,"column":51}},"13":{"start":{"line":35,"column":30},"end":{"line":35,"column":52}},"14":{"start":{"line":38,"column":2},"end":{"line":38,"column":45}},"15":{"start":{"line":43,"column":2},"end":{"line":43,"column":35}},"16":{"start":{"line":43,"column":22},"end":{"line":43,"column":35}},"17":{"start":{"line":44,"column":16},"end":{"line":44,"column":31}},"18":{"start":{"line":45,"column":18},"end":{"line":45,"column":46}},"19":{"start":{"line":46,"column":2},"end":{"line":46,"column":55}},"20":{"start":{"line":46,"column":43},"end":{"line":46,"column":55}},"21":{"start":{"line":47,"column":2},"end":{"line":50,"column":3}},"22":{"start":{"line":48,"column":4},"end":{"line":48,"column":31}},"23":{"start":{"line":49,"column":4},"end":{"line":49,"column":16}},"24":{"start":{"line":51,"column":2},"end":{"line":51,"column":15}},"25":{"start":{"line":55,"column":2},"end":{"line":55,"column":60}},"26":{"start":{"line":60,"column":2},"end":{"line":60,"column":46}}},"fnMap":{"0":{"name":"(anonymous_0)","decl":{"start":{"line":12,"column":13},"end":{"line":12,"column":14}},"loc":{"start":{"line":12,"column":31},"end":{"line":12,"column":62}},"line":12},"1":{"name":"(anonymous_1)","decl":{"start":{"line":13,"column":7},"end":{"line":13,"column":8}},"loc":{"start":{"line":13,"column":41},"end":{"line":13,"column":43}},"line":13},"2":{"name":"(anonymous_2)","decl":{"start":{"line":14,"column":10},"end":{"line":14,"column":11}},"loc":{"start":{"line":14,"column":28},"end":{"line":14,"column":30}},"line":14},"3":{"name":"(anonymous_3)","decl":{"start":{"line":15,"column":12},"end":{"line":15,"column":13}},"loc":{"start":{"line":15,"column":18},"end":{"line":15,"column":20}},"line":15},"4":{"name":"(anonymous_4)","decl":{"start":{"line":16,"column":14},"end":{"line":16,"column":15}},"loc":{"start":{"line":16,"column":20},"end":{"line":16,"column":34}},"line":16},"5":{"name":"(anonymous_5)","decl":{"start":{"line":17,"column":12},"end":{"line":17,"column":13}},"loc":{"start":{"line":17,"column":30},"end":{"line":17,"column":35}},"line":17},"6":{"name":"getAppStorage","decl":{"start":{"line":22,"column":16},"end":{"line":22,"column":29}},"loc":{"start":{"line":22,"column":44},"end":{"line":32,"column":1}},"line":22},"7":{"name":"onboardingKeyForUser","decl":{"start":{"line":37,"column":16},"end":{"line":37,"column":36}},"loc":{"start":{"line":37,"column":70},"end":{"line":39,"column":1}},"line":37},"8":{"name":"isOnboardingCompleteForUser","decl":{"start":{"line":42,"column":16},"end":{"line":42,"column":43}},"loc":{"start":{"line":42,"column":97},"end":{"line":52,"column":1}},"line":42},"9":{"name":"setOnboardingCompleteForUser","decl":{"start":{"line":54,"column":16},"end":{"line":54,"column":44}},"loc":{"start":{"line":54,"column":76},"end":{"line":56,"column":1}},"line":54},"10":{"name":"setOnboardingCompleteGlobal","decl":{"start":{"line":59,"column":16},"end":{"line":59,"column":43}},"loc":{"start":{"line":59,"column":52},"end":{"line":61,"column":1}},"line":59}},"branchMap":{"0":{"loc":{"start":{"line":23,"column":2},"end":{"line":23,"column":63}},"type":"if","locations":[{"start":{"line":23,"column":2},"end":{"line":23,"column":63}},{"start":{},"end":{}}],"line":23},"1":{"loc":{"start":{"line":23,"column":36},"end":{"line":23,"column":62}},"type":"binary-expr","locations":[{"start":{"line":23,"column":36},"end":{"line":23,"column":43}},{"start":{"line":23,"column":47},"end":{"line":23,"column":62}}],"line":23},"2":{"loc":{"start":{"line":43,"column":2},"end":{"line":43,"column":35}},"type":"if","locations":[{"start":{"line":43,"column":2},"end":{"line":43,"column":35}},{"start":{},"end":{}}],"line":43},"3":{"loc":{"start":{"line":46,"column":2},"end":{"line":46,"column":55}},"type":"if","locations":[{"start":{"line":46,"column":2},"end":{"line":46,"column":55}},{"start":{},"end":{}}],"line":46},"4":{"loc":{"start":{"line":47,"column":2},"end":{"line":50,"column":3}},"type":"if","locations":[{"start":{"line":47,"column":2},"end":{"line":50,"column":3}},{"start":{},"end":{}}],"line":47}},"s":{"0":1,"1":0,"2":0,"3":0,"4":1,"5":0,"6":1,"7":1,"8":1,"9":0,"10":0,"11":0,"12":1,"13":1,"14":0,"15":0,"16":0,"17":0,"18":0,"19":0,"20":0,"21":0,"22":0,"23":0,"24":0,"25":0,"26":0},"f":{"0":0,"1":0,"2":0,"3":0,"4":0,"5":0,"6":1,"7":0,"8":0,"9":0,"10":0},"b":{"0":[0,1],"1":[0,0],"2":[0,0],"3":[0,0],"4":[0,0]},"_coverageSchema":"1a1c01bbd47fc00a2c39e90264f33305004495a9","hash":"7193219fa41d993606dc1d2c2d755648fa8762d7"}
,"G:\\gem\\stunning-pancake\\mobile\\src\\bootstrap\\useAuthSession.ts": {"path":"G:\\gem\\stunning-pancake\\mobile\\src\\bootstrap\\useAuthSession.ts","statementMap":{"0":{"start":{"line":27,"column":20},"end":{"line":27,"column":25}},"1":{"start":{"line":30,"column":16},"end":{"line":30,"column":25}},"2":{"start":{"line":31,"column":15},"end":{"line":43,"column":4}},"3":{"start":{"line":45,"column":20},"end":{"line":48,"column":3}},"4":{"start":{"line":46,"column":40},"end":{"line":46,"column":63}},"5":{"start":{"line":50,"column":27},"end":{"line":69,"column":3}},"6":{"start":{"line":52,"column":6},"end":{"line":52,"column":26}},"7":{"start":{"line":53,"column":6},"end":{"line":53,"column":37}},"8":{"start":{"line":55,"column":8},"end":{"line":56,"column":65}},"9":{"start":{"line":57,"column":6},"end":{"line":59,"column":7}},"10":{"start":{"line":58,"column":8},"end":{"line":58,"column":46}},"11":{"start":{"line":60,"column":6},"end":{"line":60,"column":38}},"12":{"start":{"line":61,"column":21},"end":{"line":61,"column":62}},"13":{"start":{"line":62,"column":6},"end":{"line":62,"column":32}},"14":{"start":{"line":63,"column":6},"end":{"line":65,"column":7}},"15":{"start":{"line":64,"column":8},"end":{"line":64,"column":46}},"16":{"start":{"line":66,"column":6},"end":{"line":66,"column":50}},"17":{"start":{"line":66,"column":44},"end":{"line":66,"column":48}},"18":{"start":{"line":71,"column":31},"end":{"line":76,"column":12}},"19":{"start":{"line":72,"column":4},"end":{"line":72,"column":24}},"20":{"start":{"line":73,"column":4},"end":{"line":73,"column":36}},"21":{"start":{"line":74,"column":4},"end":{"line":74,"column":23}},"22":{"start":{"line":75,"column":4},"end":{"line":75,"column":26}},"23":{"start":{"line":78,"column":2},"end":{"line":120,"column":53}},"24":{"start":{"line":79,"column":4},"end":{"line":79,"column":19}},"25":{"start":{"line":80,"column":4},"end":{"line":80,"column":46}},"26":{"start":{"line":82,"column":4},"end":{"line":117,"column":9}},"27":{"start":{"line":83,"column":20},"end":{"line":83,"column":53}},"28":{"start":{"line":84,"column":6},"end":{"line":97,"column":7}},"29":{"start":{"line":85,"column":8},"end":{"line":95,"column":9}},"30":{"start":{"line":86,"column":23},"end":{"line":86,"column":53}},"31":{"start":{"line":87,"column":10},"end":{"line":89,"column":11}},"32":{"start":{"line":88,"column":12},"end":{"line":88,"column":50}},"33":{"start":{"line":90,"column":10},"end":{"line":90,"column":39}},"34":{"start":{"line":92,"column":10},"end":{"line":92,"column":31}},"35":{"start":{"line":94,"column":10},"end":{"line":94,"column":36}},"36":{"start":{"line":96,"column":8},"end":{"line":96,"column":15}},"37":{"start":{"line":99,"column":6},"end":{"line":114,"column":7}},"38":{"start":{"line":100,"column":8},"end":{"line":100,"column":36}},"39":{"start":{"line":101,"column":8},"end":{"line":112,"column":9}},"40":{"start":{"line":102,"column":23},"end":{"line":102,"column":85}},"41":{"start":{"line":103,"column":10},"end":{"line":105,"column":11}},"42":{"start":{"line":104,"column":12},"end":{"line":104,"column":50}},"43":{"start":{"line":106,"column":10},"end":{"line":106,"column":39}},"44":{"start":{"line":108,"column":10},"end":{"line":108,"column":38}},"45":{"start":{"line":110,"column":10},"end":{"line":110,"column":39}},"46":{"start":{"line":111,"column":10},"end":{"line":111,"column":36}},"47":{"start":{"line":113,"column":8},"end":{"line":113,"column":15}},"48":{"start":{"line":116,"column":6},"end":{"line":116,"column":32}},"49":{"start":{"line":119,"column":4},"end":{"line":119,"column":43}},"50":{"start":{"line":119,"column":17},"end":{"line":119,"column":42}},"51":{"start":{"line":122,"column":29},"end":{"line":128,"column":3}},"52":{"start":{"line":124,"column":19},"end":{"line":124,"column":63}},"53":{"start":{"line":125,"column":6},"end":{"line":125,"column":35}},"54":{"start":{"line":130,"column":2},"end":{"line":149,"column":47}},"55":{"start":{"line":131,"column":27},"end":{"line":144,"column":5}},"56":{"start":{"line":132,"column":6},"end":{"line":132,"column":23}},"57":{"start":{"line":132,"column":16},"end":{"line":132,"column":23}},"58":{"start":{"line":133,"column":21},"end":{"line":133,"column":60}},"59":{"start":{"line":134,"column":6},"end":{"line":134,"column":26}},"60":{"start":{"line":134,"column":19},"end":{"line":134,"column":26}},"61":{"start":{"line":135,"column":6},"end":{"line":135,"column":34}},"62":{"start":{"line":136,"column":6},"end":{"line":143,"column":7}},"63":{"start":{"line":137,"column":8},"end":{"line":137,"column":64}},"64":{"start":{"line":139,"column":20},"end":{"line":139,"column":77}},"65":{"start":{"line":140,"column":8},"end":{"line":140,"column":87}},"66":{"start":{"line":142,"column":8},"end":{"line":142,"column":37}},"67":{"start":{"line":146,"column":4},"end":{"line":146,"column":54}},"68":{"start":{"line":147,"column":16},"end":{"line":147,"column":86}},"69":{"start":{"line":147,"column":61},"end":{"line":147,"column":85}},"70":{"start":{"line":148,"column":4},"end":{"line":148,"column":30}},"71":{"start":{"line":148,"column":17},"end":{"line":148,"column":29}},"72":{"start":{"line":151,"column":26},"end":{"line":173,"column":3}},"73":{"start":{"line":153,"column":6},"end":{"line":155,"column":46}},"74":{"start":{"line":156,"column":4},"end":{"line":163,"column":5}},"75":{"start":{"line":157,"column":6},"end":{"line":161,"column":9}},"76":{"start":{"line":162,"column":6},"end":{"line":162,"column":13}},"77":{"start":{"line":164,"column":4},"end":{"line":172,"column":5}},"78":{"start":{"line":165,"column":6},"end":{"line":165,"column":33}},"79":{"start":{"line":167,"column":6},"end":{"line":171,"column":9}},"80":{"start":{"line":175,"column":33},"end":{"line":193,"column":3}},"81":{"start":{"line":176,"column":19},"end":{"line":176,"column":38}},"82":{"start":{"line":177,"column":4},"end":{"line":183,"column":5}},"83":{"start":{"line":178,"column":6},"end":{"line":178,"column":43}},"84":{"start":{"line":182,"column":6},"end":{"line":182,"column":36}},"85":{"start":{"line":184,"column":4},"end":{"line":191,"column":5}},"86":{"start":{"line":185,"column":6},"end":{"line":190,"column":7}},"87":{"start":{"line":186,"column":24},"end":{"line":186,"column":54}},"88":{"start":{"line":187,"column":8},"end":{"line":187,"column":31}},"89":{"start":{"line":192,"column":4},"end":{"line":192,"column":31}},"90":{"start":{"line":195,"column":21},"end":{"line":253,"column":3}},"91":{"start":{"line":196,"column":4},"end":{"line":196,"column":20}},"92":{"start":{"line":197,"column":4},"end":{"line":204,"column":5}},"93":{"start":{"line":198,"column":6},"end":{"line":202,"column":9}},"94":{"start":{"line":203,"column":6},"end":{"line":203,"column":13}},"95":{"start":{"line":205,"column":4},"end":{"line":222,"column":5}},"96":{"start":{"line":206,"column":6},"end":{"line":213,"column":7}},"97":{"start":{"line":207,"column":8},"end":{"line":211,"column":11}},"98":{"start":{"line":212,"column":8},"end":{"line":212,"column":15}},"99":{"start":{"line":214,"column":6},"end":{"line":221,"column":7}},"100":{"start":{"line":215,"column":8},"end":{"line":219,"column":11}},"101":{"start":{"line":220,"column":8},"end":{"line":220,"column":15}},"102":{"start":{"line":224,"column":4},"end":{"line":224,"column":32}},"103":{"start":{"line":225,"column":4},"end":{"line":252,"column":5}},"104":{"start":{"line":226,"column":6},"end":{"line":246,"column":7}},"105":{"start":{"line":227,"column":21},"end":{"line":227,"column":85}},"106":{"start":{"line":228,"column":8},"end":{"line":228,"column":37}},"107":{"start":{"line":230,"column":21},"end":{"line":239,"column":9}},"108":{"start":{"line":240,"column":8},"end":{"line":240,"column":37}},"109":{"start":{"line":241,"column":8},"end":{"line":245,"column":11}},"110":{"start":{"line":248,"column":18},"end":{"line":248,"column":79}},"111":{"start":{"line":249,"column":6},"end":{"line":249,"column":89}},"112":{"start":{"line":251,"column":6},"end":{"line":251,"column":35}},"113":{"start":{"line":255,"column":23},"end":{"line":262,"column":3}},"114":{"start":{"line":256,"column":4},"end":{"line":256,"column":25}},"115":{"start":{"line":257,"column":4},"end":{"line":257,"column":24}},"116":{"start":{"line":258,"column":4},"end":{"line":258,"column":36}},"117":{"start":{"line":259,"column":4},"end":{"line":259,"column":23}},"118":{"start":{"line":260,"column":4},"end":{"line":260,"column":26}},"119":{"start":{"line":261,"column":4},"end":{"line":261,"column":20}},"120":{"start":{"line":264,"column":2},"end":{"line":272,"column":4}},"121":{"start":{"line":271,"column":27},"end":{"line":271,"column":42}}},"fnMap":{"0":{"name":"useAuthSession","decl":{"start":{"line":29,"column":16},"end":{"line":29,"column":30}},"loc":{"start":{"line":29,"column":86},"end":{"line":273,"column":1}},"line":29},"1":{"name":"(anonymous_1)","decl":{"start":{"line":46,"column":4},"end":{"line":46,"column":5}},"loc":{"start":{"line":46,"column":40},"end":{"line":46,"column":63}},"line":46},"2":{"name":"(anonymous_2)","decl":{"start":{"line":51,"column":4},"end":{"line":51,"column":5}},"loc":{"start":{"line":51,"column":33},"end":{"line":67,"column":5}},"line":51},"3":{"name":"(anonymous_3)","decl":{"start":{"line":66,"column":38},"end":{"line":66,"column":39}},"loc":{"start":{"line":66,"column":44},"end":{"line":66,"column":48}},"line":66},"4":{"name":"(anonymous_4)","decl":{"start":{"line":71,"column":43},"end":{"line":71,"column":44}},"loc":{"start":{"line":71,"column":49},"end":{"line":76,"column":3}},"line":71},"5":{"name":"(anonymous_5)","decl":{"start":{"line":78,"column":12},"end":{"line":78,"column":13}},"loc":{"start":{"line":78,"column":18},"end":{"line":120,"column":3}},"line":78},"6":{"name":"(anonymous_6)","decl":{"start":{"line":82,"column":10},"end":{"line":82,"column":11}},"loc":{"start":{"line":82,"column":22},"end":{"line":117,"column":5}},"line":82},"7":{"name":"(anonymous_7)","decl":{"start":{"line":119,"column":11},"end":{"line":119,"column":12}},"loc":{"start":{"line":119,"column":17},"end":{"line":119,"column":42}},"line":119},"8":{"name":"(anonymous_8)","decl":{"start":{"line":123,"column":4},"end":{"line":123,"column":5}},"loc":{"start":{"line":123,"column":47},"end":{"line":126,"column":5}},"line":123},"9":{"name":"(anonymous_9)","decl":{"start":{"line":130,"column":12},"end":{"line":130,"column":13}},"loc":{"start":{"line":130,"column":18},"end":{"line":149,"column":3}},"line":130},"10":{"name":"(anonymous_10)","decl":{"start":{"line":131,"column":27},"end":{"line":131,"column":28}},"loc":{"start":{"line":131,"column":57},"end":{"line":144,"column":5}},"line":131},"11":{"name":"(anonymous_11)","decl":{"start":{"line":147,"column":48},"end":{"line":147,"column":49}},"loc":{"start":{"line":147,"column":61},"end":{"line":147,"column":85}},"line":147},"12":{"name":"(anonymous_12)","decl":{"start":{"line":148,"column":11},"end":{"line":148,"column":12}},"loc":{"start":{"line":148,"column":17},"end":{"line":148,"column":29}},"line":148},"13":{"name":"(anonymous_13)","decl":{"start":{"line":151,"column":26},"end":{"line":151,"column":27}},"loc":{"start":{"line":151,"column":69},"end":{"line":173,"column":3}},"line":151},"14":{"name":"(anonymous_14)","decl":{"start":{"line":175,"column":33},"end":{"line":175,"column":34}},"loc":{"start":{"line":175,"column":83},"end":{"line":193,"column":3}},"line":175},"15":{"name":"(anonymous_15)","decl":{"start":{"line":195,"column":21},"end":{"line":195,"column":22}},"loc":{"start":{"line":195,"column":33},"end":{"line":253,"column":3}},"line":195},"16":{"name":"(anonymous_16)","decl":{"start":{"line":255,"column":23},"end":{"line":255,"column":24}},"loc":{"start":{"line":255,"column":35},"end":{"line":262,"column":3}},"line":255},"17":{"name":"(anonymous_17)","decl":{"start":{"line":271,"column":21},"end":{"line":271,"column":22}},"loc":{"start":{"line":271,"column":27},"end":{"line":271,"column":42}},"line":271}},"branchMap":{"0":{"loc":{"start":{"line":55,"column":8},"end":{"line":56,"column":65}},"type":"binary-expr","locations":[{"start":{"line":55,"column":8},"end":{"line":55,"column":44}},{"start":{"line":56,"column":9},"end":{"line":56,"column":32}},{"start":{"line":56,"column":36},"end":{"line":56,"column":64}}],"line":55},"1":{"loc":{"start":{"line":57,"column":6},"end":{"line":59,"column":7}},"type":"if","locations":[{"start":{"line":57,"column":6},"end":{"line":59,"column":7}},{"start":{},"end":{}}],"line":57},"2":{"loc":{"start":{"line":57,"column":10},"end":{"line":57,"column":79}},"type":"binary-expr","locations":[{"start":{"line":57,"column":10},"end":{"line":57,"column":19}},{"start":{"line":57,"column":23},"end":{"line":57,"column":38}},{"start":{"line":57,"column":42},"end":{"line":57,"column":79}}],"line":57},"3":{"loc":{"start":{"line":61,"column":21},"end":{"line":61,"column":62}},"type":"cond-expr","locations":[{"start":{"line":61,"column":40},"end":{"line":61,"column":55}},{"start":{"line":61,"column":58},"end":{"line":61,"column":62}}],"line":61},"4":{"loc":{"start":{"line":63,"column":6},"end":{"line":65,"column":7}},"type":"if","locations":[{"start":{"line":63,"column":6},"end":{"line":65,"column":7}},{"start":{},"end":{}}],"line":63},"5":{"loc":{"start":{"line":84,"column":6},"end":{"line":97,"column":7}},"type":"if","locations":[{"start":{"line":84,"column":6},"end":{"line":97,"column":7}},{"start":{},"end":{}}],"line":84},"6":{"loc":{"start":{"line":87,"column":10},"end":{"line":89,"column":11}},"type":"if","locations":[{"start":{"line":87,"column":10},"end":{"line":89,"column":11}},{"start":{},"end":{}}],"line":87},"7":{"loc":{"start":{"line":99,"column":6},"end":{"line":114,"column":7}},"type":"if","locations":[{"start":{"line":99,"column":6},"end":{"line":114,"column":7}},{"start":{},"end":{}}],"line":99},"8":{"loc":{"start":{"line":103,"column":10},"end":{"line":105,"column":11}},"type":"if","locations":[{"start":{"line":103,"column":10},"end":{"line":105,"column":11}},{"start":{},"end":{}}],"line":103},"9":{"loc":{"start":{"line":132,"column":6},"end":{"line":132,"column":23}},"type":"if","locations":[{"start":{"line":132,"column":6},"end":{"line":132,"column":23}},{"start":{},"end":{}}],"line":132},"10":{"loc":{"start":{"line":134,"column":6},"end":{"line":134,"column":26}},"type":"if","locations":[{"start":{"line":134,"column":6},"end":{"line":134,"column":26}},{"start":{},"end":{}}],"line":134},"11":{"loc":{"start":{"line":139,"column":20},"end":{"line":139,"column":77}},"type":"cond-expr","locations":[{"start":{"line":139,"column":41},"end":{"line":139,"column":50}},{"start":{"line":139,"column":53},"end":{"line":139,"column":77}}],"line":139},"12":{"loc":{"start":{"line":153,"column":6},"end":{"line":155,"column":46}},"type":"cond-expr","locations":[{"start":{"line":154,"column":10},"end":{"line":154,"column":44}},{"start":{"line":155,"column":10},"end":{"line":155,"column":46}}],"line":153},"13":{"loc":{"start":{"line":156,"column":4},"end":{"line":163,"column":5}},"type":"if","locations":[{"start":{"line":156,"column":4},"end":{"line":163,"column":5}},{"start":{},"end":{}}],"line":156},"14":{"loc":{"start":{"line":177,"column":4},"end":{"line":183,"column":5}},"type":"if","locations":[{"start":{"line":177,"column":4},"end":{"line":183,"column":5}},{"start":{"line":179,"column":11},"end":{"line":183,"column":5}}],"line":177},"15":{"loc":{"start":{"line":184,"column":4},"end":{"line":191,"column":5}},"type":"if","locations":[{"start":{"line":184,"column":4},"end":{"line":191,"column":5}},{"start":{},"end":{}}],"line":184},"16":{"loc":{"start":{"line":197,"column":4},"end":{"line":204,"column":5}},"type":"if","locations":[{"start":{"line":197,"column":4},"end":{"line":204,"column":5}},{"start":{},"end":{}}],"line":197},"17":{"loc":{"start":{"line":197,"column":8},"end":{"line":197,"column":49}},"type":"binary-expr","locations":[{"start":{"line":197,"column":8},"end":{"line":197,"column":25}},{"start":{"line":197,"column":29},"end":{"line":197,"column":49}}],"line":197},"18":{"loc":{"start":{"line":205,"column":4},"end":{"line":222,"column":5}},"type":"if","locations":[{"start":{"line":205,"column":4},"end":{"line":222,"column":5}},{"start":{},"end":{}}],"line":205},"19":{"loc":{"start":{"line":206,"column":6},"end":{"line":213,"column":7}},"type":"if","locations":[{"start":{"line":206,"column":6},"end":{"line":213,"column":7}},{"start":{},"end":{}}],"line":206},"20":{"loc":{"start":{"line":214,"column":6},"end":{"line":221,"column":7}},"type":"if","locations":[{"start":{"line":214,"column":6},"end":{"line":221,"column":7}},{"start":{},"end":{}}],"line":214},"21":{"loc":{"start":{"line":226,"column":6},"end":{"line":246,"column":7}},"type":"if","locations":[{"start":{"line":226,"column":6},"end":{"line":246,"column":7}},{"start":{"line":229,"column":13},"end":{"line":246,"column":7}}],"line":226},"22":{"loc":{"start":{"line":248,"column":18},"end":{"line":248,"column":79}},"type":"cond-expr","locations":[{"start":{"line":248,"column":39},"end":{"line":248,"column":48}},{"start":{"line":248,"column":51},"end":{"line":248,"column":79}}],"line":248}},"s":{"0":0,"1":0,"2":0,"3":0,"4":0,"5":0,"6":0,"7":0,"8":0,"9":0,"10":0,"11":0,"12":0,"13":0,"14":0,"15":0,"16":0,"17":0,"18":0,"19":0,"20":0,"21":0,"22":0,"23":0,"24":0,"25":0,"26":0,"27":0,"28":0,"29":0,"30":0,"31":0,"32":0,"33":0,"34":0,"35":0,"36":0,"37":0,"38":0,"39":0,"40":0,"41":0,"42":0,"43":0,"44":0,"45":0,"46":0,"47":0,"48":0,"49":0,"50":0,"51":0,"52":0,"53":0,"54":0,"55":0,"56":0,"57":0,"58":0,"59":0,"60":0,"61":0,"62":0,"63":0,"64":0,"65":0,"66":0,"67":0,"68":0,"69":0,"70":0,"71":0,"72":0,"73":0,"74":0,"75":0,"76":0,"77":0,"78":0,"79":0,"80":0,"81":0,"82":0,"83":0,"84":0,"85":0,"86":0,"87":0,"88":0,"89":0,"90":0,"91":0,"92":0,"93":0,"94":0,"95":0,"96":0,"97":0,"98":0,"99":0,"100":0,"101":0,"102":0,"103":0,"104":0,"105":0,"106":0,"107":0,"108":0,"109":0,"110":0,"111":0,"112":0,"113":0,"114":0,"115":0,"116":0,"117":0,"118":0,"119":0,"120":0,"121":0},"f":{"0":0,"1":0,"2":0,"3":0,"4":0,"5":0,"6":0,"7":0,"8":0,"9":0,"10":0,"11":0,"12":0,"13":0,"14":0,"15":0,"16":0,"17":0},"b":{"0":[0,0,0],"1":[0,0],"2":[0,0,0],"3":[0,0],"4":[0,0],"5":[0,0],"6":[0,0],"7":[0,0],"8":[0,0],"9":[0,0],"10":[0,0],"11":[0,0],"12":[0,0],"13":[0,0],"14":[0,0],"15":[0,0],"16":[0,0],"17":[0,0],"18":[0,0],"19":[0,0],"20":[0,0],"21":[0,0],"22":[0,0]}}
,"G:\\gem\\stunning-pancake\\mobile\\src\\bootstrap\\useRideLifecycle.ts": {"path":"G:\\gem\\stunning-pancake\\mobile\\src\\bootstrap\\useRideLifecycle.ts","statementMap":{"0":{"start":{"line":67,"column":16},"end":{"line":67,"column":25}},"1":{"start":{"line":69,"column":20},"end":{"line":69,"column":47}},"2":{"start":{"line":71,"column":40},"end":{"line":71,"column":55}},"3":{"start":{"line":73,"column":38},"end":{"line":73,"column":53}},"4":{"start":{"line":75,"column":36},"end":{"line":75,"column":47}},"5":{"start":{"line":77,"column":46},"end":{"line":77,"column":57}},"6":{"start":{"line":79,"column":54},"end":{"line":79,"column":65}},"7":{"start":{"line":81,"column":42},"end":{"line":81,"column":53}},"8":{"start":{"line":83,"column":36},"end":{"line":83,"column":75}},"9":{"start":{"line":85,"column":54},"end":{"line":85,"column":69}},"10":{"start":{"line":87,"column":48},"end":{"line":87,"column":63}},"11":{"start":{"line":89,"column":40},"end":{"line":89,"column":81}},"12":{"start":{"line":93,"column":19},"end":{"line":103,"column":3}},"13":{"start":{"line":97,"column":6},"end":{"line":97,"column":35}},"14":{"start":{"line":107,"column":33},"end":{"line":111,"column":8}},"15":{"start":{"line":109,"column":4},"end":{"line":109,"column":55}},"16":{"start":{"line":115,"column":31},"end":{"line":139,"column":8}},"17":{"start":{"line":117,"column":20},"end":{"line":117,"column":42}},"18":{"start":{"line":119,"column":4},"end":{"line":137,"column":7}},"19":{"start":{"line":121,"column":6},"end":{"line":121,"column":39}},"20":{"start":{"line":123,"column":6},"end":{"line":123,"column":55}},"21":{"start":{"line":125,"column":6},"end":{"line":125,"column":55}},"22":{"start":{"line":127,"column":6},"end":{"line":127,"column":73}},"23":{"start":{"line":129,"column":6},"end":{"line":129,"column":44}},"24":{"start":{"line":131,"column":6},"end":{"line":135,"column":7}},"25":{"start":{"line":133,"column":8},"end":{"line":133,"column":36}},"26":{"start":{"line":143,"column":29},"end":{"line":161,"column":3}},"27":{"start":{"line":147,"column":6},"end":{"line":147,"column":30}},"28":{"start":{"line":149,"column":6},"end":{"line":149,"column":32}},"29":{"start":{"line":151,"column":6},"end":{"line":155,"column":7}},"30":{"start":{"line":153,"column":8},"end":{"line":153,"column":29}},"31":{"start":{"line":165,"column":2},"end":{"line":187,"column":9}},"32":{"start":{"line":167,"column":4},"end":{"line":183,"column":69}},"33":{"start":{"line":171,"column":8},"end":{"line":175,"column":9}},"34":{"start":{"line":173,"column":10},"end":{"line":173,"column":38}},"35":{"start":{"line":177,"column":24},"end":{"line":177,"column":60}},"36":{"start":{"line":179,"column":8},"end":{"line":179,"column":42}},"37":{"start":{"line":179,"column":21},"end":{"line":179,"column":42}},"38":{"start":{"line":183,"column":20},"end":{"line":183,"column":67}},"39":{"start":{"line":185,"column":4},"end":{"line":185,"column":29}},"40":{"start":{"line":191,"column":33},"end":{"line":241,"column":43}},"41":{"start":{"line":193,"column":4},"end":{"line":193,"column":29}},"42":{"start":{"line":195,"column":4},"end":{"line":239,"column":5}},"43":{"start":{"line":197,"column":17},"end":{"line":197,"column":45}},"44":{"start":{"line":199,"column":6},"end":{"line":227,"column":7}},"45":{"start":{"line":201,"column":8},"end":{"line":201,"column":37}},"46":{"start":{"line":203,"column":8},"end":{"line":211,"column":11}},"47":{"start":{"line":215,"column":8},"end":{"line":223,"column":11}},"48":{"start":{"line":225,"column":8},"end":{"line":225,"column":33}},"49":{"start":{"line":231,"column":18},"end":{"line":231,"column":81}},"50":{"start":{"line":233,"column":6},"end":{"line":233,"column":90}},"51":{"start":{"line":237,"column":6},"end":{"line":237,"column":32}},"52":{"start":{"line":245,"column":26},"end":{"line":291,"column":3}},"53":{"start":{"line":249,"column":21},"end":{"line":249,"column":38}},"54":{"start":{"line":251,"column":6},"end":{"line":285,"column":7}},"55":{"start":{"line":253,"column":8},"end":{"line":253,"column":37}},"56":{"start":{"line":255,"column":8},"end":{"line":263,"column":11}},"57":{"start":{"line":265,"column":8},"end":{"line":265,"column":29}},"58":{"start":{"line":267,"column":8},"end":{"line":267,"column":29}},"59":{"start":{"line":269,"column":8},"end":{"line":269,"column":33}},"60":{"start":{"line":271,"column":8},"end":{"line":271,"column":39}},"61":{"start":{"line":273,"column":8},"end":{"line":273,"column":20}},"62":{"start":{"line":277,"column":20},"end":{"line":277,"column":71}},"63":{"start":{"line":279,"column":8},"end":{"line":279,"column":40}},"64":{"start":{"line":281,"column":8},"end":{"line":281,"column":33}},"65":{"start":{"line":283,"column":8},"end":{"line":283,"column":21}},"66":{"start":{"line":295,"column":25},"end":{"line":409,"column":4}},"67":{"start":{"line":297,"column":19},"end":{"line":297,"column":36}},"68":{"start":{"line":299,"column":23},"end":{"line":299,"column":37}},"69":{"start":{"line":301,"column":21},"end":{"line":301,"column":33}},"70":{"start":{"line":303,"column":27},"end":{"line":303,"column":45}},"71":{"start":{"line":305,"column":4},"end":{"line":393,"column":5}},"72":{"start":{"line":307,"column":43},"end":{"line":307,"column":72}},"73":{"start":{"line":309,"column":6},"end":{"line":345,"column":7}},"74":{"start":{"line":311,"column":8},"end":{"line":319,"column":11}},"75":{"start":{"line":321,"column":13},"end":{"line":345,"column":7}},"76":{"start":{"line":323,"column":8},"end":{"line":331,"column":11}},"77":{"start":{"line":335,"column":8},"end":{"line":343,"column":11}},"78":{"start":{"line":349,"column":6},"end":{"line":349,"column":48}},"79":{"start":{"line":351,"column":6},"end":{"line":359,"column":9}},"80":{"start":{"line":363,"column":6},"end":{"line":363,"column":28}},"81":{"start":{"line":365,"column":6},"end":{"line":365,"column":27}},"82":{"start":{"line":367,"column":6},"end":{"line":367,"column":22}},"83":{"start":{"line":369,"column":6},"end":{"line":369,"column":27}},"84":{"start":{"line":371,"column":6},"end":{"line":371,"column":31}},"85":{"start":{"line":373,"column":6},"end":{"line":373,"column":25}},"86":{"start":{"line":375,"column":6},"end":{"line":375,"column":25}},"87":{"start":{"line":377,"column":6},"end":{"line":377,"column":31}},"88":{"start":{"line":379,"column":6},"end":{"line":389,"column":7}},"89":{"start":{"line":381,"column":8},"end":{"line":381,"column":54}},"90":{"start":{"line":383,"column":8},"end":{"line":383,"column":57}},"91":{"start":{"line":385,"column":8},"end":{"line":385,"column":65}},"92":{"start":{"line":387,"column":8},"end":{"line":387,"column":36}},"93":{"start":{"line":391,"column":6},"end":{"line":391,"column":58}},"94":{"start":{"line":413,"column":2},"end":{"line":449,"column":4}},"95":{"start":{"line":447,"column":28},"end":{"line":447,"column":42}}},"fnMap":{"0":{"name":"useRideLifecycle","decl":{"start":{"line":65,"column":16},"end":{"line":65,"column":32}},"loc":{"start":{"line":65,"column":69},"end":{"line":451,"column":1}},"line":65},"1":{"name":"(anonymous_1)","decl":{"start":{"line":95,"column":4},"end":{"line":95,"column":5}},"loc":{"start":{"line":95,"column":37},"end":{"line":99,"column":5}},"line":95},"2":{"name":"(anonymous_2)","decl":{"start":{"line":107,"column":45},"end":{"line":107,"column":46}},"loc":{"start":{"line":107,"column":51},"end":{"line":111,"column":3}},"line":107},"3":{"name":"(anonymous_3)","decl":{"start":{"line":115,"column":43},"end":{"line":115,"column":44}},"loc":{"start":{"line":115,"column":67},"end":{"line":139,"column":3}},"line":115},"4":{"name":"(anonymous_4)","decl":{"start":{"line":119,"column":30},"end":{"line":119,"column":31}},"loc":{"start":{"line":119,"column":56},"end":{"line":137,"column":5}},"line":119},"5":{"name":"(anonymous_5)","decl":{"start":{"line":145,"column":4},"end":{"line":145,"column":5}},"loc":{"start":{"line":145,"column":34},"end":{"line":157,"column":5}},"line":145},"6":{"name":"(anonymous_6)","decl":{"start":{"line":165,"column":12},"end":{"line":165,"column":13}},"loc":{"start":{"line":165,"column":18},"end":{"line":187,"column":3}},"line":165},"7":{"name":"(anonymous_7)","decl":{"start":{"line":169,"column":12},"end":{"line":169,"column":13}},"loc":{"start":{"line":169,"column":30},"end":{"line":181,"column":7}},"line":169},"8":{"name":"(anonymous_8)","decl":{"start":{"line":183,"column":13},"end":{"line":183,"column":14}},"loc":{"start":{"line":183,"column":20},"end":{"line":183,"column":67}},"line":183},"9":{"name":"(anonymous_9)","decl":{"start":{"line":191,"column":45},"end":{"line":191,"column":46}},"loc":{"start":{"line":191,"column":57},"end":{"line":241,"column":3}},"line":191},"10":{"name":"(anonymous_10)","decl":{"start":{"line":247,"column":4},"end":{"line":247,"column":5}},"loc":{"start":{"line":247,"column":74},"end":{"line":287,"column":5}},"line":247},"11":{"name":"(anonymous_11)","decl":{"start":{"line":295,"column":37},"end":{"line":295,"column":38}},"loc":{"start":{"line":295,"column":49},"end":{"line":395,"column":3}},"line":295},"12":{"name":"(anonymous_12)","decl":{"start":{"line":447,"column":22},"end":{"line":447,"column":23}},"loc":{"start":{"line":447,"column":28},"end":{"line":447,"column":42}},"line":447}},"branchMap":{"0":{"loc":{"start":{"line":65,"column":33},"end":{"line":65,"column":67}},"type":"default-arg","locations":[{"start":{"line":65,"column":65},"end":{"line":65,"column":67}}],"line":65},"1":{"loc":{"start":{"line":121,"column":19},"end":{"line":121,"column":37}},"type":"binary-expr","locations":[{"start":{"line":121,"column":19},"end":{"line":121,"column":32}},{"start":{"line":121,"column":36},"end":{"line":121,"column":37}}],"line":121},"2":{"loc":{"start":{"line":123,"column":25},"end":{"line":123,"column":45}},"type":"binary-expr","locations":[{"start":{"line":123,"column":25},"end":{"line":123,"column":40}},{"start":{"line":123,"column":44},"end":{"line":123,"column":45}}],"line":123},"3":{"loc":{"start":{"line":125,"column":28},"end":{"line":125,"column":53}},"type":"binary-expr","locations":[{"start":{"line":125,"column":28},"end":{"line":125,"column":48}},{"start":{"line":125,"column":52},"end":{"line":125,"column":53}}],"line":125},"4":{"loc":{"start":{"line":127,"column":22},"end":{"line":127,"column":71}},"type":"binary-expr","locations":[{"start":{"line":127,"column":22},"end":{"line":127,"column":42}},{"start":{"line":127,"column":46},"end":{"line":127,"column":66}},{"start":{"line":127,"column":70},"end":{"line":127,"column":71}}],"line":127},"5":{"loc":{"start":{"line":129,"column":19},"end":{"line":129,"column":42}},"type":"binary-expr","locations":[{"start":{"line":129,"column":19},"end":{"line":129,"column":34}},{"start":{"line":129,"column":38},"end":{"line":129,"column":42}}],"line":129},"6":{"loc":{"start":{"line":131,"column":6},"end":{"line":135,"column":7}},"type":"if","locations":[{"start":{"line":131,"column":6},"end":{"line":135,"column":7}},{"start":{},"end":{}}],"line":131},"7":{"loc":{"start":{"line":151,"column":6},"end":{"line":155,"column":7}},"type":"if","locations":[{"start":{"line":151,"column":6},"end":{"line":155,"column":7}},{"start":{},"end":{}}],"line":151},"8":{"loc":{"start":{"line":171,"column":8},"end":{"line":175,"column":9}},"type":"if","locations":[{"start":{"line":171,"column":8},"end":{"line":175,"column":9}},{"start":{},"end":{}}],"line":171},"9":{"loc":{"start":{"line":171,"column":12},"end":{"line":171,"column":63}},"type":"binary-expr","locations":[{"start":{"line":171,"column":12},"end":{"line":171,"column":32}},{"start":{"line":171,"column":36},"end":{"line":171,"column":63}}],"line":171},"10":{"loc":{"start":{"line":179,"column":8},"end":{"line":179,"column":42}},"type":"if","locations":[{"start":{"line":179,"column":8},"end":{"line":179,"column":42}},{"start":{},"end":{}}],"line":179},"11":{"loc":{"start":{"line":199,"column":6},"end":{"line":227,"column":7}},"type":"if","locations":[{"start":{"line":199,"column":6},"end":{"line":227,"column":7}},{"start":{"line":213,"column":13},"end":{"line":227,"column":7}}],"line":199},"12":{"loc":{"start":{"line":231,"column":18},"end":{"line":231,"column":81}},"type":"cond-expr","locations":[{"start":{"line":231,"column":39},"end":{"line":231,"column":48}},{"start":{"line":231,"column":51},"end":{"line":231,"column":81}}],"line":231},"13":{"loc":{"start":{"line":247,"column":11},"end":{"line":247,"column":51}},"type":"default-arg","locations":[{"start":{"line":247,"column":45},"end":{"line":247,"column":51}}],"line":247},"14":{"loc":{"start":{"line":277,"column":20},"end":{"line":277,"column":71}},"type":"cond-expr","locations":[{"start":{"line":277,"column":41},"end":{"line":277,"column":50}},{"start":{"line":277,"column":53},"end":{"line":277,"column":71}}],"line":277},"15":{"loc":{"start":{"line":309,"column":6},"end":{"line":345,"column":7}},"type":"if","locations":[{"start":{"line":309,"column":6},"end":{"line":345,"column":7}},{"start":{"line":321,"column":13},"end":{"line":345,"column":7}}],"line":309},"16":{"loc":{"start":{"line":321,"column":13},"end":{"line":345,"column":7}},"type":"if","locations":[{"start":{"line":321,"column":13},"end":{"line":345,"column":7}},{"start":{"line":333,"column":13},"end":{"line":345,"column":7}}],"line":321},"17":{"loc":{"start":{"line":379,"column":6},"end":{"line":389,"column":7}},"type":"if","locations":[{"start":{"line":379,"column":6},"end":{"line":389,"column":7}},{"start":{},"end":{}}],"line":379}},"s":{"0":0,"1":0,"2":0,"3":0,"4":0,"5":0,"6":0,"7":0,"8":0,"9":0,"10":0,"11":0,"12":0,"13":0,"14":0,"15":0,"16":0,"17":0,"18":0,"19":0,"20":0,"21":0,"22":0,"23":0,"24":0,"25":0,"26":0,"27":0,"28":0,"29":0,"30":0,"31":0,"32":0,"33":0,"34":0,"35":0,"36":0,"37":0,"38":0,"39":0,"40":0,"41":0,"42":0,"43":0,"44":0,"45":0,"46":0,"47":0,"48":0,"49":0,"50":0,"51":0,"52":0,"53":0,"54":0,"55":0,"56":0,"57":0,"58":0,"59":0,"60":0,"61":0,"62":0,"63":0,"64":0,"65":0,"66":0,"67":0,"68":0,"69":0,"70":0,"71":0,"72":0,"73":0,"74":0,"75":0,"76":0,"77":0,"78":0,"79":0,"80":0,"81":0,"82":0,"83":0,"84":0,"85":0,"86":0,"87":0,"88":0,"89":0,"90":0,"91":0,"92":0,"93":0,"94":0,"95":0},"f":{"0":0,"1":0,"2":0,"3":0,"4":0,"5":0,"6":0,"7":0,"8":0,"9":0,"10":0,"11":0,"12":0},"b":{"0":[0],"1":[0,0],"2":[0,0],"3":[0,0],"4":[0,0,0],"5":[0,0],"6":[0,0],"7":[0,0],"8":[0,0],"9":[0,0],"10":[0,0],"11":[0,0],"12":[0,0],"13":[0],"14":[0,0],"15":[0,0],"16":[0,0],"17":[0,0]}}
,"G:\\gem\\stunning-pancake\\mobile\\src\\screens\\ActiveRideHUDScreen.tsx": {"path":"G:\\gem\\stunning-pancake\\mobile\\src\\screens\\ActiveRideHUDScreen.tsx","statementMap":{"0":{"start":{"line":18,"column":19},"end":{"line":32,"column":2}},"1":{"start":{"line":19,"column":12},"end":{"line":19,"column":50}},"2":{"start":{"line":20,"column":2},"end":{"line":31,"column":4}},"3":{"start":{"line":53,"column":52},"end":{"line":155,"column":1}},"4":{"start":{"line":70,"column":12},"end":{"line":70,"column":22}},"5":{"start":{"line":71,"column":24},"end":{"line":71,"column":33}},"6":{"start":{"line":72,"column":21},"end":{"line":72,"column":40}},"7":{"start":{"line":73,"column":19},"end":{"line":73,"column":34}},"8":{"start":{"line":75,"column":4},"end":{"line":75,"column":66}},"9":{"start":{"line":76,"column":20},"end":{"line":76,"column":60}},"10":{"start":{"line":77,"column":22},"end":{"line":77,"column":35}},"11":{"start":{"line":79,"column":2},"end":{"line":82,"column":15}},"12":{"start":{"line":80,"column":4},"end":{"line":80,"column":69}},"13":{"start":{"line":81,"column":4},"end":{"line":81,"column":77}},"14":{"start":{"line":84,"column":2},"end":{"line":92,"column":43}},"15":{"start":{"line":85,"column":4},"end":{"line":88,"column":5}},"16":{"start":{"line":86,"column":6},"end":{"line":86,"column":33}},"17":{"start":{"line":87,"column":6},"end":{"line":87,"column":13}},"18":{"start":{"line":89,"column":4},"end":{"line":91,"column":5}},"19":{"start":{"line":90,"column":6},"end":{"line":90,"column":49}},"20":{"start":{"line":94,"column":2},"end":{"line":98,"column":38}},"21":{"start":{"line":95,"column":4},"end":{"line":97,"column":5}},"22":{"start":{"line":96,"column":6},"end":{"line":96,"column":54}},"23":{"start":{"line":100,"column":39},"end":{"line":119,"column":4}},"24":{"start":{"line":102,"column":6},"end":{"line":102,"column":70}},"25":{"start":{"line":103,"column":4},"end":{"line":112,"column":6}},"26":{"start":{"line":121,"column":2},"end":{"line":154,"column":4}},"27":{"start":{"line":140,"column":27},"end":{"line":140,"column":49}},"28":{"start":{"line":147,"column":27},"end":{"line":147,"column":38}},"29":{"start":{"line":148,"column":28},"end":{"line":148,"column":40}},"30":{"start":{"line":149,"column":26},"end":{"line":149,"column":36}}},"fnMap":{"0":{"name":"(anonymous_0)","decl":{"start":{"line":18,"column":37},"end":{"line":18,"column":38}},"loc":{"start":{"line":18,"column":48},"end":{"line":32,"column":1}},"line":18},"1":{"name":"(anonymous_1)","decl":{"start":{"line":53,"column":52},"end":{"line":53,"column":53}},"loc":{"start":{"line":69,"column":6},"end":{"line":155,"column":1}},"line":69},"2":{"name":"(anonymous_2)","decl":{"start":{"line":79,"column":12},"end":{"line":79,"column":13}},"loc":{"start":{"line":79,"column":18},"end":{"line":82,"column":3}},"line":79},"3":{"name":"(anonymous_3)","decl":{"start":{"line":84,"column":12},"end":{"line":84,"column":13}},"loc":{"start":{"line":84,"column":18},"end":{"line":92,"column":3}},"line":84},"4":{"name":"(anonymous_4)","decl":{"start":{"line":94,"column":12},"end":{"line":94,"column":13}},"loc":{"start":{"line":94,"column":18},"end":{"line":98,"column":3}},"line":94},"5":{"name":"(anonymous
[...]
,"G:\\gem\\stunning-pancake\\mobile\\src\\services\\mmkvSupport.ts": {"path":"G:\\gem\\stunning-pancake\\mobile\\src\\services\\mmkvSupport.ts","statementMap":{"0":{"start":{"line":2,"column":28},"end":{"line":2,"column":33}},"1":{"start":{"line":3,"column":25},"end":{"line":3,"column":30}},"2":{"start":{"line":7,"column":2},"end":{"line":7,"column":28}},"3":{"start":{"line":11,"column":2},"end":{"line":11,"column":28}},"4":{"start":{"line":12,"column":2},"end":{"line":12,"column":36}},"5":{"start":{"line":12,"column":29},"end":{"line":12,"column":36}},"6":{"start":{"line":13,"column":2},"end":{"line":13,"column":31}},"7":{"start":{"line":14,"column":2},"end":{"line":14,"column":23}},"8":{"start":{"line":14,"column":16},"end":{"line":14,"column":23}},"9":{"start":{"line":15,"column":2},"end":{"line":18,"column":4}}},"fnMap":{"0":{"name":"isMmkvFallbackActive","decl":{"start":{"line":6,"column":16},"end":{"line":6,"column":36}},"loc":{"start":{"line":6,"column":48},"end":{"line":8,"column":1}},"line":6},"1":{"name":"warnMmkvUnavailable","decl":{"start":{"line":10,"column":16},"end":{"line":10,"column":35}},"loc":{"start":{"line":10,"column":75},"end":{"line":19,"column":1}},"line":10}},"branchMap":{"0":{"loc":{"start":{"line":12,"column":2},"end":{"line":12,"column":36}},"type":"if","locations":[{"start":{"line":12,"column":2},"end":{"line":12,"column":36}},{"start":{},"end":{}}],"line":12},"1":{"loc":{"start":{"line":14,"column":2},"end":{"line":14,"column":23}},"type":"if","locations":[{"start":{"line":14,"column":2},"end":{"line":14,"column":23}},{"start":{},"end":{}}],"line":14}},"s":{"0":2,"1":2,"2":0,"3":0,"4":0,"5":0,"6":0,"7":0,"8":0,"9":0},"f":{"0":0,"1":0},"b":{"0":[0,0],"1":[0,0]},"_coverageSchema":"1a1c01bbd47fc00a2c39e90264f33305004495a9","hash":"0e694603267dbde1f7be1254ff4e45bca9126c49"}
,"G:\\gem\\stunning-pancake\\mobile\\src\\services\\performanceBudget.ts": {"path":"G:\\gem\\stunning-pancake\\mobile\\src\\services\\performanceBudget.ts","statementMap":{"0":{"start":{"line":7,"column":35},"end":{"line":16,"column":10}},"1":{"start":{"line":20,"column":28},"end":{"line":20,"column":34}},"2":{"start":{"line":21,"column":24},"end":{"line":21,"column":64}},"3":{"start":{"line":27,"column":15},"end":{"line":27,"column":40}},"4":{"start":{"line":28,"column":17},"end":{"line":28,"column":27}},"5":{"start":{"line":29,"column":23},"end":{"line":29,"column":78}},"6":{"start":{"line":31,"column":2},"end":{"line":45,"column":3}},"7":{"start":{"line":32,"column":16},"end":{"line":32,"column":26}},"8":{"start":{"line":33,"column":17},"end":{"line":33,"column":47}},"9":{"start":{"line":34,"column":4},"end":{"line":44,"column":5}},"10":{"start":{"line":35,"column":6},"end":{"line":35,"column":37}},"11":{"start":{"line":36,"column":6},"end":{"line":40,"column":9}},"12":{"start":{"line":41,"column":6},"end":{"line":43,"column":7}},"13":{"start":{"line":42,"column":8},"end":{"line":42,"column":84}},"14":{"start":{"line":47,"column":2},"end":{"line":47,"column":34}},"15":{"start":{"line":54,"column":18},"end":{"line":54,"column":28}},"16":{"start":{"line":55,"column":2},"end":{"line":59,"column":3}},"17":{"start":{"line":56,"column":4},"end":{"line":56,"column":22}},"18":{"start":{"line":58,"column":4},"end":{"line":58,"column":56}},"19":{"start":{"line":63,"column":18},"end":{"line":63,"column":28}},"20":{"start":{"line":64,"column":2},"end":{"line":68,"column":3}},"21":{"start":{"line":65,"column":4},"end":{"line":65,"column":16}},"22":{"start":{"line":67,"column":4},"end":{"line":67,"column":56}},"23":{"start":{"line":73,"column":2},"end":{"line":73,"column":26}}},"fnMap":{"0":{"name":"recordPerformanceMetric","decl":{"start":{"line":23,"column":16},"end":{"line":23,"column":39}},"loc":{"start":{"line":26,"column":45},"end":{"line":48,"column":1}},"line":26},"1":{"name":"measureAsync","decl":{"start":{"line":50,"column":22},"end":{"line":50,"column":34}},"loc":{"start":{"line":53,"column":14},"end":{"line":60,"column":1}},"line":53},"2":{"name":"measureSync","decl":{"start":{"line":62,"column":16},"end":{"line":62,"column":27}},"loc":{"start":{"line":62,"column":76},"end":{"line":69,"column":1}},"line":62},"3":{"name":"__resetPerfBudgetForTests","decl":{"start":{"line":72,"column":16},"end":{"line":72,"column":41}},"loc":{"start":{"line":72,"column":50},"end":{"line":74,"column":1}},"line":72}},"branchMap":{"0":{"loc":{"start":{"line":29,"column":23},"end":{"line":29,"column":78}},"type":"cond-expr","locations":[{"start":{"line":29,"column":45},"end":{"line":29,"column":60}},{"start":{"line":29,"column":63},"end":{"line":29,"column":78}}],"line":29},"1":{"loc":{"start":{"line":31,"column":2},"end":{"line":45,"column":3}},"type":"if","locations":[{"start":{"line":31,"column":2},"end":{"line":45,"column":3}},{"start":{},"end":{}}],"line":31},"2":{"loc":{"start":{"line":33,"column":17},"end":{"line":33,"column":47}},"type":"binary-expr","locations":[{"start":{"line":33,"column":17},"end":{"line":33,"column":42}},{"start":{"line":33,"column":46},"end":{"line":33,"column":47}}],"line":33},"3":{"loc":{"start":{"line":34,"column":4},"end":{"line":44,"column":5}},"type":"if","locations":[{"start":{"line":34,"column":4},"end":{"line":44,"column":5}},{"start":{},"end":{}}],"line":34},"4":{"loc":{"start":{"line":41,"column":6},"end":{"line":43,"column":7}},"type":"if","locations":[{"start":{"line":41,"column":6},"end":{"line":43,"column":7}},{"start":{},"end":{}}],"line":41}},"s":{"0":1,"1":1,"2":1,"3":3,"4":3,"5":3,"6":3,"7":1,"8":1,"9":1,"10":1,"11":1,"12":1,"13":1,"14":3,"15":0,"16":0,"17":0,"18":0,"19":0,"20":0,"21":0,"22":0,"23":3},"f":{"0":3,"1":0,"2":0,"3":3},"b":{"0":[2,1],"1":[1,2],"2":[1,1],"3":[1,0],"4":[1,0]},"_coverageSchema":"1a1c01bbd47fc00a2c39e90264f33305004495a9","hash":"af806711e30bb8ce005a092674778ae20899360d"}
,"G:\\gem\\stunning-pancake\\mobile\\src\\services\\rideSessionService.ts": {"path":"G:\\gem\\stunning-pancake\\mobile\\src\\services\\rideSessionService.ts","statementMap":{"0":{"start":{"line":14,"column":22},"end":{"line":14,"column":37}},"1":{"start":{"line":16,"column":41},"end":{"line":16,"column":45}},"2":{"start":{"line":19,"column":2},"end":{"line":23,"column":3}},"3":{"start":{"line":20,"column":4},"end":{"line":20,"column":22}},"4":{"start":{"line":22,"column":4},"end":{"line":22,"column":16}},"5":{"start":{"line":27,"column":16},"end":{"line":27,"column":28}},"6":{"start":{"line":28,"column":19},"end":{"line":28,"column":50}},"7":{"start":{"line":29,"column":2},"end":{"line":29,"column":32}},"8":{"start":{"line":29,"column":16},"end":{"line":29,"column":32}},"9":{"start":{"line":30,"column":13},"end":{"line":30,"column":90}},"10":{"start":{"line":31,"column":2},"end":{"line":31,"column":32}},"11":{"start":{"line":32,"column":2},"end":{"line":32,"column":12}},"12":{"start":{"line":36,"column":2},"end":{"line":40,"column":3}},"13":{"start":{"line":37,"column":4},"end":{"line":37,"column":68}},"14":{"start":{"line":38,"column":9},"end":{"line":40,"column":3}},"15":{"start":{"line":39,"column":4},"end":{"line":39,"column":34}},"16":{"start":{"line":41,"column":2},"end":{"line":41,"column":21}},"17":{"start":{"line":49,"column":21},"end":{"line":53,"column":4}},"18":{"start":{"line":54,"column":18},"end":{"line":54,"column":51}},"19":{"start":{"line":55,"column":2},"end":{"line":55,"column":70}},"20":{"start":{"line":56,"column":2},"end":{"line":56,"column":20}},"21":{"start":{"line":62,"column":18},"end":{"line":62,"column":43}},"22":{"start":{"line":63,"column":2},"end":{"line":63,"column":32}},"23":{"start":{"line":70,"column":2},"end":{"line":70,"column":44}},"24":{"start":{"line":70,"column":31},"end":{"line":70,"column":44}},"25":{"start":{"line":71,"column":2},"end":{"line":71,"column":28}},"26":{"start":{"line":72,"column":2},"end":{"line":72,"column":38}},"27":{"start":{"line":73,"column":2},"end":{"line":73,"column":14}}},"fnMap":{"0":{"name":"appStorage","decl":{"start":{"line":18,"column":9},"end":{"line":18,"column":19}},"loc":{"start":{"line":18,"column":35},"end":{"line":24,"column":1}},"line":18},"1":{"name":"getOrCreateDeviceId","decl":{"start":{"line":26,"column":16},"end":{"line":26,"column":35}},"loc":{"start":{"line":26,"column":46},"end":{"line":33,"column":1}},"line":26},"2":{"name":"getRideGpsManager","decl":{"start":{"line":35,"column":16},"end":{"line":35,"column":33}},"loc":{"start":{"line":35,"column":73},"end":{"line":42,"column":1}},"line":35},"3":{"name":"startRideSession","decl":{"start":{"line":44,"column":22},"end":{"line":44,"column":38}},"loc":{"start":{"line":48,"column":20},"end":{"line":57,"column":1}},"line":48},"4":{"name":"stopRideSession","decl":{"start":{"line":59,"column":22},"end":{"line":59,"column":37}},"loc":{"start":{"line":61,"column":58},"end":{"line":64,"column":1}},"line":61},"5":{"name":"resumeActiveRideIfNeeded","decl":{"start":{"line":67,"column":22},"end":{"line":67,"column":46}},"loc":{"start":{"line":69,"column":20},"end":{"line":74,"column":1}},"line":69}},"branchMap":{"0":{"loc":{"start":{"line":29,"column":2},"end":{"line":29,"column":32}},"type":"if","locations":[{"start":{"line":29,"column":2},"end":{"line":29,"column":32}},{"start":{},"end":{}}],"line":29},"1":{"loc":{"start":{"line":36,"column":2},"end":{"line":40,"column":3}},"type":"if","locations":[{"start":{"line":36,"column":2},"end":{"line":40,"column":3}},{"start":{"line":38,"column":9},"end":{"line":40,"column":3}}],"line":36},"2":{"loc":{"start":{"line":38,"column":9},"end":{"line":40,"column":3}},"type":"if","locations":[{"start":{"line":38,"column":9},"end":{"line":40,"column":3}},{"start":{},"end":{}}],"line":38},"3":{"loc":{"start":{"line":50,"column":10},"end":{"line":50,"column":32}},"type":"binary-expr","locations":[{"start":{"line":50,"column":10},"end":{"line":50,"column":22}},{"start":{"line":50,"column":26},"end":{"line":50,"column":32}}],"line":50},"4":{"loc":{"start":{"line":70,"column":2},"end":{"line":70,"column":44}},"type":"if","locations":[{"start":{"line":70,"column":2},"end":{"line":70,"column":44}},{"start":{},"end":{}}],"line":70}},"s":{"0":1,"1":1,"2":1,"3":1,"4":0,"5":1,"6":1,"7":1,"8":1,"9":0,"10":0,"11":0,"12":3,"13":1,"14":2,"15":1,"16":3,"17":2,"18":2,"19":2,"20":2,"21":1,"22":1,"23":0,"24":0,"25":0,"26":0,"27":0},"f":{"0":1,"1":1,"2":3,"3":2,"4":1,"5":0},"b":{"0":[1,0],"1":[1,2],"2":[1,1],"3":[2,1],"4":[0,0]},"_coverageSchema":"1a1c01bbd47fc00a2c39e90264f33305004495a9","hash":"fb719899f4f48ba0060a6af84935f1990653bb54"}
,"G:\\gem\\stunning-pancake\\mobile\\src\\services\\sessionDurability.ts": {"path":"G:\\gem\\stunning-pancake\\mobile\\src\\services\\sessionDurability.ts","statementMap":{"0":{"start":{"line":15,"column":28},"end":{"line":15,"column":32}},"1":{"start":{"line":18,"column":2},"end":{"line":24,"column":3}},"2":{"start":{"line":19,"column":4},"end":{"line":23,"column":5}},"3":{"start":{"line":20,"column":6},"end":{"line":20,"column":48}},"4":{"start":{"line":22,"column":6},"end":{"line":22,"column":18}},"5":{"start":{"line":25,"column":2},"end":{"line":25,"column":39}},"6":{"start":{"line":31,"column":18},"end":{"line":31,"column":30}},"7":{"start":{"line":32,"column":40},"end":{"line":35,"column":3}},"8":{"start":{"line":36,"column":2},"end":{"line":36,"column":65}},"9":{"start":{"line":36,"column":32},"end":{"line":36,"column":65}},"10":{"start":{"line":38,"column":2},"end":{"line":53,"column":3}},"11":{"start":{"line":39,"column":16},"end":{"line":39,"column":87}},"12":{"start":{"line":40,"column":15},"end":{"line":40,"column":27}},"13":{"start":{"line":41,"column":4},"end":{"line":41,"column":62}},"14":{"start":{"line":41,"column":13},"end":{"line":41,"column":62}},"15":{"start":{"line":42,"column":4},"end":{"line":42,"column":46}},"16":{"start":{"line":42,"column":17},"end":{"line":42,"column":46}},"17":{"start":{"line":43,"column":4},"end":{"line":43,"column":14}},"18":{"start":{"line":45,"column":4},"end":{"line":51,"column":5}},"19":{"start":{"line":46,"column":6},"end":{"line":50,"column":9}},"20":{"start":{"line":52,"column":4},"end":{"line":52,"column":14}}},"fnMap":{"0":{"name":"getStorage","decl":{"start":{"line":17,"column":9},"end":{"line":17,"column":19}},"loc":{"start":{"line":17,"column":48},"end":{"line":26,"column":1}},"line":17},"1":{"name":"createSessionWithDurability","decl":{"start":{"line":28,"column":22},"end":{"line":28,"column":49}},"loc":{"start":{"line":30,"column":19},"end":{"line":54,"column":1}},"line":30}},"branchMap":{"0":{"loc":{"start":{"line":18,"column":2},"end":{"line":24,"column":3}},"type":"if","locations":[{"start":{"line":18,"column":2},"end":{"line":24,"column":3}},{"start":{},"end":{}}],"line":18},"1":{"loc":{"start":{"line":36,"column":2},"end":{"line":36,"column":65}},"type":"if","locations":[{"start":{"line":36,"column":2},"end":{"line":36,"column":65}},{"start":{},"end":{}}],"line":36},"2":{"loc":{"start":{"line":41,"column":4},"end":{"line":41,"column":62}},"type":"if","locations":[{"start":{"line":41,"column":4},"end":{"line":41,"column":62}},{"start":{},"end":{}}],"line":41},"3":{"loc":{"start":{"line":42,"column":4},"end":{"line":42,"column":46}},"type":"if","locations":[{"start":{"line":42,"column":4},"end":{"line":42,"column":46}},{"start":{},"end":{}}],"line":42},"4":{"loc":{"start":{"line":45,"column":4},"end":{"line":51,"column":5}},"type":"if","locations":[{"start":{"line":45,"column":4},"end":{"line":51,"column":5}},{"start":{},"end":{}}],"line":45}},"s":{"0":1,"1":0,"2":0,"3":0,"4":0,"5":0,"6":0,"7":0,"8":0,"9":0,"10":0,"11":0,"12":0,"13":0,"14":0,"15":0,"16":0,"17":0,"18":0,"19":0,"20":0},"f":{"0":0,"1":0},"b":{"0":[0,0],"1":[0,0],"2":[0,0],"3":[0,0],"4":[0,0]},"_coverageSchema":"1a1c01bbd47fc00a2c39e90264f33305004495a9","hash":"caa83da4482d3f23197217ae3c5f936109e53d7f"}
,"G:\\gem\\stunning-pancake\\mobile\\src\\services\\socialAuth.ts": {"path":"G:\\gem\\stunning-pancake\\mobile\\src\\services\\socialAuth.ts","statementMap":{"0":{"start":{"line":4,"column":29},"end":{"line":4,"column":77}},"1":{"start":{"line":5,"column":17},"end":{"line":5,"column":89}},"2":{"start":{"line":7,"column":0},"end":{"line":11,"column":1}},"3":{"start":{"line":8,"column":2},"end":{"line":10,"column":4}},"4":{"start":{"line":13,"column":33},"end":{"line":35,"column":1}},"5":{"start":{"line":15,"column":4},"end":{"line":15,"column":82}},"6":{"start":{"line":17,"column":4},"end":{"line":17,"column":84}},"7":{"start":{"line":20,"column":19},"end":{"line":20,"column":37}},"8":{"start":{"line":21,"column":17},"end":{"line":21,"column":34}},"9":{"start":{"line":22,"column":4},"end":{"line":24,"column":5}},"10":{"start":{"line":23,"column":6},"end":{"line":23,"column":18}},"11":{"start":{"line":25,"column":19},"end":{"line":25,"column":45}},"12":{"start":{"line":26,"column":20},"end":{"line":26,"column":47}},"13":{"start":{"line":27,"column":4},"end":{"line":32,"column":5}},"14":{"start":{"line":28,"column":6},"end":{"line":30,"column":7}},"15":{"start":{"line":29,"column":8},"end":{"line":29,"column":67}},"16":{"start":{"line":31,"column":6},"end":{"line":31,"column":33}},"17":{"start":{"line":33,"column":4},"end":{"line":33,"column":16}}},"fnMap":{"0":{"name":"(anonymous_0)","decl":{"start":{"line":14,"column":18},"end":{"line":14,"column":19}},"loc":{"start":{"line":15,"column":4},"end":{"line":15,"column":82}},"line":15},"1":{"name":"(anonymous_1)","decl":{"start":{"line":16,"column":20},"end":{"line":16,"column":21}},"loc":{"start":{"line":17,"column":4},"end":{"line":17,"column":84}},"line":17},"2":{"name":"(anonymous_2)","decl":{"start":{"line":19,"column":2},"end":{"line":19,"column":3}},"loc":{"start":{"line":19,"column":76},"end":{"line":34,"column":3}},"line":19}},"branchMap":{"0":{"loc":{"start":{"line":5,"column":17},"end":{"line":5,"column":89}},"type":"binary-expr","locations":[{"start":{"line":5,"column":17},"end":{"line":5,"column":48}},{"start":{"line":5,"column":53},"end":{"line":5,"column":88}}],"line":5},"1":{"loc":{"start":{"line":5,"column":53},"end":{"line":5,"column":88}},"type":"cond-expr","locations":[{"start":{"line":5,"column":63},"end":{"line":5,"column":83}},{"start":{"line":5,"column":86},"end":{"line":5,"column":88}}],"line":5},"2":{"loc":{"start":{"line":7,"column":0},"end":{"line":11,"column":1}},"type":"if","locations":[{"start":{"line":7,"column":0},"end":{"line":11,"column":1}},{"start":{},"end":{}}],"line":7},"3":{"loc":{"start":{"line":15,"column":4},"end":{"line":15,"column":82}},"type":"cond-expr","locations":[{"start":{"line":15,"column":15},"end":{"line":15,"column":75}},{"start":{"line":15,"column":78},"end":{"line":15,"column":82}}],"line":15},"4":{"loc":{"start":{"line":17,"column":4},"end":{"line":17,"column":84}},"type":"cond-expr","locations":[{"start":{"line":17,"column":15},"end":{"line":17,"column":77}},{"start":{"line":17,"column":80},"end":{"line":17,"column":84}}],"line":17},"5":{"loc":{"start":{"line":21,"column":17},"end":{"line":21,"column":34}},"type":"binary-expr","locations":[{"start":{"line":21,"column":17},"end":{"line":21,"column":28}},{"start":{"line":21,"column":32},"end":{"line":21,"column":34}}],"line":21},"6":{"loc":{"start":{"line":22,"column":4},"end":{"line":24,"column":5}},"type":"if","locations":[{"start":{"line":22,"column":4},"end":{"line":24,"column":5}},{"start":{},"end":{}}],"line":22},"7":{"loc":{"start":{"line":27,"column":4},"end":{"line":32,"column":5}},"type":"if","locations":[{"start":{"line":27,"column":4},"end":{"line":32,"column":5}},{"start":{},"end":{}}],"line":27},"8":{"loc":{"start":{"line":27,"column":8},"end":{"line":27,"column":65}},"type":"binary-expr","locations":[{"start":{"line":27,"column":8},"end":{"line":27,"column":34}},{"start":{"line":27,"column":38},"end":{"line":27,"column":65}}],"line":27},"9":{"loc":{"start":{"line":28,"column":6},"end":{"line":30,"column":7}},"type":"if","locations":[{"start":{"line":28,"column":6},"end":{"line":30,"column":7}},{"start":{},"end":{}}],"line":28}},"s":{"0":2,"1":2,"2":2,"3":1,"4":2,"5":2,"6":2,"7":0,"8":0,"9":0,"10":0,"11":0,"12":0,"13":0,"14":0,"15":0,"16":0,"17":0},"f":{"0":2,"1":2,"2":0},"b":{"0":[2,2],"1":[1,1],"2":[1,1],"3":[1,1],"4":[1,1],"5":[0,0],"6":[0,0],"7":[0,0],"8":[0,0],"9":[0,0]},"_coverageSchema":"1a1c01bbd47fc00a2c39e90264f33305004495a9","hash":"1f503055869866c6b2f8eaa7e78a65c665614ed8"}
}
