TN:
SF:src\bootstrap\AuthScreen.tsx
FN:35,AuthScreen
FN:88,(anonymous_1)
FN:95,(anonymous_2)
FN:102,(anonymous_3)
FN:109,(anonymous_4)
FN:149,(anonymous_5)
FN:156,(anonymous_6)
FNF:7
FNH:1
FNDA:1,AuthScreen
FNDA:0,(anonymous_1)
FNDA:0,(anonymous_2)
FNDA:0,(anonymous_3)
FNDA:0,(anonymous_4)
FNDA:0,(anonymous_5)
FNDA:0,(anonymous_6)
DA:36,1
DA:37,1
DA:38,1
DA:39,1
DA:41,1
DA:88,0
DA:95,0
DA:102,0
DA:109,0
DA:149,0
DA:156,0
LF:11
LH:5
BRDA:42,0,0,1
BRDA:42,0,1,0
BRDA:43,1,0,1
BRDA:43,1,1,0
BRDA:45,2,0,0
BRDA:45,2,1,1
BRDA:59,3,0,1
BRDA:59,3,1,1
BRDA:70,4,0,1
BRDA:70,4,1,0
BRDA:79,5,0,1
BRDA:79,5,1,1
BRDA:84,6,0,1
BRDA:84,6,1,0
BRDA:105,7,0,1
BRDA:105,7,1,0
BRDA:121,8,0,1
BRDA:121,8,1,1
BRDA:131,9,0,0
BRDA:131,9,1,1
BRDA:133,10,0,1
BRDA:133,10,1,0
BRDA:141,11,0,1
BRDA:141,11,1,0
BRF:24
BRH:15
end_of_record
TN:
SF:src\bootstrap\ErrorBoundary.tsx
FN:9,(anonymous_0)
FN:14,(anonymous_1)
FN:18,(anonymous_2)
FNF:3
FNH:0
FNDA:0,(anonymous_0)
FNDA:0,(anonymous_1)
FNDA:0,(anonymous_2)
DA:10,0
DA:11,0
DA:15,0
DA:19,0
DA:20,0
DA:21,0
DA:22,0
DA:27,0
DA:32,0
DA:33,0
DA:60,0
LF:11
LH:0
BRDA:19,0,0,0
BRDA:19,0,1,0
BRDA:22,1,0,0
BRDA:22,1,1,0
BRDA:53,2,0,0
BRDA:53,2,1,0
BRDA:55,3,0,0
BRDA:55,3,1,0
BRF:8
BRH:0
end_of_record
TN:
SF:src\bootstrap\NavigationShell.tsx
FN:81,MainTabs
FN:111,(anonymous_1)
FN:119,(anonymous_2)
FN:127,(anonymous_3)
FN:129,(anonymous_4)
FN:139,(anonymous_5)
FN:140,(anonymous_6)
FN:141,(anonymous_7)
FN:142,(anonymous_8)
FN:152,(anonymous_9)
FN:155,(anonymous_10)
FN:156,(anonymous_11)
FN:157,(anonymous_12)
FN:162,(anonymous_13)
FN:164,(anonymous_14)
FN:165,(anonymous_15)
FN:170,(anonymous_16)
FN:174,(anonymous_17)
FN:175,(anonymous_18)
FN:176,(anonymous_19)
FN:177,(anonymous_20)
FN:181,(anonymous_21)
FN:182,(anonymous_22)
FN:191,(anonymous_23)
FN:195,(anonymous_24)
FN:196,(anonymous_25)
FN:205,NavigationShell
FN:238,(anonymous_27)
FN:243,(anonymous_28)
FN:294,(anonymous_29)
FN:323,(anonymous_30)
FN:325,(anonymous_31)
FN:331,(anonymous_32)
FN:334,(anonymous_33)
FN:335,(anonymous_34)
FN:344,(anonymous_35)
FN:345,(anonymous_36)
FN:349,(anonymous_37)
FN:351,(anonymous_38)
FN:357,(anonymous_39)
FN:359,(anonymous_40)
FN:365,(anonymous_41)
FN:367,(anonymous_42)
FN:373,(anonymous_43)
FN:375,(anonymous_44)
FN:381,(anonymous_45)
FN:385,(anonymous_46)
FN:391,(anonymous_47)
FN:393,(anonymous_48)
FN:399,(anonymous_49)
FN:401,(anonymous_50)
FN:410,(anonymous_51)
FN:412,(anonymous_52)
FN:416,(anonymous_53)
FN:419,(anonymous_54)
FN:433,(anonymous_55)
FN:440,(anonymous_56)
FN:441,(anonymous_57)
FNF:58
FNH:0
FNDA:0,MainTabs
FNDA:0,(anonymous_1)
FNDA:0,(anonymous_2)
FNDA:0,(anonymous_3)
FNDA:0,(anonymous_4)
FNDA:0,(anonymous_5)
FNDA:0,(anonymous_6)
FNDA:0,(anonymous_7)
FNDA:0,(anonymous_8)
FNDA:0,(anonymous_9)
FNDA:0,(anonymous_10)
FNDA:0,(anonymous_11)
FNDA:0,(anonymous_12)
FNDA:0,(anonymous_13)
FNDA:0,(anonymous_14)
FNDA:0,(anonymous_15)
FNDA:0,(anonymous_16)
FNDA:0,(anonymous_17)
FNDA:0,(anonymous_18)
FNDA:0,(anonymous_19)
FNDA:0,(anonymous_20)
FNDA:0,(anonymous_21)
FNDA:0,(anonymous_22)
FNDA:0,(anonymous_23)
FNDA:0,(anonymous_24)
FNDA:0,(anonymous_25)
FNDA:0,NavigationShell
FNDA:0,(anonymous_27)
FNDA:0,(anonymous_28)
FNDA:0,(anonymous_29)
FNDA:0,(anonymous_30)
FNDA:0,(anonymous_31)
FNDA:0,(anonymous_32)
FNDA:0,(anonymous_33)
FNDA:0,(anonymous_34)
FNDA:0,(anonymous_35)
FNDA:0,(anonymous_36)
FNDA:0,(anonymous_37)
FNDA:0,(anonymous_38)
FNDA:0,(anonymous_39)
FNDA:0,(anonymous_40)
FNDA:0,(anonymous_41)
FNDA:0,(anonymous_42)
FNDA:0,(anonymous_43)
FNDA:0,(anonymous_44)
FNDA:0,(anonymous_45)
FNDA:0,(anonymous_46)
FNDA:0,(anonymous_47)
FNDA:0,(anonymous_48)
FNDA:0,(anonymous_49)
FNDA:0,(anonymous_50)
FNDA:0,(anonymous_51)
FNDA:0,(anonymous_52)
FNDA:0,(anonymous_53)
FNDA:0,(anonymous_54)
FNDA:0,(anonymous_55)
FNDA:0,(anonymous_56)
FNDA:0,(anonymous_57)
DA:41,0
DA:42,0
DA:103,0
DA:105,0
DA:111,0
DA:115,0
DA:116,0
DA:119,0
DA:120,0
DA:121,0
DA:122,0
DA:126,0
DA:127,0
DA:130,0
DA:139,0
DA:140,0
DA:141,0
DA:142,0
DA:153,0
DA:155,0
DA:156,0
DA:157,0
DA:163,0
DA:164,0
DA:165,0
DA:171,0
DA:174,0
DA:175,0
DA:176,0
DA:177,0
DA:181,0
DA:183,0
DA:192,0
DA:193,0
DA:195,0
DA:196,0
DA:229,0
DA:231,0
DA:232,0
DA:233,0
DA:234,0
DA:235,0
DA:236,0
DA:238,0
DA:239,0
DA:240,0
DA:243,0
DA:244,0
DA:245,0
DA:246,0
DA:247,0
DA:248,0
DA:253,0
DA:255,0
DA:256,0
DA:262,0
DA:263,0
DA:264,0
DA:269,0
DA:270,0
DA:271,0
DA:275,0
DA:278,0
DA:279,0
DA:281,0
DA:289,0
DA:295,0
DA:324,0
DA:325,0
DA:332,0
DA:334,0
DA:335,0
DA:345,0
DA:350,0
DA:351,0
DA:358,0
DA:359,0
DA:366,0
DA:367,0
DA:374,0
DA:375,0
DA:382,0
DA:385,0
DA:392,0
DA:393,0
DA:400,0
DA:401,0
DA:411,0
DA:413,0
DA:414,0
DA:417,0
DA:418,0
DA:419,0
DA:420,0
DA:421,0
DA:422,0
DA:434,0
DA:440,0
DA:442,0
DA:443,0
LF:100
LH:0
BRDA:112,0,0,0
BRDA:116,1,0,0
BRDA:116,1,1,0
BRDA:121,2,0,0
BRDA:121,2,1,0
BRDA:121,3,0,0
BRDA:121,3,1,0
BRDA:121,3,2,0
BRDA:122,4,0,0
BRDA:122,4,1,0
BRDA:132,5,0,0
BRDA:132,5,1,0
BRDA:133,6,0,0
BRDA:133,6,1,0
BRDA:133,7,0,0
BRDA:133,7,1,0
BRDA:154,8,0,0
BRDA:154,8,1,0
BRDA:154,9,0,0
BRDA:154,9,1,0
BRDA:172,10,0,0
BRDA:172,10,1,0
BRDA:184,11,0,0
BRDA:184,11,1,0
BRDA:235,12,0,0
BRDA:235,12,1,0
BRDA:236,13,0,0
BRDA:236,13,1,0
BRDA:239,14,0,0
BRDA:239,14,1,0
BRDA:247,15,0,0
BRDA:247,15,1,0
BRDA:263,16,0,0
BRDA:263,16,1,0
BRDA:269,17,0,0
BRDA:269,17,1,0
BRDA:421,18,0,0
BRDA:421,18,1,0
BRDA:421,19,0,0
BRDA:421,19,1,0
BRDA:421,19,2,0
BRDA:422,20,0,0
BRDA:422,20,1,0
BRDA:439,21,0,0
BRDA:439,21,1,0
BRDA:446,22,0,0
BRDA:446,22,1,0
BRF:47
BRH:0
end_of_record
TN:
SF:src\bootstrap\e2eConfig.ts
FN:4,readExtra
FN:15,readEnv
FN:24,readEnvFlag
FN:36,isE2eAutoLoginEnabled
FN:41,shouldSkipOnboardingForE2e
FNF:5
FNH:5
FNDA:12,readExtra
FNDA:12,readEnv
FNDA:6,readEnvFlag
FNDA:3,isE2eAutoLoginEnabled
FNDA:2,shouldSkipOnboardingForE2e
DA:5,12
DA:6,12
DA:9,12
DA:12,12
DA:16,12
DA:17,12
DA:18,12
DA:19,4
DA:20,4
DA:21,4
DA:25,6
DA:28,2
DA:37,3
DA:42,2
DA:43,2
DA:44,1
LF:16
LH:16
BRDA:18,0,0,8
BRDA:18,0,1,4
BRDA:18,1,0,12
BRDA:18,1,1,8
BRDA:20,2,0,0
BRDA:20,2,1,4
BRDA:20,3,0,4
BRDA:20,3,1,0
BRDA:31,4,0,2
BRDA:31,4,1,0
BRDA:32,5,0,2
BRDA:32,5,1,0
BRDA:37,6,0,3
BRDA:37,6,1,3
BRDA:37,7,0,3
BRDA:37,7,1,3
BRDA:42,8,0,0
BRDA:42,8,1,2
BRDA:43,9,0,1
BRDA:43,9,1,1
BRF:20
BRH:15
end_of_record
TN:
SF:src\bootstrap\storage.ts
FN:12,(anonymous_0)
FN:13,(anonymous_1)
FN:14,(anonymous_2)
FN:15,(anonymous_3)
FN:16,(anonymous_4)
FN:17,(anonymous_5)
FN:22,getAppStorage
FN:37,onboardingKeyForUser
FN:42,isOnboardingCompleteForUser
FN:54,setOnboardingCompleteForUser
FN:59,setOnboardingCompleteGlobal
FNF:11
FNH:1
FNDA:0,(anonymous_0)
FNDA:0,(anonymous_1)
FNDA:0,(anonymous_2)
FNDA:0,(anonymous_3)
FNDA:0,(anonymous_4)
FNDA:0,(anonymous_5)
FNDA:1,getAppStorage
FNDA:0,onboardingKeyForUser
FNDA:0,isOnboardingCompleteForUser
FNDA:0,setOnboardingCompleteForUser
FNDA:0,setOnboardingCompleteGlobal
DA:11,1
DA:12,0
DA:16,0
DA:17,0
DA:23,1
DA:24,1
DA:25,1
DA:26,1
DA:28,0
DA:29,0
DA:30,0
DA:34,1
DA:35,1
DA:38,0
DA:43,0
DA:44,0
DA:45,0
DA:46,0
DA:47,0
DA:48,0
DA:49,0
DA:51,0
DA:55,0
DA:60,0
LF:24
LH:7
BRDA:23,0,0,0
BRDA:23,0,1,1
BRDA:23,1,0,0
BRDA:23,1,1,0
BRDA:43,2,0,0
BRDA:43,2,1,0
BRDA:46,3,0,0
BRDA:46,3,1,0
BRDA:47,4,0,0
BRDA:47,4,1,0
BRF:10
BRH:1
end_of_record
TN:
SF:src\bootstrap\useAuthSession.ts
FN:29,useAuthSession
FN:46,(anonymous_1)
FN:51,(anonymous_2)
FN:66,(anonymous_3)
FN:71,(anonymous_4)
FN:78,(anonymous_5)
FN:82,(anonymous_6)
FN:119,(anonymous_7)
FN:123,(anonymous_8)
FN:130,(anonymous_9)
FN:131,(anonymous_10)
FN:147,(anonymous_11)
FN:148,(anonymous_12)
FN:151,(anonymous_13)
FN:175,(anonymous_14)
FN:195,(anonymous_15)
FN:255,(anonymous_16)
FN:271,(anonymous_17)
FNF:18
FNH:0
FNDA:0,useAuthSession
FNDA:0,(anonymous_1)
FNDA:0,(anonymous_2)
FNDA:0,(anonymous_3)
FNDA:0,(anonymous_4)
FNDA:0,(anonymous_5)
FNDA:0,(anonymous_6)
FNDA:0,(anonymous_7)
FNDA:0,(anonymous_8)
FNDA:0,(anonymous_9)
FNDA:0,(anonymous_10)
FNDA:0,(anonymous_11)
FNDA:0,(anonymous_12)
FNDA:0,(anonymous_13)
FNDA:0,(anonymous_14)
FNDA:0,(anonymous_15)
FNDA:0,(anonymous_16)
FNDA:0,(anonymous_17)
DA:27,0
DA:30,0
DA:31,0
DA:45,0
DA:46,0
DA:50,0
DA:52,0
DA:53,0
DA:55,0
DA:57,0
DA:58,0
DA:60,0
DA:61,0
DA:62,0
DA:63,0
DA:64,0
DA:66,0
DA:71,0
DA:72,0
DA:73,0
DA:74,0
DA:75,0
DA:78,0
DA:79,0
DA:80,0
DA:82,0
DA:83,0
DA:84,0
DA:85,0
DA:86,0
DA:87,0
DA:88,0
DA:90,0
DA:92,0
DA:94,0
DA:96,0
DA:99,0
DA:100,0
DA:101,0
DA:102,0
DA:103,0
DA:104,0
DA:106,0
DA:108,0
DA:110,0
DA:111,0
DA:113,0
DA:116,0
DA:119,0
DA:122,0
DA:124,0
DA:125,0
DA:130,0
DA:131,0
DA:132,0
DA:133,0
DA:134,0
DA:135,0
DA:136,0
DA:137,0
DA:139,0
DA:140,0
DA:142,0
DA:146,0
DA:147,0
DA:148,0
DA:151,0
DA:153,0
DA:156,0
DA:157,0
DA:162,0
DA:164,0
DA:165,0
DA:167,0
DA:175,0
DA:176,0
DA:177,0
DA:178,0
DA:182,0
DA:184,0
DA:185,0
DA:186,0
DA:187,0
DA:192,0
DA:195,0
DA:196,0
DA:197,0
DA:198,0
DA:203,0
DA:205,0
DA:206,0
DA:207,0
DA:212,0
DA:214,0
DA:215,0
DA:220,0
DA:224,0
DA:225,0
DA:226,0
DA:227,0
DA:228,0
DA:230,0
DA:240,0
DA:241,0
DA:248,0
DA:249,0
DA:251,0
DA:255,0
DA:256,0
DA:257,0
DA:258,0
DA:259,0
DA:260,0
DA:261,0
DA:264,0
DA:271,0
LF:116
LH:0
BRDA:55,0,0,0
BRDA:55,0,1,0
BRDA:55,0,2,0
BRDA:57,1,0,0
BRDA:57,1,1,0
BRDA:57,2,0,0
BRDA:57,2,1,0
BRDA:57,2,2,0
BRDA:61,3,0,0
BRDA:61,3,1,0
BRDA:63,4,0,0
BRDA:63,4,1,0
BRDA:84,5,0,0
BRDA:84,5,1,0
BRDA:87,6,0,0
BRDA:87,6,1,0
BRDA:99,7,0,0
BRDA:99,7,1,0
BRDA:103,8,0,0
BRDA:103,8,1,0
BRDA:132,9,0,0
BRDA:132,9,1,0
BRDA:134,10,0,0
BRDA:134,10,1,0
BRDA:139,11,0,0
BRDA:139,11,1,0
BRDA:153,12,0,0
BRDA:153,12,1,0
BRDA:156,13,0,0
BRDA:156,13,1,0
BRDA:177,14,0,0
BRDA:177,14,1,0
BRDA:184,15,0,0
BRDA:184,15,1,0
BRDA:197,16,0,0
BRDA:197,16,1,0
BRDA:197,17,0,0
BRDA:197,17,1,0
BRDA:205,18,0,0
BRDA:205,18,1,0
BRDA:206,19,0,0
BRDA:206,19,1,0
BRDA:214,20,0,0
BRDA:214,20,1,0
BRDA:226,21,0,0
BRDA:226,21,1,0
BRDA:248,22,0,0
BRDA:248,22,1,0
BRF:48
BRH:0
end_of_record
TN:
SF:src\bootstrap\useRideLifecycle.ts
FN:65,useRideLifecycle
FN:95,(anonymous_1)
FN:107,(anonymous_2)
FN:115,(anonymous_3)
FN:119,(anonymous_4)
FN:145,(anonymous_5)
FN:165,(anonymous_6)
FN:169,(anonymous_7)
FN:183,(anonymous_8)
FN:191,(anonymous_9)
FN:247,(anonymous_10)
FN:295,(anonymous_11)
FN:447,(anonymous_12)
FNF:13
FNH:0
FNDA:0,useRideLifecycle
FNDA:0,(anonymous_1)
FNDA:0,(anonymous_2)
FNDA:0,(anonymous_3)
FNDA:0,(anonymous_4)
FNDA:0,(anonymous_5)
FNDA:0,(anonymous_6)
FNDA:0,(anonymous_7)
FNDA:0,(anonymous_8)
FNDA:0,(anonymous_9)
FNDA:0,(anonymous_10)
FNDA:0,(anonymous_11)
FNDA:0,(anonymous_12)
DA:67,0
DA:69,0
DA:71,0
DA:73,0
DA:75,0
DA:77,0
DA:79,0
DA:81,0
DA:83,0
DA:85,0
DA:87,0
DA:89,0
DA:93,0
DA:97,0
DA:107,0
DA:109,0
DA:115,0
DA:117,0
DA:119,0
DA:121,0
DA:123,0
DA:125,0
DA:127,0
DA:129,0
DA:131,0
DA:133,0
DA:143,0
DA:147,0
DA:149,0
DA:151,0
DA:153,0
DA:165,0
DA:167,0
DA:171,0
DA:173,0
DA:177,0
DA:179,0
DA:183,0
DA:185,0
DA:191,0
DA:193,0
DA:195,0
DA:197,0
DA:199,0
DA:201,0
DA:203,0
DA:215,0
DA:225,0
DA:231,0
DA:233,0
DA:237,0
DA:245,0
DA:249,0
DA:251,0
DA:253,0
DA:255,0
DA:265,0
DA:267,0
DA:269,0
DA:271,0
DA:273,0
DA:277,0
DA:279,0
DA:281,0
DA:283,0
DA:295,0
DA:297,0
DA:299,0
DA:301,0
DA:303,0
DA:305,0
DA:307,0
DA:309,0
DA:311,0
DA:321,0
DA:323,0
DA:335,0
DA:349,0
DA:351,0
DA:363,0
DA:365,0
DA:367,0
DA:369,0
DA:371,0
DA:373,0
DA:375,0
DA:377,0
DA:379,0
DA:381,0
DA:383,0
DA:385,0
DA:387,0
DA:391,0
DA:413,0
DA:447,0
LF:95
LH:0
BRDA:65,0,0,0
BRDA:121,1,0,0
BRDA:121,1,1,0
BRDA:123,2,0,0
BRDA:123,2,1,0
BRDA:125,3,0,0
BRDA:125,3,1,0
BRDA:127,4,0,0
BRDA:127,4,1,0
BRDA:127,4,2,0
BRDA:129,5,0,0
BRDA:129,5,1,0
BRDA:131,6,0,0
BRDA:131,6,1,0
BRDA:151,7,0,0
BRDA:151,7,1,0
BRDA:171,8,0,0
BRDA:171,8,1,0
BRDA:171,9,0,0
BRDA:171,9,1,0
BRDA:179,10,0,0
BRDA:179,10,1,0
BRDA:199,11,0,0
BRDA:199,11,1,0
BRDA:231,12,0,0
BRDA:231,12,1,0
BRDA:247,13,0,0
BRDA:277,14,0,0
BRDA:277,14,1,0
BRDA:309,15,0,0
BRDA:309,15,1,0
BRDA:321,16,0,0
BRDA:321,16,1,0
BRDA:379,17,0,0
BRDA:379,17,1,0
BRF:35
BRH:0
end_of_record
TN:
SF:src\screens\ActiveRideHUDScreen.tsx
FN:18,(anonymous_0)
FN:53,(anonymous_1)
FN:79,(anonymous_2)
FN:84,(anonymous_3)
FN:94,(anonymous_4)
FN:100,(anonymous_5)
FN:140,(anonymous_6)
FN:147,(anonymous_7)
FN:148,(anonymous_8)
FN:149,(anonymous_9)
FNF:10
FNH:0
FNDA:0,(anonymous_0)
FNDA:0,(anonymous_1)
FNDA:0,(anonymous_2)
FNDA:0,(anonymous_3)
FNDA:0,(anonymous_4)
FNDA:0,(anonymous_5)
FNDA:0,(anonymous_6)
FNDA:0,(anonymous_7)
FNDA:0,(anonymous_8)
FNDA:0,(anonymous_9)
DA:18,0
DA:19,0
DA:20,0
DA:53,0
DA:70,0
DA:71,0
DA:72,0
DA:73,0
DA:75,0
DA:76,0
DA:77,0
DA:79,0
DA:80,0
DA:81,0
DA:84,0
DA:85,0
DA:86,0
DA:87,0
DA:89,0
DA:90,0
DA:94,0
DA:95,0
DA:96,0
DA:100,0
DA:102,0
DA:103,0
DA:121,0
DA:140,0
DA:147,0
DA:148,0
DA:149,0
LF:31
LH:0
BRDA:57,0,0,0
BRDA:58,1,0,0
BRDA:59,2,0,0
BRDA:60,3,0,0
BRDA:61,4,0,0
BRDA:62,5,0,0
BRDA:63,6,0,0
BRDA:64,7,0,0
BRDA:65,8,0,0
BRDA:66,9,0,0
BRDA:67,10,0,0
BRDA:75,11,0,0
BRDA:75,11,1,0
BRDA:75,12,0,0
BRDA:75,12,1,0
BRDA:76,13,0,0
BRDA:76,13,1,0
BRDA:80,14,0,0
BRDA:80,14,1,0
BRDA:85,15,0,0
BRDA:85,15,1,0
BRDA:89,16,0,0
BRDA:89,16,1,0
BRDA:95,17,0,0
BRDA:95,17,1,0
BRDA:102,18,0,0
BRDA:102,18,1,0
BRF:27
BRH:0
end_of_record
TN:
SF:src\screens\ActivityDetailScreen.tsx
FN:24,(anonymous_0)
FN:103,formatActivityDate
FN:110,(anonymous_2)
FN:119,(anonymous_3)
FN:128,(anonymous_4)
FN:138,(anonymous_5)
FN:147,(anonymous_6)
FN:153,(anonymous_7)
FN:156,(anonymous_8)
FN:162,(anonymous_9)
FN:165,(anonymous_10)
FN:240,(anonymous_11)
FN:315,(anonymous_12)
FN:316,(anonymous_13)
FN:316,(anonymous_14)
FN:322,(anonymous_15)
FN:323,(anonymous_16)
FN:323,(anonymous_17)
FNF:18
FNH:0
FNDA:0,(anonymous_0)
FNDA:0,formatActivityDate
FNDA:0,(anonymous_2)
FNDA:0,(anonymous_3)
FNDA:0,(anonymous_4)
FNDA:0,(anonymous_5)
FNDA:0,(anonymous_6)
FNDA:0,(anonymous_7)
FNDA:0,(anonymous_8)
FNDA:0,(anonymous_9)
FNDA:0,(anonymous_10)
FNDA:0,(anonymous_11)
FNDA:0,(anonymous_12)
FNDA:0,(anonymous_13)
FNDA:0,(anonymous_14)
FNDA:0,(anonymous_15)
FNDA:0,(anonymous_16)
FNDA:0,(anonymous_17)
DA:24,0
DA:25,0
DA:26,0
DA:27,0
DA:28,0
DA:104,0
DA:105,0
DA:106,0
DA:107,0
DA:110,0
DA:114,0
DA:115,0
DA:116,0
DA:117,0
DA:118,0
DA:119,0
DA:120,0
DA:121,0
DA:122,0
DA:123,0
DA:124,0
DA:125,0
DA:126,0
DA:128,0
DA:129,0
DA:130,0
DA:131,0
DA:132,0
DA:133,0
DA:134,0
DA:135,0
DA:138,0
DA:139,0
DA:140,0
DA:141,0
DA:142,0
DA:144,0
DA:145,0
DA:146,0
DA:147,0
DA:148,0
DA:149,0
DA:150,0
DA:152,0
DA:154,0
DA:155,0
DA:156,0
DA:157,0
DA:158,0
DA:159,0
DA:163,0
DA:165,0
DA:168,0
DA:169,0
DA:176,0
DA:177,0
DA:184,0
DA:185,0
DA:203,0
DA:241,0
DA:315,0
DA:316,0
DA:322,0
DA:323,0
LF:64
LH:0
BRDA:104,0,0,0
BRDA:104,0,1,0
BRDA:106,1,0,0
BRDA:106,1,1,0
BRDA:117,2,0,0
BRDA:117,2,1,0
BRDA:129,3,0,0
BRDA:129,3,1,0
BRDA:131,4,0,0
BRDA:131,4,1,0
BRDA:132,5,0,0
BRDA:132,5,1,0
BRDA:133,6,0,0
BRDA:133,6,1,0
BRDA:139,7,0,0
BRDA:139,7,1,0
BRDA:148,8,0,0
BRDA:148,8,1,0
BRDA:154,9,0,0
BRDA:154,9,1,0
BRDA:156,10,0,0
BRDA:156,10,1,0
BRDA:157,11,0,0
BRDA:157,11,1,0
BRDA:168,12,0,0
BRDA:168,12,1,0
BRDA:176,13,0,0
BRDA:176,13,1,0
BRDA:184,14,0,0
BRDA:184,14,1,0
BRDA:187,15,0,0
BRDA:187,15,1,0
BRDA:205,16,0,0
BRDA:205,16,1,0
BRDA:315,17,0,0
BRDA:315,17,1,0
BRDA:322,18,0,0
BRDA:322,18,1,0
BRF:38
BRH:0
end_of_record
TN:
SF:src\screens\AthleteProfileScreen.tsx
FN:21,(anonymous_0)
FN:110,(anonymous_1)
FN:127,(anonymous_2)
FN:129,(anonymous_3)
FN:132,(anonymous_4)
FN:141,(anonymous_5)
FN:188,(anonymous_6)
FN:197,(anonymous_7)
FN:198,(anonymous_8)
FN:199,(anonymous_9)
FN:206,(anonymous_10)
FN:207,(anonymous_11)
FN:208,(anonymous_12)
FN:215,(anonymous_13)
FN:216,(anonymous_14)
FN:217,(anonymous_15)
FN:224,(anonymous_16)
FNF:17
FNH:0
FNDA:0,(anonymous_0)
FNDA:0,(anonymous_1)
FNDA:0,(anonymous_2)
FNDA:0,(anonymous_3)
FNDA:0,(anonymous_4)
FNDA:0,(anonymous_5)
FNDA:0,(anonymous_6)
FNDA:0,(anonymous_7)
FNDA:0,(anonymous_8)
FNDA:0,(anonymous_9)
FNDA:0,(anonymous_10)
FNDA:0,(anonymous_11)
FNDA:0,(anonymous_12)
FNDA:0,(anonymous_13)
FNDA:0,(anonymous_14)
FNDA:0,(anonymous_15)
FNDA:0,(anonymous_16)
DA:21,0
DA:22,0
DA:23,0
DA:30,0
DA:110,0
DA:118,0
DA:119,0
DA:120,0
DA:121,0
DA:122,0
DA:123,0
DA:124,0
DA:125,0
DA:127,0
DA:128,0
DA:130,0
DA:135,0
DA:141,0
DA:189,0
DA:197,0
DA:199,0
DA:200,0
DA:206,0
DA:208,0
DA:209,0
DA:215,0
DA:217,0
DA:218,0
DA:224,0
LF:29
LH:0
BRDA:125,0,0,0
BRDA:125,0,1,0
BRDA:130,1,0,0
BRDA:130,1,1,0
BRDA:137,2,0,0
BRDA:137,2,1,0
BRDA:149,3,0,0
BRDA:149,3,1,0
BRDA:160,4,0,0
BRDA:160,4,1,0
BRDA:164,5,0,0
BRDA:164,5,1,0
BRDA:172,6,0,0
BRDA:172,6,1,0
BRDA:179,7,0,0
BRDA:179,7,1,0
BRDA:197,8,0,0
BRDA:197,8,1,0
BRDA:206,9,0,0
BRDA:206,9,1,0
BRDA:215,10,0,0
BRDA:215,10,1,0
BRDA:224,11,0,0
BRDA:224,11,1,0
BRF:24
BRH:0
end_of_record
TN:
SF:src\screens\CityHubScreen.tsx
FN:29,(anonymous_0)
FN:98,(anonymous_1)
FN:110,(anonymous_2)
FN:117,(anonymous_3)
FN:118,(anonymous_4)
FN:123,(anonymous_5)
FN:129,(anonymous_6)
FN:132,(anonymous_7)
FN:132,(anonymous_8)
FN:138,(anonymous_9)
FN:139,(anonymous_10)
FN:142,(anonymous_11)
FN:217,(anonymous_12)
FN:246,(anonymous_13)
FN:249,(anonymous_14)
FN:254,(anonymous_15)
FN:281,(anonymous_16)
FN:285,(anonymous_17)
FNF:18
FNH:0
FNDA:0,(anonymous_0)
FNDA:0,(anonymous_1)
FNDA:0,(anonymous_2)
FNDA:0,(anonymous_3)
FNDA:0,(anonymous_4)
FNDA:0,(anonymous_5)
FNDA:0,(anonymous_6)
FNDA:0,(anonymous_7)
FNDA:0,(anonymous_8)
FNDA:0,(anonymous_9)
FNDA:0,(anonymous_10)
FNDA:0,(anonymous_11)
FNDA:0,(anonymous_12)
FNDA:0,(anonymous_13)
FNDA:0,(anonymous_14)
FNDA:0,(anonymous_15)
FNDA:0,(anonymous_16)
FNDA:0,(anonymous_17)
DA:29,0
DA:30,0
DA:31,0
DA:32,0
DA:33,0
DA:98,0
DA:99,0
DA:100,0
DA:101,0
DA:102,0
DA:103,0
DA:104,0
DA:105,0
DA:106,0
DA:107,0
DA:108,0
DA:109,0
DA:110,0
DA:111,0
DA:112,0
DA:113,0
DA:114,0
DA:116,0
DA:117,0
DA:119,0
DA:120,0
DA:121,0
DA:124,0
DA:125,0
DA:126,0
DA:129,0
DA:132,0
DA:133,0
DA:136,0
DA:138,0
DA:139,0
DA:140,0
DA:141,0
DA:142,0
DA:145,0
DA:146,0
DA:147,0
DA:148,0
DA:149,0
DA:150,0
DA:151,0
DA:152,0
DA:153,0
DA:155,0
DA:218,0
DA:247,0
DA:249,0
DA:254,0
DA:281,0
DA:285,0
LF:55
LH:0
BRDA:112,0,0,0
BRDA:112,0,1,0
BRDA:114,1,0,0
BRDA:114,1,1,0
BRDA:121,2,0,0
BRDA:121,2,1,0
BRDA:124,3,0,0
BRDA:124,3,1,0
BRDA:133,4,0,0
BRDA:133,4,1,0
BRDA:141,5,0,0
BRDA:141,5,1,0
BRDA:145,6,0,0
BRDA:145,6,1,0
BRDA:146,7,0,0
BRDA:146,7,1,0
BRDA:148,8,0,0
BRDA:148,8,1,0
BRDA:149,9,0,0
BRDA:149,9,1,0
BRDA:151,10,0,0
BRDA:151,10,1,0
BRDA:153,11,0,0
BRDA:153,11,1,0
BRDA:157,12,0,0
BRDA:157,12,1,0
BRDA:185,13,0,0
BRDA:185,13,1,0
BRDA:188,14,0,0
BRDA:188,14,1,0
BRDA:193,15,0,0
BRDA:193,15,1,0
BRDA:202,16,0,0
BRDA:202,16,1,0
BRDA:212,17,0,0
BRDA:212,17,1,0
BRDA:214,18,0,0
BRDA:214,18,1,0
BRDA:222,19,0,0
BRDA:222,19,1,0
BRDA:226,20,0,0
BRDA:226,20,1,0
BRDA:227,21,0,0
BRDA:227,21,1,0
BRDA:229,22,0,0
BRDA:229,22,1,0
BRDA:242,23,0,0
BRDA:242,23,1,0
BRDA:251,24,0,0
BRDA:251,24,1,0
BRDA:252,25,0,0
BRDA:252,25,1,0
BRDA:260,26,0,0
BRDA:260,26,1,0
BRDA:269,27,0,0
BRDA:269,27,1,0
BRDA:269,28,0,0
BRDA:269,28,1,0
BRDA:273,29,0,0
BRDA:273,29,1,0
BRDA:281,30,0,0
BRDA:281,30,1,0
BRDA:285,31,0,0
BRDA:285,31,1,0
BRF:64
BRH:0
end_of_record
TN:
SF:src\screens\ClubsDirectoryScreen.tsx
FN:8,(anonymous_0)
FNF:1
FNH:0
FNDA:0,(anonymous_0)
DA:8,0
DA:9,0
DA:10,0
DA:11,0
DA:12,0
LF:5
LH:0
BRF:0
BRH:0
end_of_record
TN:
SF:src\screens\ExploreHubScreen.tsx
FN:12,(anonymous_0)
FN:55,(anonymous_1)
FN:68,(anonymous_2)
FN:69,(anonymous_3)
FN:77,(anonymous_4)
FN:78,(anonymous_5)
FNF:6
FNH:0
FNDA:0,(anonymous_0)
FNDA:0,(anonymous_1)
FNDA:0,(anonymous_2)
FNDA:0,(anonymous_3)
FNDA:0,(anonymous_4)
FNDA:0,(anonymous_5)
DA:12,0
DA:13,0
DA:14,0
DA:55,0
DA:59,0
DA:60,0
DA:61,0
DA:63,0
DA:68,0
DA:69,0
DA:77,0
DA:78,0
LF:12
LH:0
BRDA:65,0,0,0
BRDA:65,0,1,0
BRDA:68,1,0,0
BRDA:68,1,1,0
BRDA:77,2,0,0
BRDA:77,2,1,0
BRF:6
BRH:0
end_of_record
TN:
SF:src\screens\ExploreMapScreen.tsx
FN:8,(anonymous_0)
FN:30,(anonymous_1)
FN:38,(anonymous_2)
FN:40,(anonymous_3)
FN:43,(anonymous_4)
FN:51,(anonymous_5)
FN:52,(anonymous_6)
FN:67,(anonymous_7)
FNF:8
FNH:0
FNDA:0,(anonymous_0)
FNDA:0,(anonymous_1)
FNDA:0,(anonymous_2)
FNDA:0,(anonymous_3)
FNDA:0,(anonymous_4)
FNDA:0,(anonymous_5)
FNDA:0,(anonymous_6)
FNDA:0,(anonymous_7)
DA:8,0
DA:9,0
DA:10,0
DA:30,0
DA:31,0
DA:32,0
DA:33,0
DA:34,0
DA:35,0
DA:36,0
DA:38,0
DA:39,0
DA:41,0
DA:42,0
DA:43,0
DA:44,0
DA:45,0
DA:46,0
DA:47,0
DA:49,0
DA:51,0
DA:52,0
DA:55,0
DA:68,0
LF:24
LH:0
BRDA:41,0,0,0
BRDA:41,0,1,0
BRDA:41,1,0,0
BRDA:41,1,1,0
BRDA:44,2,0,0
BRDA:44,2,1,0
BRDA:45,3,0,0
BRDA:45,3,1,0
BRDA:61,4,0,0
BRDA:61,4,1,0
BRDA:63,5,0,0
BRDA:63,5,1,0
BRDA:71,6,0,0
BRDA:71,6,1,0
BRF:14
BRH:0
end_of_record
TN:
SF:src\screens\GlobalLeaderboardScreen.tsx
FN:11,(anonymous_0)
FN:47,(anonymous_1)
FN:54,(anonymous_2)
FN:62,(anonymous_3)
FN:67,(anonymous_4)
FN:70,(anonymous_5)
FN:88,(anonymous_6)
FNF:7
FNH:0
FNDA:0,(anonymous_0)
FNDA:0,(anonymous_1)
FNDA:0,(anonymous_2)
FNDA:0,(anonymous_3)
FNDA:0,(anonymous_4)
FNDA:0,(anonymous_5)
FNDA:0,(anonymous_6)
DA:11,0
DA:12,0
DA:13,0
DA:47,0
DA:48,0
DA:49,0
DA:50,0
DA:51,0
DA:52,0
DA:54,0
DA:55,0
DA:56,0
DA:57,0
DA:58,0
DA:60,0
DA:61,0
DA:63,0
DA:64,0
DA:65,0
DA:68,0
DA:70,0
DA:73,0
DA:89,0
LF:23
LH:0
BRDA:56,0,0,0
BRDA:56,0,1,0
BRDA:64,1,0,0
BRDA:64,1,1,0
BRDA:76,2,0,0
BRDA:76,2,1,0
BRDA:83,3,0,0
BRDA:83,3,1,0
BRDA:85,4,0,0
BRDA:85,4,1,0
BRDA:91,5,0,0
BRDA:91,5,1,0
BRDA:94,6,0,0
BRDA:94,6,1,0
BRDA:96,7,0,0
BRDA:96,7,1,0
BRF:16
BRH:0
end_of_record
TN:
SF:src\screens\GpsDiagnosticsScreen.tsx
FN:21,(anonymous_0)
FN:69,(anonymous_1)
FN:77,(anonymous_2)
FN:130,(anonymous_3)
FN:134,(anonymous_4)
FN:145,(anonymous_5)
FN:166,(anonymous_6)
FN:171,(anonymous_7)
FN:174,(anonymous_8)
FN:175,(anonymous_9)
FNF:10
FNH:0
FNDA:0,(anonymous_0)
FNDA:0,(anonymous_1)
FNDA:0,(anonymous_2)
FNDA:0,(anonymous_3)
FNDA:0,(anonymous_4)
FNDA:0,(anonymous_5)
FNDA:0,(anonymous_6)
FNDA:0,(anonymous_7)
FNDA:0,(anonymous_8)
FNDA:0,(anonymous_9)
DA:21,0
DA:22,0
DA:23,0
DA:69,0
DA:70,0
DA:71,0
DA:72,0
DA:73,0
DA:74,0
DA:75,0
DA:77,0
DA:78,0
DA:79,0
DA:80,0
DA:81,0
DA:82,0
DA:83,0
DA:84,0
DA:86,0
DA:124,0
DA:126,0
DA:130,0
DA:131,0
DA:134,0
DA:136,0
DA:146,0
DA:166,0
DA:172,0
DA:173,0
DA:174,0
DA:175,0
LF:31
LH:0
BRDA:102,0,0,0
BRDA:102,0,1,0
BRDA:103,1,0,0
BRDA:103,1,1,0
BRDA:105,2,0,0
BRDA:105,2,1,0
BRDA:119,3,0,0
BRDA:119,3,1,0
BRDA:149,4,0,0
BRDA:149,4,1,0
BRDA:150,5,0,0
BRDA:150,5,1,0
BRDA:157,6,0,0
BRDA:157,6,1,0
BRDA:165,7,0,0
BRDA:165,7,1,0
BRDA:170,8,0,0
BRDA:170,8,1,0
BRF:18
BRH:0
end_of_record
TN:
SF:src\screens\MarketplaceScreen.tsx
FN:9,(anonymous_0)
FN:51,(anonymous_1)
FN:60,(anonymous_2)
FN:63,(anonymous_3)
FN:67,(anonymous_4)
FN:71,(anonymous_5)
FN:74,(anonymous_6)
FN:78,(anonymous_7)
FN:112,(anonymous_8)
FN:118,(anonymous_9)
FN:119,(anonymous_10)
FNF:11
FNH:0
FNDA:0,(anonymous_0)
FNDA:0,(anonymous_1)
FNDA:0,(anonymous_2)
FNDA:0,(anonymous_3)
FNDA:0,(anonymous_4)
FNDA:0,(anonymous_5)
FNDA:0,(anonymous_6)
FNDA:0,(anonymous_7)
FNDA:0,(anonymous_8)
FNDA:0,(anonymous_9)
FNDA:0,(anonymous_10)
DA:9,0
DA:10,0
DA:11,0
DA:51,0
DA:52,0
DA:53,0
DA:54,0
DA:55,0
DA:56,0
DA:57,0
DA:58,0
DA:60,0
DA:61,0
DA:62,0
DA:64,0
DA:65,0
DA:68,0
DA:69,0
DA:71,0
DA:74,0
DA:75,0
DA:78,0
DA:79,0
DA:80,0
DA:81,0
DA:88,0
DA:113,0
DA:118,0
DA:119,0
DA:132,0
DA:133,0
LF:31
LH:0
BRDA:51,0,0,0
BRDA:64,1,0,0
BRDA:64,1,1,0
BRDA:65,2,0,0
BRDA:65,2,1,0
BRDA:89,3,0,0
BRDA:89,3,1,0
BRDA:94,4,0,0
BRDA:94,4,1,0
BRDA:109,5,0,0
BRDA:109,5,1,0
BRDA:118,6,0,0
BRDA:118,6,1,0
BRDA:132,7,0,0
BRDA:132,7,1,0
BRF:15
BRH:0
end_of_record
TN:
SF:src\screens\OnboardingScreen.tsx
FN:43,flattenDepartments
FN:64,(anonymous_1)
FN:77,(anonymous_2)
FN:80,(anonymous_3)
FN:84,(anonymous_4)
FN:86,(anonymous_5)
FN:90,(anonymous_6)
FN:93,(anonymous_7)
FN:115,(anonymous_8)
FN:145,(anonymous_9)
FN:158,(anonymous_10)
FN:166,(anonymous_11)
FN:177,(anonymous_12)
FN:186,(anonymous_13)
FN:188,(anonymous_14)
FN:190,(anonymous_15)
FN:212,(anonymous_16)
FN:243,(anonymous_17)
FN:278,(anonymous_18)
FN:302,(anonymous_19)
FN:307,(anonymous_20)
FN:333,(anonymous_21)
FN:353,(anonymous_22)
FN:358,(anonymous_23)
FN:386,(anonymous_24)
FN:387,(anonymous_25)
FN:391,(anonymous_26)
FN:398,(anonymous_27)
FN:437,(anonymous_28)
FNF:29
FNH:23
FNDA:4,flattenDepartments
FNDA:8,(anonymous_1)
FNDA:3,(anonymous_2)
FNDA:8,(anonymous_3)
FNDA:2,(anonymous_4)
FNDA:2,(anonymous_5)
FNDA:0,(anonymous_6)
FNDA:1,(anonymous_7)
FNDA:3,(anonymous_8)
FNDA:0,(anonymous_9)
FNDA:8,(anonymous_10)
FNDA:1,(anonymous_11)
FNDA:1,(anonymous_12)
FNDA:2,(anonymous_13)
FNDA:2,(anonymous_14)
FNDA:1,(anonymous_15)
FNDA:24,(anonymous_16)
FNDA:4,(anonymous_17)
FNDA:5,(anonymous_18)
FNDA:3,(anonymous_19)
FNDA:0,(anonymous_20)
FNDA:1,(anonymous_21)
FNDA:1,(anonymous_22)
FNDA:0,(anonymous_23)
FNDA:1,(anonymous_24)
FNDA:1,(anonymous_25)
FNDA:0,(anonymous_26)
FNDA:0,(anonymous_27)
FNDA:1,(anonymous_28)
DA:44,4
DA:45,4
DA:46,2
DA:47,2
DA:49,4
DA:57,1
DA:64,1
DA:65,8
DA:66,8
DA:67,8
DA:68,8
DA:69,8
DA:71,8
DA:72,8
DA:73,8
DA:74,8
DA:75,8
DA:76,8
DA:77,8
DA:79,8
DA:80,8
DA:84,8
DA:85,2
DA:87,2
DA:88,2
DA:90,0
DA:93,8
DA:94,1
DA:95,1
DA:96,1
DA:101,1
DA:102,1
DA:103,1
DA:104,1
DA:105,1
DA:106,1
DA:107,1
DA:110,0
DA:111,0
DA:115,8
DA:116,3
DA:117,1
DA:118,1
DA:119,1
DA:122,2
DA:123,1
DA:124,1
DA:127,1
DA:128,1
DA:129,1
DA:130,1
DA:131,1
DA:136,1
DA:137,1
DA:138,1
DA:143,1
DA:144,1
DA:145,1
DA:146,1
DA:147,0
DA:153,1
DA:154,1
DA:158,8
DA:159,8
DA:161,5
DA:166,1
DA:172,1
DA:177,1
DA:183,2
DA:186,2
DA:188,2
DA:190,1
DA:196,0
DA:200,8
DA:213,24
DA:243,1
DA:244,4
DA:278,1
DA:287,5
DA:303,3
DA:307,0
DA:333,1
DA:342,1
DA:354,1
DA:358,0
DA:386,1
DA:387,1
DA:388,1
DA:389,1
DA:390,1
DA:391,1
DA:392,1
DA:393,1
DA:396,0
DA:397,0
DA:398,0
DA:399,0
DA:400,0
DA:403,0
DA:410,0
DA:414,1
DA:437,1
LF:102
LH:88
BRDA:47,0,0,0
BRDA:47,0,1,2
BRDA:88,1,0,2
BRDA:88,1,1,0
BRDA:94,2,0,1
BRDA:94,2,1,0
BRDA:103,3,0,1
BRDA:103,3,1,0
BRDA:106,4,0,1
BRDA:106,4,1,0
BRDA:111,5,0,0
BRDA:111,5,1,0
BRDA:116,6,0,1
BRDA:116,6,1,2
BRDA:122,7,0,1
BRDA:122,7,1,1
BRDA:129,8,0,1
BRDA:129,8,1,0
BRDA:136,9,0,1
BRDA:136,9,1,0
BRDA:136,10,0,1
BRDA:136,10,1,1
BRDA:146,11,0,0
BRDA:146,11,1,1
BRDA:159,12,0,5
BRDA:159,12,1,1
BRDA:159,12,2,2
BRDA:159,12,3,0
BRDA:186,13,0,2
BRDA:186,13,1,0
BRDA:188,14,0,2
BRDA:188,14,1,0
BRDA:202,15,0,8
BRDA:202,15,1,0
BRDA:220,16,0,13
BRDA:220,16,1,11
BRDA:221,17,0,13
BRDA:221,17,1,11
BRDA:253,18,0,4
BRDA:253,18,1,0
BRDA:254,19,0,4
BRDA:254,19,1,0
BRDA:258,20,0,4
BRDA:258,20,1,0
BRDA:261,21,0,4
BRDA:261,21,1,0
BRDA:390,22,0,1
BRDA:390,22,1,0
BRDA:397,23,0,0
BRDA:397,23,1,0
BRDA:425,24,0,1
BRDA:425,24,1,0
BRDA:436,25,0,0
BRDA:436,25,1,1
BRF:54
BRH:31
end_of_record
TN:
SF:src\screens\PerformanceTrendsScreen.tsx
FN:11,(anonymous_0)
FN:29,parseDurationSeconds
FN:31,(anonymous_2)
FN:32,(anonymous_3)
FN:37,(anonymous_4)
FN:44,(anonymous_5)
FN:52,(anonymous_6)
FN:58,(anonymous_7)
FN:59,(anonymous_8)
FN:62,(anonymous_9)
FN:64,(anonymous_10)
FN:65,(anonymous_11)
FNF:12
FNH:0
FNDA:0,(anonymous_0)
FNDA:0,parseDurationSeconds
FNDA:0,(anonymous_2)
FNDA:0,(anonymous_3)
FNDA:0,(anonymous_4)
FNDA:0,(anonymous_5)
FNDA:0,(anonymous_6)
FNDA:0,(anonymous_7)
FNDA:0,(anonymous_8)
FNDA:0,(anonymous_9)
FNDA:0,(anonymous_10)
FNDA:0,(anonymous_11)
DA:11,0
DA:12,0
DA:13,0
DA:30,0
DA:31,0
DA:32,0
DA:33,0
DA:34,0
DA:37,0
DA:38,0
DA:39,0
DA:40,0
DA:41,0
DA:42,0
DA:44,0
DA:45,0
DA:46,0
DA:47,0
DA:48,0
DA:50,0
DA:51,0
DA:53,0
DA:54,0
DA:55,0
DA:56,0
DA:58,0
DA:59,0
DA:62,0
DA:63,0
DA:64,0
DA:65,0
DA:67,0
DA:68,0
DA:75,0
LF:34
LH:0
BRDA:30,0,0,0
BRDA:30,0,1,0
BRDA:32,1,0,0
BRDA:32,1,1,0
BRDA:33,2,0,0
BRDA:33,3,0,0
BRDA:33,4,0,0
BRDA:46,5,0,0
BRDA:46,5,1,0
BRDA:53,6,0,0
BRDA:53,6,1,0
BRDA:64,7,0,0
BRDA:64,7,1,0
BRDA:67,8,0,0
BRDA:67,8,1,0
BRDA:78,9,0,0
BRDA:78,9,1,0
BRDA:85,10,0,0
BRDA:85,10,1,0
BRDA:87,11,0,0
BRDA:87,11,1,0
BRF:21
BRH:0
end_of_record
TN:
SF:src\screens\RideDashboardScreen.tsx
FN:51,(anonymous_0)
FN:319,(anonymous_1)
FN:358,(anonymous_2)
FN:359,(anonymous_3)
FN:364,(anonymous_4)
FN:365,(anonymous_5)
FN:383,(anonymous_6)
FN:384,(anonymous_7)
FN:422,(anonymous_8)
FN:428,(anonymous_9)
FN:475,(anonymous_10)
FN:482,(anonymous_11)
FN:538,(anonymous_12)
FN:552,(anonymous_13)
FNF:14
FNH:0
FNDA:0,(anonymous_0)
FNDA:0,(anonymous_1)
FNDA:0,(anonymous_2)
FNDA:0,(anonymous_3)
FNDA:0,(anonymous_4)
FNDA:0,(anonymous_5)
FNDA:0,(anonymous_6)
FNDA:0,(anonymous_7)
FNDA:0,(anonymous_8)
FNDA:0,(anonymous_9)
FNDA:0,(anonymous_10)
FNDA:0,(anonymous_11)
FNDA:0,(anonymous_12)
FNDA:0,(anonymous_13)
DA:51,0
DA:52,0
DA:53,0
DA:297,0
DA:319,0
DA:336,0
DA:337,0
DA:338,0
DA:339,0
DA:340,0
DA:343,0
DA:344,0
DA:351,0
DA:353,0
DA:354,0
DA:356,0
DA:358,0
DA:359,0
DA:360,0
DA:361,0
DA:364,0
DA:365,0
DA:366,0
DA:370,0
DA:384,0
DA:385,0
DA:422,0
DA:428,0
DA:476,0
DA:482,0
DA:539,0
DA:553,0
LF:32
LH:0
BRDA:323,0,0,0
BRDA:324,1,0,0
BRDA:325,2,0,0
BRDA:326,3,0,0
BRDA:327,4,0,0
BRDA:341,5,0,0
BRDA:341,5,1,0
BRDA:353,6,0,0
BRDA:353,6,1,0
BRDA:353,7,0,0
BRDA:353,7,1,0
BRDA:354,8,0,0
BRDA:354,8,1,0
BRDA:372,9,0,0
BRDA:372,9,1,0
BRDA:396,10,0,0
BRDA:396,10,1,0
BRDA:403,11,0,0
BRDA:403,11,1,0
BRDA:411,12,0,0
BRDA:411,12,1,0
BRDA:434,13,0,0
BRDA:434,13,1,0
BRDA:464,14,0,0
BRDA:464,14,1,0
BRDA:480,15,0,0
BRDA:480,15,1,0
BRDA:485,16,0,0
BRDA:485,16,1,0
BRDA:502,17,0,0
BRDA:502,17,1,0
BRDA:511,18,0,0
BRDA:511,18,1,0
BRDA:513,19,0,0
BRDA:513,19,1,0
BRDA:527,20,0,0
BRDA:527,20,1,0
BRDA:545,21,0,0
BRDA:545,21,1,0
BRF:39
BRH:0
end_of_record
TN:
SF:src\screens\RidePausedScreen.tsx
FN:57,(anonymous_0)
FN:79,(anonymous_1)
FN:93,(anonymous_2)
FNF:3
FNH:0
FNDA:0,(anonymous_0)
FNDA:0,(anonymous_1)
FNDA:0,(anonymous_2)
DA:10,0
DA:57,0
DA:58,0
DA:59,0
DA:60,0
DA:61,0
DA:62,0
DA:79,0
DA:93,0
LF:9
LH:0
BRDA:61,0,0,0
BRDA:61,0,1,0
BRDA:82,1,0,0
BRDA:82,1,1,0
BRDA:96,2,0,0
BRDA:96,2,1,0
BRF:6
BRH:0
end_of_record
TN:
SF:src\screens\RideSummaryScreen.tsx
FN:23,(anonymous_0)
FN:100,(anonymous_1)
FN:111,(anonymous_2)
FN:115,(anonymous_3)
FN:116,(anonymous_4)
FN:142,(anonymous_5)
FN:143,(anonymous_6)
FN:144,(anonymous_7)
FN:151,(anonymous_8)
FN:152,(anonymous_9)
FN:153,(anonymous_10)
FNF:11
FNH:0
FNDA:0,(anonymous_0)
FNDA:0,(anonymous_1)
FNDA:0,(anonymous_2)
FNDA:0,(anonymous_3)
FNDA:0,(anonymous_4)
FNDA:0,(anonymous_5)
FNDA:0,(anonymous_6)
FNDA:0,(anonymous_7)
FNDA:0,(anonymous_8)
FNDA:0,(anonymous_9)
FNDA:0,(anonymous_10)
DA:23,0
DA:24,0
DA:25,0
DA:100,0
DA:108,0
DA:109,0
DA:110,0
DA:111,0
DA:112,0
DA:113,0
DA:115,0
DA:116,0
DA:119,0
DA:142,0
DA:144,0
DA:145,0
DA:151,0
DA:153,0
DA:154,0
LF:19
LH:0
BRDA:101,0,0,0
BRDA:102,1,0,0
BRDA:103,2,0,0
BRDA:104,3,0,0
BRDA:121,4,0,0
BRDA:121,4,1,0
BRDA:132,5,0,0
BRDA:132,5,1,0
BRDA:142,6,0,0
BRDA:142,6,1,0
BRDA:151,7,0,0
BRDA:151,7,1,0
BRF:12
BRH:0
end_of_record
TN:
SF:src\screens\SegmentsScreen.tsx
FN:7,(anonymous_0)
FN:27,(anonymous_1)
FN:42,(anonymous_2)
FNF:3
FNH:0
FNDA:0,(anonymous_0)
FNDA:0,(anonymous_1)
FNDA:0,(anonymous_2)
DA:7,0
DA:8,0
DA:9,0
DA:27,0
DA:28,0
DA:29,0
DA:30,0
DA:31,0
DA:36,0
DA:43,0
LF:10
LH:0
BRF:0
BRH:0
end_of_record
TN:
SF:src\screens\SettingsScreen.tsx
FN:13,(anonymous_0)
FN:116,(anonymous_1)
FN:133,(anonymous_2)
FN:136,(anonymous_3)
FN:138,(anonymous_4)
FN:139,(anonymous_5)
FN:142,(anonymous_6)
FN:148,(anonymous_7)
FN:162,(anonymous_8)
FN:175,(anonymous_9)
FN:179,(anonymous_10)
FN:187,(anonymous_11)
FN:199,(anonymous_12)
FN:208,(anonymous_13)
FN:226,(anonymous_14)
FN:242,(anonymous_15)
FN:248,(anonymous_16)
FN:250,(anonymous_17)
FN:261,(anonymous_18)
FN:262,(anonymous_19)
FN:270,(anonymous_20)
FN:286,(anonymous_21)
FN:317,(anonymous_22)
FN:320,(anonymous_23)
FN:325,(anonymous_24)
FNF:25
FNH:0
FNDA:0,(anonymous_0)
FNDA:0,(anonymous_1)
FNDA:0,(anonymous_2)
FNDA:0,(anonymous_3)
FNDA:0,(anonymous_4)
FNDA:0,(anonymous_5)
FNDA:0,(anonymous_6)
FNDA:0,(anonymous_7)
FNDA:0,(anonymous_8)
FNDA:0,(anonymous_9)
FNDA:0,(anonymous_10)
FNDA:0,(anonymous_11)
FNDA:0,(anonymous_12)
FNDA:0,(anonymous_13)
FNDA:0,(anonymous_14)
FNDA:0,(anonymous_15)
FNDA:0,(anonymous_16)
FNDA:0,(anonymous_17)
FNDA:0,(anonymous_18)
FNDA:0,(anonymous_19)
FNDA:0,(anonymous_20)
FNDA:0,(anonymous_21)
FNDA:0,(anonymous_22)
FNDA:0,(anonymous_23)
FNDA:0,(anonymous_24)
DA:13,0
DA:14,0
DA:15,0
DA:116,0
DA:117,0
DA:118,0
DA:119,0
DA:120,0
DA:121,0
DA:122,0
DA:123,0
DA:127,0
DA:128,0
DA:129,0
DA:130,0
DA:131,0
DA:133,0
DA:134,0
DA:136,0
DA:137,0
DA:138,0
DA:139,0
DA:142,0
DA:143,0
DA:144,0
DA:145,0
DA:148,0
DA:149,0
DA:151,0
DA:154,0
DA:155,0
DA:162,0
DA:163,0
DA:176,0
DA:177,0
DA:178,0
DA:179,0
DA:188,0
DA:189,0
DA:190,0
DA:199,0
DA:200,0
DA:209,0
DA:210,0
DA:211,0
DA:212,0
DA:213,0
DA:227,0
DA:228,0
DA:229,0
DA:230,0
DA:231,0
DA:242,0
DA:248,0
DA:251,0
DA:262,0
DA:270,0
DA:271,0
DA:286,0
DA:287,0
DA:304,0
DA:318,0
DA:320,0
DA:325,0
LF:64
LH:0
BRDA:116,0,0,0
BRDA:138,1,0,0
BRDA:138,1,1,0
BRDA:143,2,0,0
BRDA:143,2,1,0
BRDA:144,3,0,0
BRDA:144,3,1,0
BRDA:151,4,0,0
BRDA:151,4,1,0
BRDA:154,5,0,0
BRDA:154,5,1,0
BRDA:167,6,0,0
BRDA:167,6,1,0
BRDA:171,7,0,0
BRDA:171,7,1,0
BRDA:179,8,0,0
BRDA:179,8,1,0
BRDA:183,9,0,0
BRDA:183,9,1,0
BRDA:194,10,0,0
BRDA:194,10,1,0
BRDA:210,11,0,0
BRDA:210,11,1,0
BRDA:228,12,0,0
BRDA:228,12,1,0
BRDA:240,13,0,0
BRDA:240,13,1,0
BRDA:246,14,0,0
BRDA:246,14,1,0
BRDA:253,15,0,0
BRDA:253,15,1,0
BRDA:253,16,0,0
BRDA:253,16,1,0
BRDA:276,17,0,0
BRDA:276,17,1,0
BRDA:305,18,0,0
BRDA:305,18,1,0
BRDA:306,19,0,0
BRDA:306,19,1,0
BRDA:322,20,0,0
BRDA:322,20,1,0
BRDA:323,21,0,0
BRDA:323,21,1,0
BRDA:332,22,0,0
BRDA:332,22,1,0
BRDA:333,23,0,0
BRDA:333,23,1,0
BRDA:334,24,0,0
BRDA:334,24,1,0
BRDA:335,25,0,0
BRDA:335,25,1,0
BRF:51
BRH:0
end_of_record
TN:
SF:src\screens\TrainingLogScreen.tsx
FN:9,(anonymous_0)
FN:42,statusLabel
FN:56,(anonymous_2)
FN:64,(anonymous_3)
FN:66,(anonymous_4)
FN:67,(anonymous_5)
FN:68,(anonymous_6)
FN:88,(anonymous_7)
FN:91,(anonymous_8)
FN:92,(anonymous_9)
FNF:10
FNH:0
FNDA:0,(anonymous_0)
FNDA:0,statusLabel
FNDA:0,(anonymous_2)
FNDA:0,(anonymous_3)
FNDA:0,(anonymous_4)
FNDA:0,(anonymous_5)
FNDA:0,(anonymous_6)
FNDA:0,(anonymous_7)
FNDA:0,(anonymous_8)
FNDA:0,(anonymous_9)
DA:9,0
DA:10,0
DA:11,0
DA:46,0
DA:47,0
DA:48,0
DA:56,0
DA:57,0
DA:58,0
DA:59,0
DA:60,0
DA:61,0
DA:62,0
DA:64,0
DA:65,0
DA:66,0
DA:67,0
DA:68,0
DA:71,0
DA:89,0
DA:91,0
DA:92,0
LF:22
LH:0
BRDA:46,0,0,0
BRDA:46,0,1,0
BRDA:47,1,0,0
BRDA:47,1,1,0
BRDA:66,2,0,0
BRDA:66,2,1,0
BRDA:74,3,0,0
BRDA:74,3,1,0
BRDA:81,4,0,0
BRDA:81,4,1,0
BRDA:85,5,0,0
BRDA:85,5,1,0
BRDA:91,6,0,0
BRDA:91,6,1,0
BRDA:99,7,0,0
BRDA:99,7,1,0
BRDA:105,8,0,0
BRDA:105,8,1,0
BRDA:107,9,0,0
BRDA:107,9,1,0
BRF:20
BRH:0
end_of_record
TN:
SF:src\services\AvatarTrainerService.ts
FN:172,pickRandom
FN:177,interpolateVars
FN:185,getHRZone
FN:221,(anonymous_3)
FN:225,(anonymous_4)
FN:231,(anonymous_5)
FN:272,(anonymous_6)
FN:296,(anonymous_7)
FN:374,(anonymous_8)
FN:423,(anonymous_9)
FN:495,(anonymous_10)
FNF:11
FNH:11
FNDA:52,pickRandom
FNDA:52,interpolateVars
FNDA:40,getHRZone
FNDA:24,(anonymous_3)
FNDA:2,(anonymous_4)
FNDA:21,(anonymous_5)
FNDA:3,(anonymous_6)
FNDA:40,(anonymous_7)
FNDA:1,(anonymous_8)
FNDA:57,(anonymous_9)
FNDA:29,(anonymous_10)
DA:67,2
DA:173,52
DA:174,52
DA:178,52
DA:179,52
DA:180,27
DA:182,52
DA:186,40
DA:187,28
DA:188,20
DA:189,6
DA:190,0
DA:196,30
DA:212,30
DA:214,30
DA:215,30
DA:216,30
DA:217,30
DA:222,24
DA:226,2
DA:232,21
DA:233,21
DA:234,21
DA:235,21
DA:236,21
DA:237,21
DA:238,21
DA:239,21
DA:240,21
DA:241,21
DA:244,21
DA:247,21
DA:248,18
DA:249,18
DA:261,21
DA:273,3
DA:275,3
DA:285,3
DA:286,3
DA:288,3
DA:289,0
DA:290,0
DA:297,40
DA:299,40
DA:300,40
DA:303,40
DA:304,40
DA:305,40
DA:306,40
DA:307,40
DA:309,40
DA:310,12
DA:314,40
DA:317,40
DA:318,3
DA:319,3
DA:320,3
DA:322,3
DA:334,40
DA:335,2
DA:336,2
DA:338,2
DA:347,38
DA:349,38
DA:353,40
DA:354,40
DA:355,3
DA:357,3
DA:358,3
DA:359,3
DA:360,2
DA:361,2
DA:363,2
DA:374,2
DA:380,40
DA:381,40
DA:382,40
DA:383,6
DA:384,6
DA:386,6
DA:388,6
DA:403,40
DA:404,40
DA:405,2
DA:406,2
DA:408,2
DA:433,57
DA:436,57
DA:437,56
DA:439,56
DA:440,56
DA:442,56
DA:445,56
DA:451,53
DA:455,53
DA:456,3
DA:458,50
DA:459,50
DA:462,53
DA:473,2
DA:475,2
DA:476,2
DA:477,2
DA:479,2
DA:489,55
DA:496,29
DA:497,29
DA:498,29
DA:499,29
DA:500,29
DA:505,2
LF:111
LH:108
BRDA:173,0,0,0
BRDA:173,0,1,52
BRDA:173,1,0,52
BRDA:173,1,1,52
BRDA:174,2,0,52
BRDA:174,2,1,0
BRDA:174,2,2,0
BRDA:186,3,0,12
BRDA:186,3,1,28
BRDA:187,4,0,8
BRDA:187,4,1,20
BRDA:188,5,0,14
BRDA:188,5,1,6
BRDA:189,6,0,6
BRDA:189,6,1,0
BRDA:247,7,0,18
BRDA:247,7,1,3
BRDA:288,8,0,0
BRDA:288,8,1,3
BRDA:297,9,0,0
BRDA:297,9,1,40
BRDA:297,10,0,40
BRDA:297,10,1,40
BRDA:309,11,0,12
BRDA:309,11,1,28
BRDA:317,12,0,3
BRDA:317,12,1,37
BRDA:317,13,0,40
BRDA:317,13,1,3
BRDA:334,14,0,2
BRDA:334,14,1,38
BRDA:334,15,0,40
BRDA:334,15,1,2
BRDA:347,16,0,38
BRDA:347,16,1,0
BRDA:354,17,0,3
BRDA:354,17,1,37
BRDA:354,18,0,40
BRDA:354,18,1,10
BRDA:357,19,0,3
BRDA:357,19,1,0
BRDA:357,20,0,3
BRDA:357,20,1,3
BRDA:359,21,0,2
BRDA:359,21,1,1
BRDA:359,22,0,3
BRDA:359,22,1,2
BRDA:382,23,0,6
BRDA:382,23,1,34
BRDA:382,24,0,40
BRDA:382,24,1,22
BRDA:386,25,0,5
BRDA:386,25,1,1
BRDA:391,26,0,5
BRDA:391,26,1,1
BRDA:392,27,0,5
BRDA:392,27,1,1
BRDA:404,28,0,2
BRDA:404,28,1,38
BRDA:404,29,0,40
BRDA:404,29,1,2
BRDA:436,30,0,1
BRDA:436,30,1,56
BRDA:440,31,0,0
BRDA:440,31,1,56
BRDA:451,32,0,0
BRDA:451,32,1,53
BRDA:455,33,0,3
BRDA:455,33,1,50
BRDA:473,34,0,0
BRDA:473,34,1,2
BRDA:497,35,0,0
BRDA:497,35,1,29
BRF:73
BRH:61
end_of_record
TN:
SF:src\services\BrandingService.ts
FN:23,applyOverrides
FN:35,clearOverrides
FN:47,(anonymous_2)
FN:51,(anonymous_3)
FN:62,(anonymous_4)
FN:65,(anonymous_5)
FNF:6
FNH:0
FNDA:0,applyOverrides
FNDA:0,clearOverrides
FNDA:0,(anonymous_2)
FNDA:0,(anonymous_3)
FNDA:0,(anonymous_4)
FNDA:0,(anonymous_5)
DA:14,0
DA:24,0
DA:28,0
DA:29,0
DA:30,0
DA:36,0
DA:37,0
DA:38,0
DA:42,0
DA:48,0
DA:49,0
DA:51,0
DA:52,0
DA:54,0
DA:55,0
DA:57,0
DA:58,0
DA:62,0
DA:66,0
DA:67,0
LF:20
LH:0
BRF:0
BRH:0
end_of_record
TN:
SF:src\services\EngagementAnalytics.ts
FN:16,trackEngagement
FNF:1
FNH:0
FNDA:0,trackEngagement
DA:20,0
LF:1
LH:0
BRF:0
BRH:0
end_of_record
TN:
SF:src\services\FirebaseService.ts
FN:6,initFirebase
FN:15,(anonymous_1)
FN:26,(anonymous_2)
FN:34,firebaseCapture
FN:47,setAnalyticsEvent
FNF:5
FNH:1
FNDA:0,initFirebase
FNDA:0,(anonymous_1)
FNDA:0,(anonymous_2)
FNDA:2,firebaseCapture
FNDA:0,setAnalyticsEvent
DA:3,3
DA:4,3
DA:7,0
DA:9,0
DA:10,0
DA:11,0
DA:14,0
DA:15,0
DA:16,0
DA:17,0
DA:19,0
DA:20,0
DA:21,0
DA:22,0
DA:24,0
DA:27,0
DA:30,0
DA:35,2
DA:37,2
DA:39,0
DA:40,0
DA:41,2
DA:43,2
DA:48,0
DA:49,0
DA:50,0
DA:51,0
DA:52,0
DA:58,0
LF:29
LH:6
BRDA:9,0,0,0
BRDA:9,0,1,0
BRDA:35,1,0,2
BRDA:35,1,1,0
BRDA:37,2,0,0
BRDA:37,2,1,2
BRDA:40,3,0,0
BRDA:40,3,1,0
BRDA:41,4,0,2
BRDA:41,4,1,0
BRDA:49,5,0,0
BRDA:49,5,1,0
BRDA:51,6,0,0
BRDA:51,6,1,0
BRDA:58,7,0,0
BRDA:58,7,1,0
BRF:16
BRH:3
end_of_record
TN:
SF:src\services\GpsSyncManager.ts
FN:56,loadFilterState
FN:78,persistFilterStates
FN:80,(anonymous_2)
FN:120,routePathHash
FN:130,syncRoutePath
FN:152,(anonymous_5)
FN:157,finalizeActivity
FN:173,(anonymous_7)
FN:178,retryPendingSessionCreate
FN:203,(anonymous_9)
FN:205,(anonymous_10)
FN:219,recoverGpsDataOnLaunch
FN:259,isTrackingRecoveryPending
FN:264,isRideTrackingActive
FN:272,resumeTrackingAfterRelaunch
FN:304,clearTrackingRecoveryPending
FN:309,runManualGpsRecovery
FN:336,subscribeNetInfoReconnect
FN:338,(anonymous_18)
FN:345,unsubscribeNetInfoReconnect
FN:350,ensureAppStateNetInfoLifecycle
FN:352,(anonymous_21)
FN:362,startGpsBackgroundSync
FN:364,(anonymous_23)
FN:372,stopGpsBackgroundSync
FN:380,(anonymous_25)
FN:388,(anonymous_26)
FN:403,(anonymous_27)
FN:484,calculateDistance
FN:505,(anonymous_29)
FN:510,(anonymous_30)
FN:514,(anonymous_31)
FN:518,(anonymous_32)
FN:546,(anonymous_33)
FN:599,(anonymous_34)
FN:602,(anonymous_35)
FN:624,(anonymous_36)
FNF:37
FNH:0
FNDA:0,loadFilterState
FNDA:0,persistFilterStates
FNDA:0,(anonymous_2)
FNDA:0,routePathHash
FNDA:0,syncRoutePath
FNDA:0,(anonymous_5)
FNDA:0,finalizeActivity
FNDA:0,(anonymous_7)
FNDA:0,retryPendingSessionCreate
FNDA:0,(anonymous_9)
FNDA:0,(anonymous_10)
FNDA:0,recoverGpsDataOnLaunch
FNDA:0,isTrackingRecoveryPending
FNDA:0,isRideTrackingActive
FNDA:0,resumeTrackingAfterRelaunch
FNDA:0,clearTrackingRecoveryPending
FNDA:0,runManualGpsRecovery
FNDA:0,subscribeNetInfoReconnect
FNDA:0,(anonymous_18)
FNDA:0,unsubscribeNetInfoReconnect
FNDA:0,ensureAppStateNetInfoLifecycle
FNDA:0,(anonymous_21)
FNDA:0,startGpsBackgroundSync
FNDA:0,(anonymous_23)
FNDA:0,stopGpsBackgroundSync
FNDA:0,(anonymous_25)
FNDA:0,(anonymous_26)
FNDA:0,(anonymous_27)
FNDA:0,calculateDistance
FNDA:0,(anonymous_29)
FNDA:0,(anonymous_30)
FNDA:0,(anonymous_31)
FNDA:0,(anonymous_32)
FNDA:0,(anonymous_33)
FNDA:0,(anonymous_34)
FNDA:0,(anonymous_35)
FNDA:0,(anonymous_36)
DA:51,0
DA:52,0
DA:54,0
DA:57,0
DA:58,0
DA:59,0
DA:60,0
DA:61,0
DA:62,0
DA:63,0
DA:64,0
DA:65,0
DA:66,0
DA:67,0
DA:73,0
DA:74,0
DA:75,0
DA:79,0
DA:80,0
DA:81,0
DA:83,0
DA:95,0
DA:121,0
DA:122,0
DA:123,0
DA:124,0
DA:125,0
DA:127,0
DA:135,0
DA:136,0
DA:137,0
DA:139,0
DA:140,0
DA:141,0
DA:142,0
DA:146,0
DA:148,0
DA:149,0
DA:150,0
DA:152,0
DA:161,0
DA:162,0
DA:163,0
DA:167,0
DA:169,0
DA:170,0
DA:171,0
DA:173,0
DA:179,0
DA:180,0
DA:181,0
DA:182,0
DA:184,0
DA:185,0
DA:189,0
DA:190,0
DA:191,0
DA:192,0
DA:193,0
DA:194,0
DA:195,0
DA:196,0
DA:201,0
DA:202,0
DA:203,0
DA:204,0
DA:205,0
DA:207,0
DA:210,0
DA:214,0
DA:216,0
DA:220,0
DA:221,0
DA:227,0
DA:229,0
DA:230,0
DA:231,0
DA:232,0
DA:234,0
DA:235,0
DA:236,0
DA:237,0
DA:240,0
DA:243,0
DA:245,0
DA:246,0
DA:251,0
DA:260,0
DA:261,0
DA:265,0
DA:266,0
DA:267,0
DA:268,0
DA:273,0
DA:274,0
DA:275,0
DA:276,0
DA:278,0
DA:279,0
DA:280,0
DA:282,0
DA:284,0
DA:285,0
DA:286,0
DA:290,0
DA:291,0
DA:292,0
DA:300,0
DA:301,0
DA:305,0
DA:306,0
DA:310,0
DA:311,0
DA:312,0
DA:314,0
DA:315,0
DA:318,0
DA:322,0
DA:323,0
DA:324,0
DA:326,0
DA:332,0
DA:333,0
DA:334,0
DA:337,0
DA:338,0
DA:339,0
DA:340,0
DA:346,0
DA:347,0
DA:351,0
DA:352,0
DA:353,0
DA:354,0
DA:355,0
DA:356,0
DA:357,0
DA:363,0
DA:364,0
DA:365,0
DA:368,0
DA:369,0
DA:373,0
DA:374,0
DA:375,0
DA:377,0
DA:380,0
DA:381,0
DA:382,0
DA:383,0
DA:386,0
DA:387,0
DA:388,0
DA:389,0
DA:392,0
DA:393,0
DA:394,0
DA:395,0
DA:397,0
DA:398,0
DA:399,0
DA:401,0
DA:403,0
DA:404,0
DA:409,0
DA:410,0
DA:411,0
DA:417,0
DA:418,0
DA:423,0
DA:426,0
DA:427,0
DA:428,0
DA:429,0
DA:443,0
DA:444,0
DA:445,0
DA:447,0
DA:450,0
DA:455,0
DA:466,0
DA:471,0
DA:472,0
DA:485,0
DA:486,0
DA:487,0
DA:489,0
DA:494,0
DA:502,0
DA:503,0
DA:506,0
DA:507,0
DA:511,0
DA:515,0
DA:519,0
DA:520,0
DA:521,0
DA:523,0
DA:527,0
DA:528,0
DA:530,0
DA:534,0
DA:550,0
DA:551,0
DA:552,0
DA:555,0
DA:556,0
DA:557,0
DA:560,0
DA:561,0
DA:562,0
DA:575,0
DA:584,0
DA:585,0
DA:588,0
DA:589,0
DA:598,0
DA:599,0
DA:603,0
DA:604,0
DA:605,0
DA:606,0
DA:608,0
DA:613,0
DA:614,0
DA:625,0
DA:626,0
DA:628,0
DA:629,0
DA:630,0
DA:632,0
DA:633,0
DA:635,0
DA:636,0
DA:638,0
DA:639,0
DA:642,0
DA:649,0
DA:650,0
DA:653,0
DA:654,0
DA:655,0
DA:656,0
DA:657,0
DA:658,0
DA:661,0
DA:662,0
DA:663,0
DA:665,0
DA:678,0
DA:679,0
DA:683,0
DA:684,0
LF:253
LH:0
BRDA:57,0,0,0
BRDA:57,0,1,0
BRDA:59,1,0,0
BRDA:59,1,1,0
BRDA:61,2,0,0
BRDA:61,2,1,0
BRDA:64,3,0,0
BRDA:64,3,1,0
BRDA:137,4,0,0
BRDA:137,4,1,0
BRDA:148,5,0,0
BRDA:148,5,1,0
BRDA:169,6,0,0
BRDA:169,6,1,0
BRDA:180,7,0,0
BRDA:180,7,1,0
BRDA:182,8,0,0
BRDA:182,8,1,0
BRDA:189,9,0,0
BRDA:189,9,1,0
BRDA:192,10,0,0
BRDA:192,10,1,0
BRDA:195,11,0,0
BRDA:195,11,1,0
BRDA:202,12,0,0
BRDA:202,12,1,0
BRDA:227,13,0,0
BRDA:227,13,1,0
BRDA:240,14,0,0
BRDA:240,14,1,0
BRDA:241,15,0,0
BRDA:241,15,1,0
BRDA:241,15,2,0
BRDA:241,15,3,0
BRDA:245,16,0,0
BRDA:245,16,1,0
BRDA:245,17,0,0
BRDA:245,17,1,0
BRDA:261,18,0,0
BRDA:261,18,1,0
BRDA:266,19,0,0
BRDA:266,19,1,0
BRDA:268,20,0,0
BRDA:268,20,1,0
BRDA:274,21,0,0
BRDA:274,21,1,0
BRDA:276,22,0,0
BRDA:276,22,1,0
BRDA:276,23,0,0
BRDA:276,23,1,0
BRDA:284,24,0,0
BRDA:284,24,1,0
BRDA:290,25,0,0
BRDA:290,25,1,0
BRDA:306,26,0,0
BRDA:306,26,1,0
BRDA:315,27,0,0
BRDA:315,27,1,0
BRDA:318,28,0,0
BRDA:318,28,1,0
BRDA:318,28,2,0
BRDA:322,29,0,0
BRDA:322,29,1,0
BRDA:337,30,0,0
BRDA:337,30,1,0
BRDA:339,31,0,0
BRDA:339,31,1,0
BRDA:339,32,0,0
BRDA:339,32,1,0
BRDA:351,33,0,0
BRDA:351,33,1,0
BRDA:353,34,0,0
BRDA:353,34,1,0
BRDA:353,35,0,0
BRDA:353,35,1,0
BRDA:355,36,0,0
BRDA:355,36,1,0
BRDA:363,37,0,0
BRDA:363,37,1,0
BRDA:373,38,0,0
BRDA:373,38,1,0
BRDA:381,39,0,0
BRDA:381,39,1,0
BRDA:387,40,0,0
BRDA:387,40,1,0
BRDA:389,41,0,0
BRDA:389,41,1,0
BRDA:392,42,0,0
BRDA:392,42,1,0
BRDA:397,43,0,0
BRDA:397,43,1,0
BRDA:399,44,0,0
BRDA:399,44,1,0
BRDA:405,45,0,0
BRDA:405,45,1,0
BRDA:410,46,0,0
BRDA:410,46,1,0
BRDA:418,47,0,0
BRDA:418,47,1,0
BRDA:419,48,0,0
BRDA:419,48,1,0
BRDA:419,48,2,0
BRDA:427,49,0,0
BRDA:427,49,1,0
BRDA:436,50,0,0
BRDA:436,50,1,0
BRDA:437,51,0,0
BRDA:437,51,1,0
BRDA:438,52,0,0
BRDA:438,52,1,0
BRDA:443,53,0,0
BRDA:443,53,1,0
BRDA:450,54,0,0
BRDA:450,54,1,0
BRDA:451,55,0,0
BRDA:451,55,1,0
BRDA:456,56,0,0
BRDA:456,56,1,0
BRDA:458,57,0,0
BRDA:458,57,1,0
BRDA:460,58,0,0
BRDA:460,58,1,0
BRDA:460,59,0,0
BRDA:460,59,1,0
BRDA:460,60,0,0
BRDA:460,60,1,0
BRDA:468,61,0,0
BRDA:468,61,1,0
BRDA:505,62,0,0
BRDA:519,63,0,0
BRDA:519,63,1,0
BRDA:521,64,0,0
BRDA:521,64,1,0
BRDA:524,65,0,0
BRDA:524,65,1,0
BRDA:530,66,0,0
BRDA:530,66,1,0
BRDA:530,67,0,0
BRDA:530,67,1,0
BRDA:541,68,0,0
BRDA:541,68,1,0
BRDA:548,69,0,0
BRDA:551,70,0,0
BRDA:551,70,1,0
BRDA:556,71,0,0
BRDA:556,71,1,0
BRDA:561,72,0,0
BRDA:561,72,1,0
BRDA:604,73,0,0
BRDA:604,73,1,0
BRDA:606,74,0,0
BRDA:606,74,1,0
BRDA:626,75,0,0
BRDA:626,75,1,0
BRDA:629,76,0,0
BRDA:629,76,1,0
BRDA:630,77,0,0
BRDA:630,77,1,0
BRDA:635,78,0,0
BRDA:635,78,1,0
BRDA:636,79,0,0
BRDA:636,79,1,0
BRDA:638,80,0,0
BRDA:638,80,1,0
BRDA:638,81,0,0
BRDA:638,81,1,0
BRDA:642,82,0,0
BRDA:642,82,1,0
BRDA:644,83,0,0
BRDA:644,83,1,0
BRDA:649,84,0,0
BRDA:649,84,1,0
BRDA:649,85,0,0
BRDA:649,85,1,0
BRDA:654,86,0,0
BRDA:654,86,1,0
BRDA:654,87,0,0
BRDA:654,87,1,0
BRDA:655,88,0,0
BRDA:655,88,1,0
BRDA:657,89,0,0
BRDA:657,89,1,0
BRDA:657,90,0,0
BRDA:657,90,1,0
BRDA:657,90,2,0
BRDA:661,91,0,0
BRDA:661,91,1,0
BRDA:662,92,0,0
BRDA:662,92,1,0
BRDA:668,93,0,0
BRDA:668,93,1,0
BRDA:675,94,0,0
BRDA:675,94,1,0
BRDA:678,95,0,0
BRDA:678,95,1,0
BRF:195
BRH:0
end_of_record
TN:
SF:src\services\HapticService.ts
FN:118,(anonymous_0)
FN:126,(anonymous_1)
FN:129,(anonymous_2)
FN:131,(anonymous_3)
FN:151,(anonymous_4)
FN:152,(anonymous_5)
FN:158,(anonymous_6)
FN:159,(anonymous_7)
FN:165,(anonymous_8)
FN:166,(anonymous_9)
FN:172,(anonymous_10)
FN:175,(anonymous_11)
FN:181,(anonymous_12)
FN:184,(anonymous_13)
FN:190,(anonymous_14)
FN:193,(anonymous_15)
FNF:16
FNH:0
FNDA:0,(anonymous_0)
FNDA:0,(anonymous_1)
FNDA:0,(anonymous_2)
FNDA:0,(anonymous_3)
FNDA:0,(anonymous_4)
FNDA:0,(anonymous_5)
FNDA:0,(anonymous_6)
FNDA:0,(anonymous_7)
FNDA:0,(anonymous_8)
FNDA:0,(anonymous_9)
FNDA:0,(anonymous_10)
FNDA:0,(anonymous_11)
FNDA:0,(anonymous_12)
FNDA:0,(anonymous_13)
FNDA:0,(anonymous_14)
FNDA:0,(anonymous_15)
DA:56,0
DA:119,0
DA:120,0
DA:121,0
DA:122,0
DA:125,0
DA:126,0
DA:127,0
DA:128,0
DA:129,0
DA:130,0
DA:131,0
DA:138,0
DA:139,0
DA:141,0
DA:152,0
DA:159,0
DA:166,0
DA:173,0
DA:182,0
DA:191,0
DA:198,0
LF:22
LH:0
BRDA:120,0,0,0
BRDA:120,0,1,0
BRDA:128,1,0,0
BRDA:128,1,1,0
BRDA:128,2,0,0
BRDA:128,2,1,0
BRDA:130,3,0,0
BRDA:130,3,1,0
BRDA:130,4,0,0
BRDA:130,4,1,0
BRDA:138,5,0,0
BRDA:138,5,1,0
BRF:12
BRH:0
end_of_record
TN:
SF:src\services\HeroPreferencesService.ts
FN:18,(anonymous_0)
FN:21,(anonymous_1)
FN:24,(anonymous_2)
FN:27,(anonymous_3)
FNF:4
FNH:0
FNDA:0,(anonymous_0)
FNDA:0,(anonymous_1)
FNDA:0,(anonymous_2)
FNDA:0,(anonymous_3)
DA:3,0
DA:4,0
DA:6,0
DA:7,0
DA:9,0
DA:10,0
DA:11,0
DA:13,0
DA:17,0
DA:19,0
DA:22,0
DA:25,0
DA:28,0
LF:13
LH:0
BRDA:19,0,0,0
BRDA:19,0,1,0
BRDA:25,1,0,0
BRDA:25,1,1,0
BRF:4
BRH:0
end_of_record
TN:
SF:src\services\ImmersiveThemeService.ts
FN:5,isImmersiveThemeEnabled
FN:11,setImmersiveThemeEnabled
FNF:2
FNH:1
FNDA:1,isImmersiveThemeEnabled
FNDA:0,setImmersiveThemeEnabled
DA:3,1
DA:6,1
DA:7,1
DA:8,0
DA:12,0
LF:5
LH:3
BRDA:7,0,0,1
BRDA:7,0,1,0
BRDA:7,1,0,1
BRDA:7,1,1,0
BRDA:12,2,0,0
BRDA:12,2,1,0
BRF:6
BRH:2
end_of_record
TN:
SF:src\services\LlmCoachService.ts
FN:144,(anonymous_0)
FN:172,(anonymous_1)
FN:244,(anonymous_2)
FN:251,(anonymous_3)
FN:258,(anonymous_4)
FN:264,(anonymous_5)
FN:275,(anonymous_6)
FN:283,(anonymous_7)
FN:293,(anonymous_8)
FN:296,(anonymous_9)
FN:297,(anonymous_10)
FN:302,(anonymous_11)
FN:369,(anonymous_12)
FN:380,(anonymous_13)
FNF:14
FNH:13
FNDA:41,(anonymous_0)
FNDA:24,(anonymous_1)
FNDA:1,(anonymous_2)
FNDA:0,(anonymous_3)
FNDA:1,(anonymous_4)
FNDA:25,(anonymous_5)
FNDA:2,(anonymous_6)
FNDA:23,(anonymous_7)
FNDA:24,(anonymous_8)
FNDA:155,(anonymous_9)
FNDA:84,(anonymous_10)
FNDA:20,(anonymous_11)
FNDA:1,(anonymous_12)
FNDA:21,(anonymous_13)
DA:29,1
DA:30,1
DA:32,1
DA:81,1
DA:96,1
DA:118,1
DA:139,41
DA:140,41
DA:141,41
DA:145,41
DA:148,41
DA:150,41
DA:152,41
DA:173,24
DA:176,24
DA:177,0
DA:178,0
DA:179,0
DA:183,24
DA:184,24
DA:185,22
DA:186,22
DA:187,1
DA:188,1
DA:189,1
DA:190,0
DA:192,1
DA:197,23
DA:198,3
DA:199,3
DA:203,20
DA:204,20
DA:205,18
DA:208,18
DA:209,17
DA:213,18
DA:216,18
DA:217,0
DA:221,18
DA:222,0
DA:228,18
DA:230,2
DA:231,2
DA:232,2
DA:236,2
DA:237,2
DA:245,1
DA:252,0
DA:259,1
DA:265,25
DA:266,0
DA:267,0
DA:270,0
DA:272,25
DA:276,2
DA:277,2
DA:278,0
DA:279,0
DA:284,23
DA:285,23
DA:286,23
DA:287,3
DA:289,20
DA:290,20
DA:295,24
DA:296,155
DA:297,84
DA:299,24
DA:303,20
DA:304,20
DA:307,20
DA:308,20
DA:309,81
DA:312,20
DA:317,20
DA:319,20
DA:320,20
DA:322,20
DA:323,21
DA:326,21
DA:328,0
DA:339,21
DA:350,18
DA:351,18
DA:352,0
DA:356,18
DA:358,18
DA:360,18
DA:361,0
DA:364,18
DA:366,3
DA:367,3
DA:369,1
DA:374,2
DA:381,21
DA:382,21
DA:383,21
DA:388,1
LF:98
LH:83
BRDA:29,0,0,1
BRDA:29,0,1,1
BRDA:30,1,0,0
BRDA:30,1,1,1
BRDA:33,2,0,1
BRDA:33,2,1,1
BRDA:33,2,2,1
BRDA:34,3,0,1
BRDA:34,3,1,1
BRDA:35,4,0,1
BRDA:35,4,1,1
BRDA:148,5,0,41
BRDA:148,5,1,0
BRDA:150,6,0,0
BRDA:150,6,1,41
BRDA:155,7,0,0
BRDA:155,7,1,41
BRDA:176,8,0,0
BRDA:176,8,1,24
BRDA:184,9,0,22
BRDA:184,9,1,2
BRDA:186,10,0,1
BRDA:186,10,1,21
BRDA:189,11,0,0
BRDA:189,11,1,1
BRDA:197,12,0,3
BRDA:197,12,1,20
BRDA:208,13,0,17
BRDA:208,13,1,1
BRDA:216,14,0,0
BRDA:216,14,1,18
BRDA:221,15,0,0
BRDA:221,15,1,18
BRDA:233,16,0,2
BRDA:233,16,1,0
BRDA:259,17,0,1
BRDA:259,17,1,1
BRDA:265,18,0,0
BRDA:265,18,1,25
BRDA:266,19,0,0
BRDA:266,19,1,0
BRDA:277,20,0,0
BRDA:277,20,1,2
BRDA:286,21,0,3
BRDA:286,21,1,20
BRDA:286,22,0,23
BRDA:286,22,1,4
BRDA:326,23,0,0
BRDA:326,23,1,21
BRDA:351,24,0,0
BRDA:351,24,1,18
BRDA:351,25,0,18
BRDA:351,25,1,18
BRDA:360,26,0,0
BRDA:360,26,1,18
BRDA:367,27,0,1
BRDA:367,27,1,2
BRDA:374,28,0,2
BRDA:374,28,1,0
BRF:59
BRH:42
end_of_record
TN:
SF:src\services\MilestoneTracker.ts
FN:58,(anonymous_0)
FN:79,(anonymous_1)
FN:86,(anonymous_2)
FN:93,(anonymous_3)
FN:105,(anonymous_4)
FN:110,(anonymous_5)
FNF:6
FNH:2
FNDA:40,(anonymous_0)
FNDA:21,(anonymous_1)
FNDA:0,(anonymous_2)
FNDA:0,(anonymous_3)
FNDA:0,(anonymous_4)
FNDA:0,(anonymous_5)
DA:19,2
DA:53,30
DA:59,40
DA:60,200
DA:61,5
DA:63,5
DA:80,21
DA:87,0
DA:94,0
DA:95,0
DA:96,0
DA:99,0
DA:106,0
DA:107,0
DA:110,0
DA:111,0
DA:115,0
LF:17
LH:7
BRDA:60,0,0,5
BRDA:60,0,1,195
BRDA:60,1,0,200
BRDA:60,1,1,5
BRDA:95,2,0,0
BRDA:95,2,1,0
BRDA:107,3,0,0
BRDA:107,3,1,0
BRDA:111,4,0,0
BRDA:111,4,1,0
BRDA:112,5,0,0
BRDA:112,5,1,0
BRF:12
BRH:4
end_of_record
TN:
SF:src\services\OfflineCacheService.ts
FN:10,read
FN:22,write
FN:28,(anonymous_2)
FN:31,(anonymous_3)
FN:34,(anonymous_4)
FN:37,(anonymous_5)
FNF:6
FNH:0
FNDA:0,read
FNDA:0,write
FNDA:0,(anonymous_2)
FNDA:0,(anonymous_3)
FNDA:0,(anonymous_4)
FNDA:0,(anonymous_5)
DA:4,0
DA:5,0
DA:6,0
DA:11,0
DA:12,0
DA:13,0
DA:14,0
DA:15,0
DA:16,0
DA:18,0
DA:23,0
DA:24,0
DA:27,0
DA:29,0
DA:32,0
DA:35,0
DA:38,0
LF:17
LH:0
BRDA:12,0,0,0
BRDA:12,0,1,0
BRDA:15,1,0,0
BRDA:15,1,1,0
BRF:4
BRH:0
end_of_record
TN:
SF:src\services\PushNotificationService.ts
FN:7,(anonymous_0)
FN:16,registerDevicePushToken
FNF:2
FNH:0
FNDA:0,(anonymous_0)
FNDA:0,registerDevicePushToken
DA:6,0
DA:7,0
DA:17,0
DA:18,0
DA:19,0
DA:20,0
DA:21,0
DA:23,0
DA:25,0
DA:26,0
DA:27,0
DA:29,0
DA:30,0
DA:31,0
LF:14
LH:0
BRDA:19,0,0,0
BRDA:19,0,1,0
BRDA:23,1,0,0
BRDA:23,1,1,0
BRDA:27,2,0,0
BRDA:27,2,1,0
BRDA:29,3,0,0
BRDA:29,3,1,0
BRF:8
BRH:0
end_of_record
TN:
SF:src\services\RiderPreferencesService.ts
FN:16,(anonymous_0)
FN:22,(anonymous_1)
FN:26,(anonymous_2)
FN:32,(anonymous_3)
FN:36,(anonymous_4)
FN:42,(anonymous_5)
FN:46,(anonymous_6)
FN:52,(anonymous_7)
FNF:8
FNH:0
FNDA:0,(anonymous_0)
FNDA:0,(anonymous_1)
FNDA:0,(anonymous_2)
FNDA:0,(anonymous_3)
FNDA:0,(anonymous_4)
FNDA:0,(anonymous_5)
FNDA:0,(anonymous_6)
FNDA:0,(anonymous_7)
DA:3,0
DA:4,0
DA:5,0
DA:6,0
DA:8,0
DA:15,0
DA:17,0
DA:18,0
DA:19,0
DA:23,0
DA:27,0
DA:28,0
DA:29,0
DA:33,0
DA:37,0
DA:38,0
DA:39,0
DA:43,0
DA:47,0
DA:48,0
DA:49,0
DA:53,0
LF:22
LH:0
BRDA:18,0,0,0
BRDA:18,0,1,0
BRDA:19,1,0,0
BRDA:19,1,1,0
BRDA:19,2,0,0
BRDA:19,2,1,0
BRDA:28,3,0,0
BRDA:28,3,1,0
BRDA:29,4,0,0
BRDA:29,4,1,0
BRDA:29,5,0,0
BRDA:29,5,1,0
BRDA:38,6,0,0
BRDA:38,6,1,0
BRDA:43,7,0,0
BRDA:43,7,1,0
BRDA:48,8,0,0
BRDA:48,8,1,0
BRDA:53,9,0,0
BRDA:53,9,1,0
BRF:20
BRH:0
end_of_record
TN:
SF:src\services\SoundService.ts
FN:62,waveformFromParam
FN:69,paramToDef
FN:87,loadSfxDefs
FN:103,generateWavBase64
FN:110,(anonymous_4)
FN:128,(anonymous_5)
FN:176,(anonymous_6)
FN:199,(anonymous_7)
FN:211,(anonymous_8)
FN:213,(anonymous_9)
FN:218,(anonymous_10)
FN:222,(anonymous_11)
FN:224,(anonymous_12)
FN:229,(anonymous_13)
FN:233,(anonymous_14)
FNF:15
FNH:0
FNDA:0,waveformFromParam
FNDA:0,paramToDef
FNDA:0,loadSfxDefs
FNDA:0,generateWavBase64
FNDA:0,(anonymous_4)
FNDA:0,(anonymous_5)
FNDA:0,(anonymous_6)
FNDA:0,(anonymous_7)
FNDA:0,(anonymous_8)
FNDA:0,(anonymous_9)
FNDA:0,(anonymous_10)
FNDA:0,(anonymous_11)
FNDA:0,(anonymous_12)
FNDA:0,(anonymous_13)
FNDA:0,(anonymous_14)
DA:37,0
DA:48,0
DA:59,0
DA:60,0
DA:63,0
DA:64,0
DA:65,0
DA:66,0
DA:70,0
DA:74,0
DA:76,0
DA:79,0
DA:88,0
DA:89,0
DA:90,0
DA:91,0
DA:92,0
DA:93,0
DA:94,0
DA:100,0
DA:104,0
DA:105,0
DA:106,0
DA:107,0
DA:108,0
DA:110,0
DA:111,0
DA:114,0
DA:115,0
DA:116,0
DA:117,0
DA:118,0
DA:119,0
DA:120,0
DA:121,0
DA:122,0
DA:123,0
DA:124,0
DA:125,0
DA:126,0
DA:128,0
DA:129,0
DA:130,0
DA:132,0
DA:134,0
DA:136,0
DA:138,0
DA:142,0
DA:143,0
DA:144,0
DA:145,0
DA:146,0
DA:147,0
DA:148,0
DA:150,0
DA:151,0
DA:152,0
DA:154,0
DA:155,0
DA:156,0
DA:157,0
DA:158,0
DA:161,0
DA:162,0
DA:163,0
DA:164,0
DA:166,0
DA:170,0
DA:171,0
DA:172,0
DA:173,0
DA:174,0
DA:177,0
DA:178,0
DA:179,0
DA:185,0
DA:186,0
DA:187,0
DA:188,0
DA:189,0
DA:190,0
DA:191,0
DA:193,0
DA:195,0
DA:200,0
DA:201,0
DA:202,0
DA:203,0
DA:204,0
DA:205,0
DA:207,0
DA:212,0
DA:213,0
DA:214,0
DA:219,0
DA:223,0
DA:224,0
DA:225,0
DA:230,0
DA:234,0
DA:235,0
DA:236,0
DA:241,0
DA:242,0
DA:246,0
LF:105
LH:0
BRDA:63,0,0,0
BRDA:63,0,1,0
BRDA:64,1,0,0
BRDA:64,1,1,0
BRDA:65,2,0,0
BRDA:65,2,1,0
BRDA:65,3,0,0
BRDA:65,3,1,0
BRDA:76,4,0,0
BRDA:76,4,1,0
BRDA:93,5,0,0
BRDA:93,5,1,0
BRDA:130,6,0,0
BRDA:130,6,1,0
BRDA:130,6,2,0
BRDA:130,6,3,0
BRDA:132,7,0,0
BRDA:132,7,1,0
BRDA:147,8,0,0
BRDA:147,8,1,0
BRDA:151,9,0,0
BRDA:151,9,1,0
BRDA:164,10,0,0
BRDA:164,10,1,0
BRDA:177,11,0,0
BRDA:177,11,1,0
BRDA:200,12,0,0
BRDA:200,12,1,0
BRDA:202,13,0,0
BRDA:202,13,1,0
BRF:30
BRH:0
end_of_record
TN:
SF:src\services\TriggerEngine.ts
FN:84,(anonymous_0)
FN:101,(anonymous_1)
FN:111,(anonymous_2)
FN:113,(anonymous_3)
FN:128,(anonymous_4)
FN:134,(anonymous_5)
FN:144,(anonymous_6)
FN:163,(anonymous_7)
FN:167,(anonymous_8)
FN:176,(anonymous_9)
FN:182,(anonymous_10)
FN:189,(anonymous_11)
FN:216,(anonymous_12)
FNF:13
FNH:13
FNDA:133,(anonymous_0)
FNDA:836,(anonymous_1)
FNDA:6,(anonymous_2)
FNDA:16,(anonymous_3)
FNDA:11,(anonymous_4)
FNDA:11,(anonymous_5)
FNDA:74,(anonymous_6)
FNDA:43,(anonymous_7)
FNDA:130,(anonymous_8)
FNDA:1,(anonymous_9)
FNDA:19,(anonymous_10)
FNDA:31,(anonymous_11)
FNDA:9,(anonymous_12)
DA:57,3
DA:58,3
DA:59,3
DA:60,3
DA:63,16
DA:76,16
DA:77,16
DA:78,16
DA:85,133
DA:88,133
DA:89,133
DA:90,3
DA:91,3
DA:94,130
DA:100,130
DA:101,836
DA:102,130
DA:103,76
DA:105,54
DA:107,130
DA:110,130
DA:111,130
DA:112,6
DA:113,16
DA:115,6
DA:117,130
DA:120,130
DA:121,130
DA:129,11
DA:130,11
DA:131,11
DA:133,11
DA:134,11
DA:135,11
DA:136,11
DA:145,74
DA:146,74
DA:147,74
DA:148,74
DA:149,74
DA:150,124
DA:152,74
DA:153,74
DA:154,74
DA:155,74
DA:156,74
DA:157,74
DA:164,43
DA:168,130
DA:169,36
DA:170,36
DA:171,36
DA:173,36
DA:175,1
DA:176,1
DA:177,1
DA:178,1
DA:182,35
DA:183,19
DA:184,19
DA:190,31
DA:191,31
DA:192,7
DA:193,7
DA:196,24
DA:199,24
DA:200,24
DA:201,0
DA:202,0
DA:204,24
DA:207,24
DA:215,24
DA:216,24
DA:217,9
DA:223,3
LF:75
LH:73
BRDA:89,0,0,3
BRDA:89,0,1,130
BRDA:102,1,0,76
BRDA:102,1,1,54
BRDA:120,2,0,130
BRDA:120,2,1,0
BRDA:120,3,0,130
BRDA:120,3,1,130
BRDA:129,4,0,11
BRDA:129,4,1,0
BRDA:133,5,0,0
BRDA:133,5,1,11
BRDA:145,6,0,18
BRDA:145,6,1,56
BRDA:146,7,0,16
BRDA:146,7,1,58
BRDA:168,8,0,94
BRDA:168,8,1,36
BRDA:173,9,0,1
BRDA:173,9,1,35
BRDA:173,10,0,36
BRDA:173,10,1,1
BRDA:191,11,0,7
BRDA:191,11,1,24
BRDA:200,12,0,0
BRDA:200,12,1,24
BRDA:215,13,0,24
BRDA:215,13,1,21
BRF:28
BRH:24
end_of_record
TN:
SF:src\services\VoiceCueService.ts
FN:17,(anonymous_0)
FN:22,(anonymous_1)
FN:26,(anonymous_2)
FN:30,(anonymous_3)
FN:33,(anonymous_4)
FN:38,(anonymous_5)
FN:39,(anonymous_6)
FN:40,(anonymous_7)
FN:45,(anonymous_8)
FNF:9
FNH:0
FNDA:0,(anonymous_0)
FNDA:0,(anonymous_1)
FNDA:0,(anonymous_2)
FNDA:0,(anonymous_3)
FNDA:0,(anonymous_4)
FNDA:0,(anonymous_5)
FNDA:0,(anonymous_6)
FNDA:0,(anonymous_7)
FNDA:0,(anonymous_8)
DA:14,0
DA:15,0
DA:18,0
DA:19,0
DA:23,0
DA:27,0
DA:31,0
DA:32,0
DA:33,0
DA:34,0
DA:38,0
DA:39,0
DA:40,0
DA:46,0
DA:50,0
LF:15
LH:0
BRDA:19,0,0,0
BRDA:19,0,1,0
BRDA:31,1,0,0
BRDA:31,1,1,0
BRDA:31,2,0,0
BRDA:31,2,1,0
BRDA:35,3,0,0
BRDA:35,3,1,0
BRDA:36,4,0,0
BRDA:36,4,1,0
BRDA:37,5,0,0
BRDA:37,5,1,0
BRF:12
BRH:0
end_of_record
TN:
SF:src\services\api.ts
FN:140,(anonymous_0)
FN:142,(anonymous_1)
FN:148,(anonymous_2)
FN:149,(anonymous_3)
FN:152,(anonymous_4)
FN:153,(anonymous_5)
FN:153,(anonymous_6)
FN:154,(anonymous_7)
FN:155,(anonymous_8)
FN:161,(anonymous_9)
FN:162,(anonymous_10)
FN:163,(anonymous_11)
FN:164,(anonymous_12)
FN:165,(anonymous_13)
FN:166,(anonymous_14)
FN:182,(anonymous_15)
FN:187,(anonymous_16)
FN:191,(anonymous_17)
FN:192,(anonymous_18)
FN:193,(anonymous_19)
FN:194,(anonymous_20)
FN:195,(anonymous_21)
FN:195,(anonymous_22)
FN:196,(anonymous_23)
FN:197,(anonymous_24)
FN:198,(anonymous_25)
FN:199,(anonymous_26)
FN:203,(anonymous_27)
FN:203,(anonymous_28)
FN:204,(anonymous_29)
FN:205,(anonymous_30)
FN:206,(anonymous_31)
FN:210,(anonymous_32)
FN:210,(anonymous_33)
FN:211,(anonymous_34)
FN:211,(anonymous_35)
FN:212,(anonymous_36)
FN:213,(anonymous_37)
FN:217,(anonymous_38)
FN:217,(anonymous_39)
FN:221,(anonymous_40)
FN:222,(anonymous_41)
FN:223,(anonymous_42)
FN:224,(anonymous_43)
FN:225,(anonymous_44)
FN:231,(anonymous_45)
FN:232,(anonymous_46)
FN:232,(anonymous_47)
FN:236,(anonymous_48)
FN:236,(anonymous_49)
FN:237,(anonymous_50)
FN:238,(anonymous_51)
FN:242,(anonymous_52)
FN:242,(anonymous_53)
FN:243,(anonymous_54)
FN:243,(anonymous_55)
FN:247,(anonymous_56)
FN:254,(anonymous_57)
FNF:58
FNH:0
FNDA:0,(anonymous_0)
FNDA:0,(anonymous_1)
FNDA:0,(anonymous_2)
FNDA:0,(anonymous_3)
FNDA:0,(anonymous_4)
FNDA:0,(anonymous_5)
FNDA:0,(anonymous_6)
FNDA:0,(anonymous_7)
FNDA:0,(anonymous_8)
FNDA:0,(anonymous_9)
FNDA:0,(anonymous_10)
FNDA:0,(anonymous_11)
FNDA:0,(anonymous_12)
FNDA:0,(anonymous_13)
FNDA:0,(anonymous_14)
FNDA:0,(anonymous_15)
FNDA:0,(anonymous_16)
FNDA:0,(anonymous_17)
FNDA:0,(anonymous_18)
FNDA:0,(anonymous_19)
FNDA:0,(anonymous_20)
FNDA:0,(anonymous_21)
FNDA:0,(anonymous_22)
FNDA:0,(anonymous_23)
FNDA:0,(anonymous_24)
FNDA:0,(anonymous_25)
FNDA:0,(anonymous_26)
FNDA:0,(anonymous_27)
FNDA:0,(anonymous_28)
FNDA:0,(anonymous_29)
FNDA:0,(anonymous_30)
FNDA:0,(anonymous_31)
FNDA:0,(anonymous_32)
FNDA:0,(anonymous_33)
FNDA:0,(anonymous_34)
FNDA:0,(anonymous_35)
FNDA:0,(anonymous_36)
FNDA:0,(anonymous_37)
FNDA:0,(anonymous_38)
FNDA:0,(anonymous_39)
FNDA:0,(anonymous_40)
FNDA:0,(anonymous_41)
FNDA:0,(anonymous_42)
FNDA:0,(anonymous_43)
FNDA:0,(anonymous_44)
FNDA:0,(anonymous_45)
FNDA:0,(anonymous_46)
FNDA:0,(anonymous_47)
FNDA:0,(anonymous_48)
FNDA:0,(anonymous_49)
FNDA:0,(anonymous_50)
FNDA:0,(anonymous_51)
FNDA:0,(anonymous_52)
FNDA:0,(anonymous_53)
FNDA:0,(anonymous_54)
FNDA:0,(anonymous_55)
FNDA:0,(anonymous_56)
FNDA:0,(anonymous_57)
DA:139,0
DA:141,0
DA:143,0
DA:148,0
DA:150,0
DA:152,0
DA:153,0
DA:155,0
DA:156,0
DA:157,0
DA:158,0
DA:159,0
DA:162,0
DA:164,0
DA:166,0
DA:181,0
DA:183,0
DA:187,0
DA:190,0
DA:192,0
DA:194,0
DA:195,0
DA:197,0
DA:199,0
DA:202,0
DA:203,0
DA:205,0
DA:206,0
DA:209,0
DA:210,0
DA:211,0
DA:213,0
DA:216,0
DA:217,0
DA:220,0
DA:222,0
DA:224,0
DA:226,0
DA:231,0
DA:232,0
DA:235,0
DA:236,0
DA:238,0
DA:241,0
DA:242,0
DA:243,0
DA:246,0
DA:248,0
DA:254,0
LF:49
LH:0
BRDA:157,0,0,0
BRDA:157,0,1,0
BRDA:158,1,0,0
BRDA:158,1,1,0
BRDA:158,2,0,0
BRDA:158,2,1,0
BRDA:185,3,0,0
BRDA:185,3,1,0
BRDA:187,4,0,0
BRDA:187,4,1,0
BRDA:247,5,0,0
BRF:11
BRH:0
end_of_record
TN:
SF:src\services\apiClient.ts
FN:26,isSilentApiError
FN:28,(anonymous_1)
FN:31,formatClientErrorMessage
FN:61,setOnSessionExpired
FN:65,isAuthEndpoint
FN:74,refreshAccessToken
FN:103,unwrapEnvelope
FN:112,(anonymous_7)
FN:119,(anonymous_8)
FN:120,(anonymous_9)
FN:131,(anonymous_10)
FN:163,(anonymous_11)
FNF:12
FNH:0
FNDA:0,isSilentApiError
FNDA:0,(anonymous_1)
FNDA:0,formatClientErrorMessage
FNDA:0,setOnSessionExpired
FNDA:0,isAuthEndpoint
FNDA:0,refreshAccessToken
FNDA:0,unwrapEnvelope
FNDA:0,(anonymous_7)
FNDA:0,(anonymous_8)
FNDA:0,(anonymous_9)
FNDA:0,(anonymous_10)
FNDA:0,(anonymous_11)
DA:11,1
DA:12,1
DA:14,1
DA:15,0
DA:21,1
DA:27,0
DA:28,0
DA:34,0
DA:35,0
DA:37,0
DA:38,0
DA:39,0
DA:40,0
DA:42,0
DA:44,0
DA:47,0
DA:50,1
DA:58,1
DA:59,1
DA:62,0
DA:66,0
DA:67,0
DA:75,0
DA:76,0
DA:77,0
DA:78,0
DA:79,0
DA:80,0
DA:83,0
DA:84,0
DA:89,0
DA:90,0
DA:91,0
DA:92,0
DA:93,0
DA:95,0
DA:96,0
DA:97,0
DA:98,0
DA:99,0
DA:104,0
DA:105,0
DA:106,0
DA:108,0
DA:111,1
DA:112,1
DA:113,0
DA:114,0
DA:118,1
DA:119,0
DA:121,0
DA:123,0
DA:129,0
DA:130,0
DA:131,0
DA:132,0
DA:135,0
DA:136,0
DA:137,0
DA:138,0
DA:139,0
DA:140,0
DA:144,0
DA:146,0
DA:150,0
DA:151,0
DA:155,0
DA:156,0
DA:157,0
DA:159,0
DA:163,1
DA:164,0
DA:165,0
DA:167,0
LF:74
LH:11
BRDA:12,0,0,1
BRDA:12,0,1,1
BRDA:12,1,0,1
BRDA:12,1,1,0
BRDA:14,2,0,0
BRDA:14,2,1,1
BRDA:27,3,0,0
BRDA:27,3,1,0
BRDA:34,4,0,0
BRDA:34,4,1,0
BRDA:35,5,0,0
BRDA:35,5,1,0
BRDA:37,6,0,0
BRDA:37,6,1,0
BRDA:38,7,0,0
BRDA:38,7,1,0
BRDA:38,8,0,0
BRDA:38,8,1,0
BRDA:39,9,0,0
BRDA:39,9,1,0
BRDA:39,10,0,0
BRDA:39,10,1,0
BRDA:44,11,0,0
BRDA:44,11,1,0
BRDA:44,11,2,0
BRDA:47,12,0,0
BRDA:47,12,1,0
BRDA:47,12,2,0
BRDA:66,13,0,0
BRDA:66,13,1,0
BRDA:68,14,0,0
BRDA:68,14,1,0
BRDA:68,14,2,0
BRDA:76,15,0,0
BRDA:76,15,1,0
BRDA:90,16,0,0
BRDA:90,16,1,0
BRDA:105,17,0,0
BRDA:105,17,1,0
BRDA:105,18,0,0
BRDA:105,18,1,0
BRDA:105,18,2,0
BRDA:105,18,3,0
BRDA:111,19,0,1
BRDA:111,19,1,0
BRDA:123,20,0,0
BRDA:123,20,1,0
BRDA:124,21,0,0
BRDA:124,21,1,0
BRDA:124,21,2,0
BRDA:124,21,3,0
BRDA:130,22,0,0
BRDA:130,22,1,0
BRDA:136,23,0,0
BRDA:136,23,1,0
BRDA:137,24,0,0
BRDA:137,24,1,0
BRDA:146,25,0,0
BRDA:146,25,1,0
BRDA:150,26,0,0
BRDA:150,26,1,0
BRDA:156,27,0,0
BRDA:156,27,1,0
BRDA:164,28,0,0
BRDA:164,28,1,0
BRF:65
BRH:5
end_of_record
TN:
SF:src\services\apiRetry.ts
FN:7,withRetry
FN:19,(anonymous_1)
FNF:2
FNH:0
FNDA:0,withRetry
FNDA:0,(anonymous_1)
DA:13,0
DA:14,0
DA:15,0
DA:17,0
DA:18,0
DA:19,0
DA:23,0
LF:7
LH:0
BRDA:9,0,0,0
BRDA:10,1,0,0
BRDA:18,2,0,0
BRDA:18,2,1,0
BRF:4
BRH:0
end_of_record
TN:
SF:src\services\appError.ts
FN:16,(anonymous_0)
FN:29,(anonymous_1)
FN:36,(anonymous_2)
FN:43,(anonymous_3)
FN:49,toAppError
FN:55,telemetryContext
FNF:6
FNH:0
FNDA:0,(anonymous_0)
FNDA:0,(anonymous_1)
FNDA:0,(anonymous_2)
FNDA:0,(anonymous_3)
FNDA:0,toAppError
FNDA:0,telemetryContext
DA:21,0
DA:22,0
DA:23,0
DA:24,0
DA:30,0
DA:31,0
DA:37,0
DA:38,0
DA:44,0
DA:45,0
DA:50,0
DA:51,0
DA:52,0
DA:56,0
LF:14
LH:0
BRDA:18,0,0,0
BRDA:49,1,0,0
BRDA:50,2,0,0
BRDA:50,2,1,0
BRDA:51,3,0,0
BRDA:51,3,1,0
BRF:6
BRH:0
end_of_record
TN:
SF:src\services\authSession.ts
FN:9,persistSession
FN:14,clearSession
FN:19,restoreSessionFromStorage
FN:26,loginAndLoadProfile
FN:36,registerAndLogin
FN:45,loadProfileAfterOAuth
FNF:6
FNH:0
FNDA:0,persistSession
FNDA:0,clearSession
FNDA:0,restoreSessionFromStorage
FNDA:0,loginAndLoadProfile
FNDA:0,registerAndLogin
FNDA:0,loadProfileAfterOAuth
DA:10,0
DA:11,0
DA:15,0
DA:16,0
DA:20,0
DA:21,0
DA:22,0
DA:23,0
DA:30,0
DA:31,0
DA:32,0
DA:33,0
DA:41,0
DA:42,0
DA:49,0
DA:50,0
DA:51,0
LF:17
LH:0
BRDA:10,0,0,0
BRDA:10,0,1,0
BRDA:21,1,0,0
BRDA:21,1,1,0
BRDA:31,2,0,0
BRDA:31,2,1,0
BRF:6
BRH:0
end_of_record
TN:
SF:src\services\authTokenStorage.ts
FN:22,ensureAvailability
FN:32,getLegacyMmkv
FN:42,migrateFromLegacyMmkv
FN:71,secureGet
FN:77,secureSet
FN:86,secureDelete
FN:96,(anonymous_6)
FN:101,(anonymous_7)
FN:106,(anonymous_8)
FN:115,(anonymous_9)
FN:124,(anonymous_10)
FNF:11
FNH:11
FNDA:16,ensureAvailability
FNDA:4,getLegacyMmkv
FNDA:6,migrateFromLegacyMmkv
FNDA:6,secureGet
FNDA:8,secureSet
FNDA:2,secureDelete
FNDA:3,(anonymous_6)
FNDA:3,(anonymous_7)
FNDA:4,(anonymous_8)
FNDA:1,(anonymous_9)
FNDA:3,(anonymous_10)
DA:9,3
DA:10,3
DA:11,3
DA:12,3
DA:15,3
DA:18,3
DA:20,3
DA:23,16
DA:24,0
DA:25,0
DA:26,0
DA:28,0
DA:33,4
DA:34,2
DA:35,2
DA:37,0
DA:39,2
DA:43,6
DA:44,3
DA:46,3
DA:47,3
DA:49,3
DA:50,3
DA:52,0
DA:53,0
DA:57,0
DA:58,0
DA:59,0
DA:60,0
DA:61,0
DA:63,0
DA:67,0
DA:68,0
DA:72,6
DA:73,6
DA:74,0
DA:78,8
DA:79,8
DA:80,8
DA:81,8
DA:83,0
DA:87,2
DA:88,2
DA:89,2
DA:90,2
DA:92,0
DA:95,3
DA:97,3
DA:98,3
DA:102,3
DA:103,3
DA:107,4
DA:108,4
DA:109,4
DA:111,0
DA:116,1
DA:117,1
DA:118,1
DA:119,1
DA:120,1
DA:125,3
DA:126,3
DA:127,3
LF:63
LH:44
BRDA:23,0,0,16
BRDA:23,0,1,0
BRDA:33,1,0,2
BRDA:33,1,1,2
BRDA:43,2,0,3
BRDA:43,2,1,3
BRDA:47,3,0,0
BRDA:47,3,1,3
BRDA:50,4,0,3
BRDA:50,4,1,0
BRDA:53,5,0,0
BRDA:53,5,1,0
BRDA:57,6,0,0
BRDA:57,6,1,0
BRDA:60,7,0,0
BRDA:60,7,1,0
BRDA:73,8,0,6
BRDA:73,8,1,0
BRDA:73,9,0,6
BRDA:73,9,1,2
BRDA:79,10,0,8
BRDA:79,10,1,0
BRDA:88,11,0,2
BRDA:88,11,1,0
BRDA:108,12,0,4
BRDA:108,12,1,0
BRF:26
BRH:13
end_of_record
TN:
SF:src\services\gpsLocalExport.ts
FN:9,buildGpx11
FN:16,(anonymous_1)
FN:26,(anonymous_2)
FN:54,buildGeoJsonLineString
FN:55,(anonymous_4)
FN:56,(anonymous_5)
FN:72,escapeXml
FN:86,saveLocalRideSnapshot
FNF:8
FNH:7
FNDA:2,buildGpx11
FNDA:1,(anonymous_1)
FNDA:2,(anonymous_2)
FNDA:1,buildGeoJsonLineString
FNDA:1,(anonymous_4)
FNDA:2,(anonymous_5)
FNDA:3,escapeXml
FNDA:0,saveLocalRideSnapshot
DA:13,2
DA:14,1
DA:16,1
DA:17,1
DA:18,1
DA:19,0
DA:21,1
DA:22,1
DA:23,1
DA:25,1
DA:27,2
DA:29,2
DA:32,2
DA:38,1
DA:55,1
DA:56,2
DA:57,1
DA:73,3
DA:90,0
DA:91,0
DA:92,0
DA:93,0
DA:94,0
DA:95,0
DA:96,0
DA:97,0
DA:99,0
DA:100,0
DA:101,0
DA:103,0
DA:105,0
DA:106,0
LF:32
LH:17
BRDA:13,0,0,1
BRDA:13,0,1,1
BRDA:18,1,0,0
BRDA:18,1,1,1
BRDA:21,2,0,1
BRDA:21,2,1,0
BRDA:22,3,0,1
BRDA:22,3,1,1
BRDA:29,4,0,2
BRDA:29,4,1,0
BRDA:29,5,0,2
BRDA:29,5,1,2
BRDA:56,6,0,2
BRDA:56,6,1,0
BRDA:61,7,0,1
BRDA:61,7,1,0
BRDA:90,8,0,0
BRDA:90,8,1,0
BRF:18
BRH:11
end_of_record
TN:
SF:src\services\gpsQualityFilter.ts
FN:36,createGpsFilterState
FN:45,haversineM
FN:75,evaluateGpsPoint
FN:134,acceptGpsPoint
FNF:4
FNH:4
FNDA:4,createGpsFilterState
FNDA:2,haversineM
FNDA:7,evaluateGpsPoint
FNDA:3,acceptGpsPoint
DA:18,1
DA:37,4
DA:51,2
DA:52,2
DA:53,2
DA:55,2
DA:59,2
DA:80,7
DA:81,7
DA:82,1
DA:83,1
DA:86,6
DA:87,3
DA:90,3
DA:91,3
DA:92,0
DA:93,0
DA:95,3
DA:96,1
DA:97,1
DA:100,2
DA:101,2
DA:102,1
DA:105,2
DA:106,2
DA:107,2
DA:108,1
DA:109,1
DA:111,1
DA:116,0
DA:117,0
DA:121,1
DA:122,1
DA:127,0
DA:128,0
DA:131,1
DA:139,3
DA:140,3
DA:141,3
DA:142,3
DA:143,3
DA:144,3
LF:42
LH:36
BRDA:78,0,0,5
BRDA:81,1,0,1
BRDA:81,1,1,6
BRDA:86,2,0,3
BRDA:86,2,1,3
BRDA:91,3,0,0
BRDA:91,3,1,3
BRDA:95,4,0,1
BRDA:95,4,1,2
BRDA:101,5,0,1
BRDA:101,5,1,1
BRDA:105,6,0,2
BRDA:105,6,1,0
BRDA:107,7,0,1
BRDA:107,7,1,1
BRDA:111,8,0,0
BRDA:111,8,1,1
BRDA:112,9,0,1
BRDA:112,9,1,0
BRDA:112,9,2,0
BRDA:121,10,0,1
BRDA:121,10,1,0
BRDA:122,11,0,0
BRDA:122,11,1,1
BRDA:123,12,0,1
BRDA:123,12,1,0
BRDA:123,12,2,0
BRDA:140,13,0,0
BRDA:140,13,1,3
BRDA:143,14,0,3
BRDA:143,14,1,0
BRF:31
BRH:20
end_of_record
TN:
SF:src\services\gpsSyncStorage.ts
FN:95,parseJson
FN:104,migratePoint
FN:117,ensureBufferSchema
FN:127,(anonymous_3)
FN:130,(anonymous_4)
FN:133,(anonymous_5)
FN:140,loadBuffer
FN:149,saveBuffer
FN:168,appendToBuffer
FN:174,clearBuffer
FN:179,removePointsFromBuffer
FN:185,(anonymous_11)
FN:188,(anonymous_12)
FN:197,loadOutbox
FN:201,saveOutbox
FN:205,appendToOutbox
FN:218,updateOutboxEntry
FN:225,(anonymous_17)
FN:231,nextPointSeq
FN:247,buildGpsPoint
FN:258,getIngestPauseUntil
FN:265,setIngestPauseUntil
FN:273,isIngestPaused
FN:277,removeOutboxEntry
FN:283,(anonymous_24)
FN:287,pendingPointCount
FN:288,(anonymous_26)
FN:291,loadTrackingState
FN:297,buildRouteCoordinates
FN:298,(anonymous_29)
FN:301,mergeRouteCoordinates
FN:319,createClientBatchId
FN:320,(anonymous_32)
FN:327,loadPendingSession
FN:334,savePendingSession
FN:341,clearPendingSession
FN:345,isRecoveryPending
FN:349,setRecoveryPending
FNF:38
FNH:17
FNDA:32,parseJson
FNDA:0,migratePoint
FNDA:0,ensureBufferSchema
FNDA:0,(anonymous_3)
FNDA:0,(anonymous_4)
FNDA:0,(anonymous_5)
FNDA:10,loadBuffer
FNDA:6,saveBuffer
FNDA:5,appendToBuffer
FNDA:0,clearBuffer
FNDA:0,removePointsFromBuffer
FNDA:0,(anonymous_11)
FNDA:0,(anonymous_12)
FNDA:9,loadOutbox
FNDA:4,saveOutbox
FNDA:3,appendToOutbox
FNDA:0,updateOutboxEntry
FNDA:0,(anonymous_17)
FNDA:0,nextPointSeq
FNDA:0,buildGpsPoint
FNDA:0,getIngestPauseUntil
FNDA:0,setIngestPauseUntil
FNDA:0,isIngestPaused
FNDA:1,removeOutboxEntry
FNDA:1,(anonymous_24)
FNDA:3,pendingPointCount
FNDA:2,(anonymous_26)
FNDA:3,loadTrackingState
FNDA:0,buildRouteCoordinates
FNDA:0,(anonymous_29)
FNDA:1,mergeRouteCoordinates
FNDA:1,createClientBatchId
FNDA:31,(anonymous_32)
FNDA:0,loadPendingSession
FNDA:0,savePendingSession
FNDA:0,clearPendingSession
FNDA:4,isRecoveryPending
FNDA:3,setRecoveryPending
DA:5,3
DA:7,3
DA:23,3
DA:24,3
DA:25,3
DA:96,32
DA:97,15
DA:98,15
DA:100,0
DA:105,0
DA:106,0
DA:107,0
DA:108,0
DA:118,0
DA:122,0
DA:124,0
DA:125,0
DA:126,0
DA:127,0
DA:128,0
DA:130,0
DA:133,0
DA:135,0
DA:137,0
DA:141,10
DA:142,10
DA:146,10
DA:150,6
DA:151,5
DA:152,5
DA:153,5
DA:155,1
DA:156,1
DA:157,1
DA:158,1
DA:159,1
DA:161,1
DA:162,1
DA:169,5
DA:170,5
DA:171,5
DA:175,0
DA:176,0
DA:183,0
DA:184,0
DA:185,0
DA:187,0
DA:188,0
DA:190,0
DA:191,0
DA:193,0
DA:198,9
DA:202,4
DA:209,3
DA:210,3
DA:215,3
DA:223,0
DA:226,0
DA:232,0
DA:233,0
DA:234,0
DA:236,0
DA:237,0
DA:238,0
DA:239,0
DA:240,0
DA:244,0
DA:251,0
DA:259,0
DA:260,0
DA:261,0
DA:262,0
DA:266,0
DA:267,0
DA:269,0
DA:274,0
DA:281,1
DA:283,1
DA:288,3
DA:292,3
DA:293,3
DA:294,3
DA:298,0
DA:305,1
DA:306,1
DA:307,1
DA:308,1
DA:309,1
DA:311,1
DA:315,1
DA:316,1
DA:320,1
DA:321,31
DA:322,31
DA:323,31
DA:328,0
DA:338,0
DA:342,0
DA:346,4
DA:350,3
DA:351,2
DA:353,1
LF:102
LH:52
BRDA:96,0,0,17
BRDA:96,0,1,15
BRDA:105,1,0,0
BRDA:105,1,1,0
BRDA:105,2,0,0
BRDA:105,2,1,0
BRDA:107,3,0,0
BRDA:107,3,1,0
BRDA:112,4,0,0
BRDA:112,4,1,0
BRDA:113,5,0,0
BRDA:113,5,1,0
BRDA:119,6,0,0
BRDA:119,6,1,0
BRDA:122,7,0,0
BRDA:122,7,1,0
BRDA:125,8,0,0
BRDA:125,8,1,0
BRDA:128,9,0,0
BRDA:128,9,1,0
BRDA:132,10,0,0
BRDA:132,10,1,0
BRDA:133,11,0,0
BRDA:133,11,1,0
BRDA:135,12,0,0
BRDA:135,12,1,0
BRDA:150,13,0,5
BRDA:150,13,1,1
BRDA:183,14,0,0
BRDA:183,14,1,0
BRDA:190,15,0,0
BRDA:190,15,1,0
BRDA:212,16,0,3
BRDA:212,16,1,0
BRDA:213,17,0,3
BRDA:213,17,1,3
BRDA:226,18,0,0
BRDA:226,18,1,0
BRDA:234,19,0,0
BRDA:234,19,1,0
BRDA:234,20,0,0
BRDA:234,20,1,0
BRDA:237,21,0,0
BRDA:237,21,1,0
BRDA:238,22,0,0
BRDA:238,22,1,0
BRDA:240,23,0,0
BRDA:240,23,1,0
BRDA:254,24,0,0
BRDA:254,24,1,0
BRDA:260,25,0,0
BRDA:260,25,1,0
BRDA:262,26,0,0
BRDA:262,26,1,0
BRDA:266,27,0,0
BRDA:266,27,1,0
BRDA:293,28,0,0
BRDA:293,28,1,3
BRDA:305,29,0,0
BRDA:305,29,1,1
BRDA:306,30,0,0
BRDA:306,30,1,1
BRDA:311,31,0,1
BRDA:311,31,1,1
BRDA:311,31,2,1
BRDA:311,31,3,1
BRDA:315,32,0,1
BRDA:315,32,1,0
BRDA:322,33,0,30
BRDA:322,33,1,1
BRDA:350,34,0,2
BRDA:350,34,1,1
BRF:72
BRH:19
end_of_record
TN:
SF:src\services\gpsSyncUpload.ts
FN:43,__setGpsStorageForTests
FN:48,getGpsStorage
FN:56,(anonymous_2)
FN:57,(anonymous_3)
FN:58,(anonymous_4)
FN:72,parseIngestAck
FN:98,applyGlobalIngestPause
FN:114,isGlobalIngestPaused
FN:120,getLastAckAt
FN:124,getGpsSyncStatus
FN:139,postTelemetryBatch
FN:151,(anonymous_11)
FN:158,(anonymous_12)
FN:168,(anonymous_13)
FN:174,uploadPointsWithRetryInner
FN:199,(anonymous_15)
FN:207,uploadPointsWithRetry
FN:227,(anonymous_17)
FN:237,flushOutboxEntry
FN:260,processGpsOutbox
FN:261,(anonymous_20)
FN:266,(anonymous_21)
FN:274,uploadBufferSnapshot
FN:285,(anonymous_23)
FN:318,flushGpsUploadQueues
FNF:25
FNH:0
FNDA:0,__setGpsStorageForTests
FNDA:0,getGpsStorage
FNDA:0,(anonymous_2)
FNDA:0,(anonymous_3)
FNDA:0,(anonymous_4)
FNDA:0,parseIngestAck
FNDA:0,applyGlobalIngestPause
FNDA:0,isGlobalIngestPaused
FNDA:0,getLastAckAt
FNDA:0,getGpsSyncStatus
FNDA:0,postTelemetryBatch
FNDA:0,(anonymous_11)
FNDA:0,(anonymous_12)
FNDA:0,(anonymous_13)
FNDA:0,uploadPointsWithRetryInner
FNDA:0,(anonymous_15)
FNDA:0,uploadPointsWithRetry
FNDA:0,(anonymous_17)
FNDA:0,flushOutboxEntry
FNDA:0,processGpsOutbox
FNDA:0,(anonymous_20)
FNDA:0,(anonymous_21)
FNDA:0,uploadBufferSnapshot
FNDA:0,(anonymous_23)
FNDA:0,flushGpsUploadQueues
DA:33,0
DA:35,0
DA:36,0
DA:37,0
DA:39,0
DA:40,0
DA:44,0
DA:45,0
DA:49,0
DA:50,0
DA:51,0
DA:52,0
DA:54,0
DA:55,0
DA:56,0
DA:62,0
DA:73,0
DA:74,0
DA:76,0
DA:77,0
DA:78,0
DA:80,0
DA:82,0
DA:83,0
DA:89,0
DA:90,0
DA:92,0
DA:93,0
DA:95,0
DA:99,0
DA:100,0
DA:102,0
DA:107,0
DA:108,0
DA:109,0
DA:110,0
DA:111,0
DA:115,0
DA:116,0
DA:117,0
DA:121,0
DA:130,0
DA:131,0
DA:143,0
DA:144,0
DA:145,0
DA:147,0
DA:149,0
DA:150,0
DA:151,0
DA:154,0
DA:155,0
DA:156,0
DA:158,0
DA:159,0
DA:168,0
DA:171,0
DA:179,0
DA:180,0
DA:181,0
DA:182,0
DA:183,0
DA:184,0
DA:186,0
DA:188,0
DA:189,0
DA:190,0
DA:191,0
DA:192,0
DA:193,0
DA:196,0
DA:197,0
DA:198,0
DA:199,0
DA:200,0
DA:202,0
DA:203,0
DA:212,0
DA:213,0
DA:214,0
DA:217,0
DA:218,0
DA:219,0
DA:220,0
DA:221,0
DA:222,0
DA:226,0
DA:227,0
DA:228,0
DA:229,0
DA:231,0
DA:234,0
DA:238,0
DA:239,0
DA:240,0
DA:241,0
DA:242,0
DA:244,0
DA:246,0
DA:247,0
DA:248,0
DA:249,0
DA:250,0
DA:251,0
DA:253,0
DA:257,0
DA:261,0
DA:262,0
DA:263,0
DA:264,0
DA:265,0
DA:266,0
DA:268,0
DA:269,0
DA:275,0
DA:276,0
DA:277,0
DA:278,0
DA:279,0
DA:280,0
DA:282,0
DA:283,0
DA:284,0
DA:285,0
DA:289,0
DA:299,0
DA:301,0
DA:302,0
DA:303,0
DA:304,0
DA:307,0
DA:311,0
DA:312,0
DA:319,0
DA:320,0
LF:135
LH:0
BRDA:49,0,0,0
BRDA:49,0,1,0
BRDA:50,1,0,0
BRDA:50,1,1,0
BRDA:73,2,0,0
BRDA:73,2,1,0
BRDA:73,3,0,0
BRDA:73,3,1,0
BRDA:77,4,0,0
BRDA:77,4,1,0
BRDA:80,5,0,0
BRDA:80,5,1,0
BRDA:82,6,0,0
BRDA:82,6,1,0
BRDA:90,7,0,0
BRDA:90,7,1,0
BRDA:90,8,0,0
BRDA:90,8,1,0
BRDA:92,9,0,0
BRDA:92,9,1,0
BRDA:99,10,0,0
BRDA:99,10,1,0
BRDA:100,11,0,0
BRDA:100,11,1,0
BRDA:102,12,0,0
BRDA:102,12,1,0
BRDA:104,13,0,0
BRDA:104,13,1,0
BRDA:107,14,0,0
BRDA:107,14,1,0
BRDA:107,15,0,0
BRDA:107,15,1,0
BRDA:111,16,0,0
BRDA:111,16,1,0
BRDA:115,17,0,0
BRDA:115,17,1,0
BRDA:117,18,0,0
BRDA:117,18,1,0
BRDA:132,19,0,0
BRDA:132,19,1,0
BRDA:134,20,0,0
BRDA:134,20,1,0
BRDA:143,21,0,0
BRDA:143,21,1,0
BRDA:144,22,0,0
BRDA:144,22,1,0
BRDA:149,23,0,0
BRDA:149,23,1,0
BRDA:151,24,0,0
BRDA:151,24,1,0
BRDA:154,25,0,0
BRDA:154,25,1,0
BRDA:155,26,0,0
BRDA:155,26,1,0
BRDA:156,27,0,0
BRDA:156,27,1,0
BRDA:165,28,0,0
BRDA:165,28,1,0
BRDA:168,29,0,0
BRDA:168,29,1,0
BRDA:177,30,0,0
BRDA:179,31,0,0
BRDA:179,31,1,0
BRDA:182,32,0,0
BRDA:182,32,1,0
BRDA:188,33,0,0
BRDA:188,33,1,0
BRDA:191,34,0,0
BRDA:191,34,1,0
BRDA:191,35,0,0
BRDA:191,35,1,0
BRDA:196,36,0,0
BRDA:196,36,1,0
BRDA:210,37,0,0
BRDA:212,38,0,0
BRDA:212,38,1,0
BRDA:213,39,0,0
BRDA:213,39,1,0
BRDA:218,40,0,0
BRDA:218,40,1,0
BRDA:220,41,0,0
BRDA:220,41,1,0
BRDA:222,42,0,0
BRDA:222,42,1,0
BRDA:239,43,0,0
BRDA:239,43,1,0
BRDA:240,44,0,0
BRDA:240,44,1,0
BRDA:244,45,0,0
BRDA:244,45,1,0
BRDA:248,46,0,0
BRDA:248,46,1,0
BRDA:263,47,0,0
BRDA:263,47,1,0
BRDA:266,48,0,0
BRDA:266,48,1,0
BRDA:276,49,0,0
BRDA:276,49,1,0
BRDA:279,50,0,0
BRDA:279,50,1,0
BRDA:280,51,0,0
BRDA:280,51,1,0
BRDA:283,52,0,0
BRDA:283,52,1,0
BRDA:285,53,0,0
BRDA:285,53,1,0
BRDA:297,54,0,0
BRDA:297,54,1,0
BRDA:302,55,0,0
BRDA:302,55,1,0
BRDA:311,56,0,0
BRDA:311,56,1,0
BRF:112
BRH:0
end_of_record
TN:
SF:src\services\gpsTelemetryUrl.ts
FNF:0
FNH:0
DA:4,0
LF:1
LH:0
BRDA:4,0,0,0
BRDA:4,0,1,0
BRDA:5,1,0,0
BRDA:5,1,1,0
BRF:4
BRH:0
end_of_record
TN:
SF:src\services\gpsWsIngest.ts
FN:17,parseWsAck
FN:34,telemetryWsUrl
FN:40,authHeader
FN:56,postTelemetryBatchViaWs
FN:62,(anonymous_4)
FN:64,(anonymous_5)
FN:78,(anonymous_6)
FN:80,(anonymous_7)
FN:87,(anonymous_8)
FN:114,(anonymous_9)
FN:119,(anonymous_10)
FNF:11
FNH:0
FNDA:0,parseWsAck
FNDA:0,telemetryWsUrl
FNDA:0,authHeader
FNDA:0,postTelemetryBatchViaWs
FNDA:0,(anonymous_4)
FNDA:0,(anonymous_5)
FNDA:0,(anonymous_6)
FNDA:0,(anonymous_7)
FNDA:0,(anonymous_8)
FNDA:0,(anonymous_9)
FNDA:0,(anonymous_10)
DA:18,0
DA:19,0
DA:20,0
DA:21,0
DA:27,0
DA:31,0
DA:35,0
DA:36,0
DA:37,0
DA:41,0
DA:42,0
DA:60,0
DA:62,0
DA:63,0
DA:64,0
DA:65,0
DA:66,0
DA:67,0
DA:68,0
DA:72,0
DA:75,0
DA:76,0
DA:77,0
DA:78,0
DA:80,0
DA:81,0
DA:82,0
DA:84,0
DA:87,0
DA:89,0
DA:90,0
DA:92,0
DA:94,0
DA:95,0
DA:96,0
DA:97,0
DA:98,0
DA:100,0
DA:101,0
DA:102,0
DA:110,0
DA:114,0
DA:115,0
DA:116,0
DA:119,0
DA:120,0
DA:121,0
LF:47
LH:0
BRDA:18,0,0,0
BRDA:18,0,1,0
BRDA:18,1,0,0
BRDA:18,1,1,0
BRDA:20,2,0,0
BRDA:20,2,1,0
BRDA:23,3,0,0
BRDA:23,3,1,0
BRDA:31,4,0,0
BRDA:31,4,1,0
BRDA:42,5,0,0
BRDA:42,5,1,0
BRDA:60,6,0,0
BRDA:60,6,1,0
BRDA:60,7,0,0
BRDA:60,7,1,0
BRDA:65,8,0,0
BRDA:65,8,1,0
BRDA:81,9,0,0
BRDA:81,9,1,0
BRDA:94,10,0,0
BRDA:94,10,1,0
BRDA:94,11,0,0
BRDA:94,11,1,0
BRDA:95,12,0,0
BRDA:95,12,1,0
BRDA:100,13,0,0
BRDA:100,13,1,0
BRDA:105,14,0,0
BRDA:105,14,1,0
BRDA:121,15,0,0
BRDA:121,15,1,0
BRF:32
BRH:0
end_of_record
TN:
SF:src\services\mmkvSupport.ts
FN:6,isMmkvFallbackActive
FN:10,warnMmkvUnavailable
FNF:2
FNH:0
FNDA:0,isMmkvFallbackActive
FNDA:0,warnMmkvUnavailable
DA:2,2
DA:3,2
DA:7,0
DA:11,0
DA:12,0
DA:13,0
DA:14,0
DA:15,0
LF:8
LH:2
BRDA:12,0,0,0
BRDA:12,0,1,0
BRDA:14,1,0,0
BRDA:14,1,1,0
BRF:4
BRH:0
end_of_record
TN:
SF:src\services\performanceBudget.ts
FN:23,recordPerformanceMetric
FN:50,measureAsync
FN:62,measureSync
FN:72,__resetPerfBudgetForTests
FNF:4
FNH:2
FNDA:3,recordPerformanceMetric
FNDA:0,measureAsync
FNDA:0,measureSync
FNDA:3,__resetPerfBudgetForTests
DA:7,1
DA:20,1
DA:21,1
DA:27,3
DA:28,3
DA:29,3
DA:31,3
DA:32,1
DA:33,1
DA:34,1
DA:35,1
DA:36,1
DA:41,1
DA:42,1
DA:47,3
DA:54,0
DA:55,0
DA:56,0
DA:58,0
DA:63,0
DA:64,0
DA:65,0
DA:67,0
DA:73,3
LF:24
LH:16
BRDA:29,0,0,2
BRDA:29,0,1,1
BRDA:31,1,0,1
BRDA:31,1,1,2
BRDA:33,2,0,1
BRDA:33,2,1,1
BRDA:34,3,0,1
BRDA:34,3,1,0
BRDA:41,4,0,1
BRDA:41,4,1,0
BRF:10
BRH:8
end_of_record
TN:
SF:src\services\rideSessionService.ts
FN:18,appStorage
FN:26,getOrCreateDeviceId
FN:35,getRideGpsManager
FN:44,startRideSession
FN:59,stopRideSession
FN:67,resumeActiveRideIfNeeded
FNF:6
FNH:5
FNDA:1,appStorage
FNDA:1,getOrCreateDeviceId
FNDA:3,getRideGpsManager
FNDA:2,startRideSession
FNDA:1,stopRideSession
FNDA:0,resumeActiveRideIfNeeded
DA:14,1
DA:16,1
DA:19,1
DA:20,1
DA:22,0
DA:27,1
DA:28,1
DA:29,1
DA:30,0
DA:31,0
DA:32,0
DA:36,3
DA:37,1
DA:38,2
DA:39,1
DA:41,3
DA:49,2
DA:54,2
DA:55,2
DA:56,2
DA:62,1
DA:63,1
DA:70,0
DA:71,0
DA:72,0
DA:73,0
LF:26
LH:18
BRDA:29,0,0,1
BRDA:29,0,1,0
BRDA:36,1,0,1
BRDA:36,1,1,2
BRDA:38,2,0,1
BRDA:38,2,1,1
BRDA:50,3,0,2
BRDA:50,3,1,1
BRDA:70,4,0,0
BRDA:70,4,1,0
BRF:10
BRH:7
end_of_record
TN:
SF:src\services\sessionDurability.ts
FN:17,getStorage
FN:28,createSessionWithDurability
FNF:2
FNH:0
FNDA:0,getStorage
FNDA:0,createSessionWithDurability
DA:15,1
DA:18,0
DA:19,0
DA:20,0
DA:22,0
DA:25,0
DA:31,0
DA:32,0
DA:36,0
DA:38,0
DA:39,0
DA:40,0
DA:41,0
DA:42,0
DA:43,0
DA:45,0
DA:46,0
DA:52,0
LF:18
LH:1
BRDA:18,0,0,0
BRDA:18,0,1,0
BRDA:36,1,0,0
BRDA:36,1,1,0
BRDA:41,2,0,0
BRDA:41,2,1,0
BRDA:42,3,0,0
BRDA:42,3,1,0
BRDA:45,4,0,0
BRDA:45,4,1,0
BRF:10
BRH:0
end_of_record
TN:
SF:src\services\socialAuth.ts
FN:14,(anonymous_0)
FN:16,(anonymous_1)
FN:19,(anonymous_2)
FNF:3
FNH:2
FNDA:2,(anonymous_0)
FNDA:2,(anonymous_1)
FNDA:0,(anonymous_2)
DA:4,2
DA:5,2
DA:7,2
DA:8,1
DA:13,2
DA:15,2
DA:17,2
DA:20,0
DA:21,0
DA:22,0
DA:23,0
DA:25,0
DA:26,0
DA:27,0
DA:28,0
DA:29,0
DA:31,0
DA:33,0
LF:18
LH:7
BRDA:5,0,0,2
BRDA:5,0,1,2
BRDA:5,1,0,1
BRDA:5,1,1,1
BRDA:7,2,0,1
BRDA:7,2,1,1
BRDA:15,3,0,1
BRDA:15,3,1,1
BRDA:17,4,0,1
BRDA:17,4,1,1
BRDA:21,5,0,0
BRDA:21,5,1,0
BRDA:22,6,0,0
BRDA:22,6,1,0
BRDA:27,7,0,0
BRDA:27,7,1,0
BRDA:27,8,0,0
BRDA:27,8,1,0
BRDA:28,9,0,0
BRDA:28,9,1,0
BRF:20
BRH:10
end_of_record
